=========================================================================================
 RIZONESOFT LOGGING VERSION 2.0
=========================================================================================


                                            ./
                                          (o o)
--------------------------------------oOOo-(-)-oOOo--------------------------------------

[ 10/08/2023 00:01:55 ] DATE:                        10/08/2023 00:01:55
[ 10/08/2023 00:01:55 ] PROGRAM:                     Pixel Repair 11.1.2.969
[ 10/08/2023 00:01:55 ] PROGRAM PATH:                [Z:\Resolute\Resolute\PixRepair_X64.exe]
[ 10/08/2023 00:01:55 ] COMPILED:                    YES
[ 10/08/2023 00:01:55 ] WINDOWS VERSION:             WIN_10 
[ 10/08/2023 00:01:55 ] SYSTEM TYPE:                 64-Bit Operating System
[ 10/08/2023 00:01:55 ] MEMORY (RAM):                32601.73 MB
[ 10/08/2023 00:01:55 ] PROGRAM FILES DIRECTORY:     C:\Program Files
[ 10/08/2023 00:01:55 ] WINDOWS DIRECTORY:           C:\WINDOWS
-----------------------------------------------------------------------------------------



                                            ./
                                          (o o)
--------------------------------------oOOo-(-)-oOOo--------------------------------------

[ 10/08/2023 00:02:55 ] DATE:                        10/08/2023 00:02:55
[ 10/08/2023 00:02:55 ] PROGRAM:                     Pixel Repair 11.1.2.970
[ 10/08/2023 00:02:55 ] PROGRAM PATH:                [Z:\Resolute\Resolute\PixRepair_X64.exe]
[ 10/08/2023 00:02:55 ] COMPILED:                    YES
[ 10/08/2023 00:02:55 ] WINDOWS VERSION:             WIN_10 
[ 10/08/2023 00:02:55 ] SYSTEM TYPE:                 64-Bit Operating System
[ 10/08/2023 00:02:55 ] MEMORY (RAM):                32601.73 MB
[ 10/08/2023 00:02:55 ] PROGRAM FILES DIRECTORY:     C:\Program Files
[ 10/08/2023 00:02:55 ] WINDOWS DIRECTORY:           C:\WINDOWS
-----------------------------------------------------------------------------------------



                                            ./
                                          (o o)
--------------------------------------oOOo-(-)-oOOo--------------------------------------

[ 10/08/2023 00:09:56 ] DATE:                        10/08/2023 00:09:56
[ 10/08/2023 00:09:56 ] PROGRAM:                     Pixel Repair 11.1.2.971
[ 10/08/2023 00:09:56 ] PROGRAM PATH:                [Z:\Resolute\Resolute\PixRepair_X64.exe]
[ 10/08/2023 00:09:56 ] COMPILED:                    YES
[ 10/08/2023 00:09:56 ] WINDOWS VERSION:             WIN_10 
[ 10/08/2023 00:09:56 ] SYSTEM TYPE:                 64-Bit Operating System
[ 10/08/2023 00:09:56 ] MEMORY (RAM):                32601.73 MB
[ 10/08/2023 00:09:56 ] PROGRAM FILES DIRECTORY:     C:\Program Files
[ 10/08/2023 00:09:56 ] WINDOWS DIRECTORY:           C:\WINDOWS
-----------------------------------------------------------------------------------------



                                            ./
                                          (o o)
--------------------------------------oOOo-(-)-oOOo--------------------------------------

[ 10/08/2023 00:15:04 ] DATE:                        10/08/2023 00:15:04
[ 10/08/2023 00:15:04 ] PROGRAM:                     Pixel Repair 11.1.2.972
[ 10/08/2023 00:15:04 ] PROGRAM PATH:                [Z:\Resolute\Resolute\PixRepair_X64.exe]
[ 10/08/2023 00:15:04 ] COMPILED:                    YES
[ 10/08/2023 00:15:04 ] WINDOWS VERSION:             WIN_10 
[ 10/08/2023 00:15:04 ] SYSTEM TYPE:                 64-Bit Operating System
[ 10/08/2023 00:15:04 ] MEMORY (RAM):                32601.73 MB
[ 10/08/2023 00:15:04 ] PROGRAM FILES DIRECTORY:     C:\Program Files
[ 10/08/2023 00:15:04 ] WINDOWS DIRECTORY:           C:\WINDOWS
-----------------------------------------------------------------------------------------



                                            ./
                                          (o o)
--------------------------------------oOOo-(-)-oOOo--------------------------------------

[ 10/08/2023 00:20:01 ] DATE:                        10/08/2023 00:20:01
[ 10/08/2023 00:20:01 ] PROGRAM:                     Pixel Repair 11.1.2.973
[ 10/08/2023 00:20:01 ] PROGRAM PATH:                [Z:\Resolute\Resolute\PixRepair_X64.exe]
[ 10/08/2023 00:20:01 ] COMPILED:                    YES
[ 10/08/2023 00:20:01 ] WINDOWS VERSION:             WIN_10 
[ 10/08/2023 00:20:01 ] SYSTEM TYPE:                 64-Bit Operating System
[ 10/08/2023 00:20:01 ] MEMORY (RAM):                32601.73 MB
[ 10/08/2023 00:20:01 ] PROGRAM FILES DIRECTORY:     C:\Program Files
[ 10/08/2023 00:20:01 ] WINDOWS DIRECTORY:           C:\WINDOWS
-----------------------------------------------------------------------------------------



                                            ./
                                          (o o)
--------------------------------------oOOo-(-)-oOOo--------------------------------------

[ 10/08/2023 00:20:57 ] DATE:                        10/08/2023 00:20:57
[ 10/08/2023 00:20:57 ] PROGRAM:                     Pixel Repair 11.1.2.974
[ 10/08/2023 00:20:57 ] PROGRAM PATH:                [Z:\Resolute\Resolute\PixRepair_X64.exe]
[ 10/08/2023 00:20:57 ] COMPILED:                    YES
[ 10/08/2023 00:20:57 ] WINDOWS VERSION:             WIN_10 
[ 10/08/2023 00:20:57 ] SYSTEM TYPE:                 64-Bit Operating System
[ 10/08/2023 00:20:57 ] MEMORY (RAM):                32601.73 MB
[ 10/08/2023 00:20:57 ] PROGRAM FILES DIRECTORY:     C:\Program Files
[ 10/08/2023 00:20:57 ] WINDOWS DIRECTORY:           C:\WINDOWS
-----------------------------------------------------------------------------------------



                                            ./
                                          (o o)
--------------------------------------oOOo-(-)-oOOo--------------------------------------

[ 10/08/2023 00:21:39 ] DATE:                        10/08/2023 00:21:39
[ 10/08/2023 00:21:39 ] PROGRAM:                     Pixel Repair 11.1.2.975
[ 10/08/2023 00:21:39 ] PROGRAM PATH:                [Z:\Resolute\Resolute\PixRepair_X64.exe]
[ 10/08/2023 00:21:39 ] COMPILED:                    YES
[ 10/08/2023 00:21:39 ] WINDOWS VERSION:             WIN_10 
[ 10/08/2023 00:21:39 ] SYSTEM TYPE:                 64-Bit Operating System
[ 10/08/2023 00:21:39 ] MEMORY (RAM):                32601.73 MB
[ 10/08/2023 00:21:39 ] PROGRAM FILES DIRECTORY:     C:\Program Files
[ 10/08/2023 00:21:39 ] WINDOWS DIRECTORY:           C:\WINDOWS
-----------------------------------------------------------------------------------------



                                            ./
                                          (o o)
--------------------------------------oOOo-(-)-oOOo--------------------------------------

[ 2023/10/08 00:24:25 ] DATE:                        2023/10/08 00:24:25
[ 2023/10/08 00:24:25 ] PROGRAM:                     Pixel Repair 11.1.2.975
[ 2023/10/08 00:24:25 ] PROGRAM PATH:                [\\Venom-PC\Resolute\Resolute\PixRepair_X64.exe]
[ 2023/10/08 00:24:25 ] COMPILED:                    YES
[ 2023/10/08 00:24:25 ] WINDOWS VERSION:             WIN_10 
[ 2023/10/08 00:24:25 ] SYSTEM TYPE:                 64-Bit Operating System
[ 2023/10/08 00:24:25 ] MEMORY (RAM):                2020.95 MB
[ 2023/10/08 00:24:25 ] PROGRAM FILES DIRECTORY:     C:\Program Files
[ 2023/10/08 00:24:25 ] WINDOWS DIRECTORY:           C:\Windows
-----------------------------------------------------------------------------------------



                                            ./
                                          (o o)
--------------------------------------oOOo-(-)-oOOo--------------------------------------

[ 10/08/2023 00:26:42 ] DATE:                        10/08/2023 00:26:42
[ 10/08/2023 00:26:42 ] PROGRAM:                     Pixel Repair 11.1.2.976
[ 10/08/2023 00:26:42 ] PROGRAM PATH:                [Z:\Resolute\Resolute\PixRepair_X64.exe]
[ 10/08/2023 00:26:42 ] COMPILED:                    YES
[ 10/08/2023 00:26:42 ] WINDOWS VERSION:             WIN_10 
[ 10/08/2023 00:26:42 ] SYSTEM TYPE:                 64-Bit Operating System
[ 10/08/2023 00:26:42 ] MEMORY (RAM):                32601.73 MB
[ 10/08/2023 00:26:42 ] PROGRAM FILES DIRECTORY:     C:\Program Files
[ 10/08/2023 00:26:42 ] WINDOWS DIRECTORY:           C:\WINDOWS
-----------------------------------------------------------------------------------------



                                            ./
                                          (o o)
--------------------------------------oOOo-(-)-oOOo--------------------------------------

[ 10/08/2023 00:31:44 ] DATE:                        10/08/2023 00:31:44
[ 10/08/2023 00:31:44 ] PROGRAM:                     Pixel Repair 11.1.2.978
[ 10/08/2023 00:31:44 ] PROGRAM PATH:                [Z:\Resolute\Resolute\PixRepair_X64.exe]
[ 10/08/2023 00:31:44 ] COMPILED:                    YES
[ 10/08/2023 00:31:44 ] WINDOWS VERSION:             WIN_10 
[ 10/08/2023 00:31:44 ] SYSTEM TYPE:                 64-Bit Operating System
[ 10/08/2023 00:31:44 ] MEMORY (RAM):                32601.73 MB
[ 10/08/2023 00:31:44 ] PROGRAM FILES DIRECTORY:     C:\Program Files
[ 10/08/2023 00:31:44 ] WINDOWS DIRECTORY:           C:\WINDOWS
-----------------------------------------------------------------------------------------



                                            ./
                                          (o o)
--------------------------------------oOOo-(-)-oOOo--------------------------------------

[ 10/08/2023 00:35:40 ] DATE:                        10/08/2023 00:35:40
[ 10/08/2023 00:35:40 ] PROGRAM:                     Pixel Repair 11.1.2.979
[ 10/08/2023 00:35:40 ] PROGRAM PATH:                [Z:\Resolute\Resolute\PixRepair_X64.exe]
[ 10/08/2023 00:35:40 ] COMPILED:                    YES
[ 10/08/2023 00:35:40 ] WINDOWS VERSION:             WIN_10 
[ 10/08/2023 00:35:40 ] SYSTEM TYPE:                 64-Bit Operating System
[ 10/08/2023 00:35:40 ] MEMORY (RAM):                32601.73 MB
[ 10/08/2023 00:35:40 ] PROGRAM FILES DIRECTORY:     C:\Program Files
[ 10/08/2023 00:35:40 ] WINDOWS DIRECTORY:           C:\WINDOWS
-----------------------------------------------------------------------------------------



                                            ./
                                          (o o)
--------------------------------------oOOo-(-)-oOOo--------------------------------------

[ 10/08/2023 00:49:13 ] DATE:                        10/08/2023 00:49:13
[ 10/08/2023 00:49:13 ] PROGRAM:                     Pixel Repair 11.1.2.980
[ 10/08/2023 00:49:13 ] PROGRAM PATH:                [Z:\Resolute\Resolute\PixRepair_X64.exe]
[ 10/08/2023 00:49:13 ] COMPILED:                    YES
[ 10/08/2023 00:49:13 ] WINDOWS VERSION:             WIN_10 
[ 10/08/2023 00:49:13 ] SYSTEM TYPE:                 64-Bit Operating System
[ 10/08/2023 00:49:13 ] MEMORY (RAM):                32601.73 MB
[ 10/08/2023 00:49:13 ] PROGRAM FILES DIRECTORY:     C:\Program Files
[ 10/08/2023 00:49:13 ] WINDOWS DIRECTORY:           C:\WINDOWS
-----------------------------------------------------------------------------------------



                                            ./
                                          (o o)
--------------------------------------oOOo-(-)-oOOo--------------------------------------

[ 10/08/2023 00:51:45 ] DATE:                        10/08/2023 00:51:45
[ 10/08/2023 00:51:45 ] PROGRAM:                     Pixel Repair 11.1.2.981
[ 10/08/2023 00:51:45 ] PROGRAM PATH:                [Z:\Resolute\Resolute\PixRepair_X64.exe]
[ 10/08/2023 00:51:45 ] COMPILED:                    YES
[ 10/08/2023 00:51:45 ] WINDOWS VERSION:             WIN_10 
[ 10/08/2023 00:51:45 ] SYSTEM TYPE:                 64-Bit Operating System
[ 10/08/2023 00:51:45 ] MEMORY (RAM):                32601.73 MB
[ 10/08/2023 00:51:45 ] PROGRAM FILES DIRECTORY:     C:\Program Files
[ 10/08/2023 00:51:45 ] WINDOWS DIRECTORY:           C:\WINDOWS
-----------------------------------------------------------------------------------------



                                            ./
                                          (o o)
--------------------------------------oOOo-(-)-oOOo--------------------------------------

[ 10/08/2023 00:57:24 ] DATE:                        10/08/2023 00:57:24
[ 10/08/2023 00:57:24 ] PROGRAM:                     Pixel Repair 11.1.2.983
[ 10/08/2023 00:57:24 ] PROGRAM PATH:                [Z:\Resolute\Resolute\PixRepair_X64.exe]
[ 10/08/2023 00:57:24 ] COMPILED:                    YES
[ 10/08/2023 00:57:24 ] WINDOWS VERSION:             WIN_10 
[ 10/08/2023 00:57:24 ] SYSTEM TYPE:                 64-Bit Operating System
[ 10/08/2023 00:57:24 ] MEMORY (RAM):                32601.73 MB
[ 10/08/2023 00:57:24 ] PROGRAM FILES DIRECTORY:     C:\Program Files
[ 10/08/2023 00:57:24 ] WINDOWS DIRECTORY:           C:\WINDOWS
-----------------------------------------------------------------------------------------



                                            ./
                                          (o o)
--------------------------------------oOOo-(-)-oOOo--------------------------------------

[ 10/08/2023 00:58:44 ] DATE:                        10/08/2023 00:58:44
[ 10/08/2023 00:58:44 ] PROGRAM:                     Pixel Repair 11.1.2.984
[ 10/08/2023 00:58:44 ] PROGRAM PATH:                [Z:\Resolute\Resolute\PixRepair_X64.exe]
[ 10/08/2023 00:58:44 ] COMPILED:                    YES
[ 10/08/2023 00:58:44 ] WINDOWS VERSION:             WIN_10 
[ 10/08/2023 00:58:44 ] SYSTEM TYPE:                 64-Bit Operating System
[ 10/08/2023 00:58:44 ] MEMORY (RAM):                32601.73 MB
[ 10/08/2023 00:58:44 ] PROGRAM FILES DIRECTORY:     C:\Program Files
[ 10/08/2023 00:58:44 ] WINDOWS DIRECTORY:           C:\WINDOWS
-----------------------------------------------------------------------------------------



                                            ./
                                          (o o)
--------------------------------------oOOo-(-)-oOOo--------------------------------------

[ 10/08/2023 01:10:15 ] DATE:                        10/08/2023 01:10:15
[ 10/08/2023 01:10:15 ] PROGRAM:                     Pixel Repair 11.1.2.986
[ 10/08/2023 01:10:15 ] PROGRAM PATH:                [Z:\Resolute\Resolute\PixRepair_X64.exe]
[ 10/08/2023 01:10:15 ] COMPILED:                    YES
[ 10/08/2023 01:10:15 ] WINDOWS VERSION:             WIN_10 
[ 10/08/2023 01:10:15 ] SYSTEM TYPE:                 64-Bit Operating System
[ 10/08/2023 01:10:15 ] MEMORY (RAM):                32601.73 MB
[ 10/08/2023 01:10:15 ] PROGRAM FILES DIRECTORY:     C:\Program Files
[ 10/08/2023 01:10:15 ] WINDOWS DIRECTORY:           C:\WINDOWS
-----------------------------------------------------------------------------------------



                                            ./
                                          (o o)
--------------------------------------oOOo-(-)-oOOo--------------------------------------

[ 10/10/2023 08:24:56 ] DATE:                        10/10/2023 08:24:56
[ 10/10/2023 08:24:56 ] PROGRAM:                     Pixel Repair 11.1.3.994
[ 10/10/2023 08:24:56 ] PROGRAM PATH:                [Z:\Resolute\Resolute\PixRepair_X64.exe]
[ 10/10/2023 08:24:56 ] COMPILED:                    YES
[ 10/10/2023 08:24:56 ] WINDOWS VERSION:             WIN_10 
[ 10/10/2023 08:24:56 ] SYSTEM TYPE:                 64-Bit Operating System
[ 10/10/2023 08:24:56 ] MEMORY (RAM):                32601.73 MB
[ 10/10/2023 08:24:56 ] PROGRAM FILES DIRECTORY:     C:\Program Files
[ 10/10/2023 08:24:56 ] WINDOWS DIRECTORY:           C:\WINDOWS
-----------------------------------------------------------------------------------------



                                            ./
                                          (o o)
--------------------------------------oOOo-(-)-oOOo--------------------------------------

[ 10/10/2023 08:26:35 ] DATE:                        10/10/2023 08:26:35
[ 10/10/2023 08:26:35 ] PROGRAM:                     Pixel Repair 11.1.3.995
[ 10/10/2023 08:26:35 ] PROGRAM PATH:                [Z:\Resolute\Resolute\PixRepair_X64.exe]
[ 10/10/2023 08:26:35 ] COMPILED:                    YES
[ 10/10/2023 08:26:35 ] WINDOWS VERSION:             WIN_10 
[ 10/10/2023 08:26:35 ] SYSTEM TYPE:                 64-Bit Operating System
[ 10/10/2023 08:26:35 ] MEMORY (RAM):                32601.73 MB
[ 10/10/2023 08:26:35 ] PROGRAM FILES DIRECTORY:     C:\Program Files
[ 10/10/2023 08:26:35 ] WINDOWS DIRECTORY:           C:\WINDOWS
-----------------------------------------------------------------------------------------



                                            ./
                                          (o o)
--------------------------------------oOOo-(-)-oOOo--------------------------------------

[ 10/10/2023 08:28:16 ] DATE:                        10/10/2023 08:28:16
[ 10/10/2023 08:28:16 ] PROGRAM:                     Pixel Repair 11.1.3.996
[ 10/10/2023 08:28:16 ] PROGRAM PATH:                [Z:\Resolute\Resolute\PixRepair_X64.exe]
[ 10/10/2023 08:28:16 ] COMPILED:                    YES
[ 10/10/2023 08:28:16 ] WINDOWS VERSION:             WIN_10 
[ 10/10/2023 08:28:16 ] SYSTEM TYPE:                 64-Bit Operating System
[ 10/10/2023 08:28:16 ] MEMORY (RAM):                32601.73 MB
[ 10/10/2023 08:28:16 ] PROGRAM FILES DIRECTORY:     C:\Program Files
[ 10/10/2023 08:28:16 ] WINDOWS DIRECTORY:           C:\WINDOWS
-----------------------------------------------------------------------------------------



                                            ./
                                          (o o)
--------------------------------------oOOo-(-)-oOOo--------------------------------------

[ 10/10/2023 08:29:03 ] DATE:                        10/10/2023 08:29:03
[ 10/10/2023 08:29:03 ] PROGRAM:                     Pixel Repair 11.1.3.997
[ 10/10/2023 08:29:03 ] PROGRAM PATH:                [Z:\Resolute\Resolute\PixRepair_X64.exe]
[ 10/10/2023 08:29:03 ] COMPILED:                    YES
[ 10/10/2023 08:29:03 ] WINDOWS VERSION:             WIN_10 
[ 10/10/2023 08:29:03 ] SYSTEM TYPE:                 64-Bit Operating System
[ 10/10/2023 08:29:03 ] MEMORY (RAM):                32601.73 MB
[ 10/10/2023 08:29:03 ] PROGRAM FILES DIRECTORY:     C:\Program Files
[ 10/10/2023 08:29:03 ] WINDOWS DIRECTORY:           C:\WINDOWS
-----------------------------------------------------------------------------------------



                                            ./
                                          (o o)
--------------------------------------oOOo-(-)-oOOo--------------------------------------

[ 10/10/2023 08:31:34 ] DATE:                        10/10/2023 08:31:34
[ 10/10/2023 08:31:34 ] PROGRAM:                     Pixel Repair 11.1.3.998
[ 10/10/2023 08:31:34 ] PROGRAM PATH:                [Z:\Resolute\Resolute\PixRepair_X64.exe]
[ 10/10/2023 08:31:34 ] COMPILED:                    YES
[ 10/10/2023 08:31:34 ] WINDOWS VERSION:             WIN_10 
[ 10/10/2023 08:31:34 ] SYSTEM TYPE:                 64-Bit Operating System
[ 10/10/2023 08:31:34 ] MEMORY (RAM):                32601.73 MB
[ 10/10/2023 08:31:34 ] PROGRAM FILES DIRECTORY:     C:\Program Files
[ 10/10/2023 08:31:34 ] WINDOWS DIRECTORY:           C:\WINDOWS
-----------------------------------------------------------------------------------------



                                            ./
                                          (o o)
--------------------------------------oOOo-(-)-oOOo--------------------------------------

[ 10/10/2023 08:33:19 ] DATE:                        10/10/2023 08:33:19
[ 10/10/2023 08:33:19 ] PROGRAM:                     Pixel Repair 11.1.3.998
[ 10/10/2023 08:33:19 ] PROGRAM PATH:                [Z:\Resolute\Resolute\PixRepair_X64.exe]
[ 10/10/2023 08:33:19 ] COMPILED:                    YES
[ 10/10/2023 08:33:19 ] WINDOWS VERSION:             WIN_10 
[ 10/10/2023 08:33:19 ] SYSTEM TYPE:                 64-Bit Operating System
[ 10/10/2023 08:33:19 ] MEMORY (RAM):                32601.73 MB
[ 10/10/2023 08:33:19 ] PROGRAM FILES DIRECTORY:     C:\Program Files
[ 10/10/2023 08:33:19 ] WINDOWS DIRECTORY:           C:\WINDOWS
-----------------------------------------------------------------------------------------



                                            ./
                                          (o o)
--------------------------------------oOOo-(-)-oOOo--------------------------------------

[ 10/10/2023 08:34:29 ] DATE:                        10/10/2023 08:34:29
[ 10/10/2023 08:34:29 ] PROGRAM:                     Pixel Repair 11.1.3.999
[ 10/10/2023 08:34:29 ] PROGRAM PATH:                [Z:\Resolute\Resolute\PixRepair_X64.exe]
[ 10/10/2023 08:34:29 ] COMPILED:                    YES
[ 10/10/2023 08:34:29 ] WINDOWS VERSION:             WIN_10 
[ 10/10/2023 08:34:29 ] SYSTEM TYPE:                 64-Bit Operating System
[ 10/10/2023 08:34:29 ] MEMORY (RAM):                32601.73 MB
[ 10/10/2023 08:34:29 ] PROGRAM FILES DIRECTORY:     C:\Program Files
[ 10/10/2023 08:34:29 ] WINDOWS DIRECTORY:           C:\WINDOWS
-----------------------------------------------------------------------------------------



                                            ./
                                          (o o)
--------------------------------------oOOo-(-)-oOOo--------------------------------------

[ 10/10/2023 08:35:15 ] DATE:                        10/10/2023 08:35:15
[ 10/10/2023 08:35:15 ] PROGRAM:                     Pixel Repair 11.1.3.1000
[ 10/10/2023 08:35:15 ] PROGRAM PATH:                [Z:\Resolute\Resolute\PixRepair_X64.exe]
[ 10/10/2023 08:35:15 ] COMPILED:                    YES
[ 10/10/2023 08:35:15 ] WINDOWS VERSION:             WIN_10 
[ 10/10/2023 08:35:15 ] SYSTEM TYPE:                 64-Bit Operating System
[ 10/10/2023 08:35:15 ] MEMORY (RAM):                32601.73 MB
[ 10/10/2023 08:35:15 ] PROGRAM FILES DIRECTORY:     C:\Program Files
[ 10/10/2023 08:35:15 ] WINDOWS DIRECTORY:           C:\WINDOWS
-----------------------------------------------------------------------------------------



                                            ./
                                          (o o)
--------------------------------------oOOo-(-)-oOOo--------------------------------------

[ 10/10/2023 08:36:43 ] DATE:                        10/10/2023 08:36:43
[ 10/10/2023 08:36:43 ] PROGRAM:                     Pixel Repair 11.1.3.1001
[ 10/10/2023 08:36:43 ] PROGRAM PATH:                [Z:\Resolute\Resolute\PixRepair_X64.exe]
[ 10/10/2023 08:36:43 ] COMPILED:                    YES
[ 10/10/2023 08:36:43 ] WINDOWS VERSION:             WIN_10 
[ 10/10/2023 08:36:43 ] SYSTEM TYPE:                 64-Bit Operating System
[ 10/10/2023 08:36:43 ] MEMORY (RAM):                32601.73 MB
[ 10/10/2023 08:36:43 ] PROGRAM FILES DIRECTORY:     C:\Program Files
[ 10/10/2023 08:36:43 ] WINDOWS DIRECTORY:           C:\WINDOWS
-----------------------------------------------------------------------------------------



                                            ./
                                          (o o)
--------------------------------------oOOo-(-)-oOOo--------------------------------------

[ 10/10/2023 08:37:07 ] DATE:                        10/10/2023 08:37:07
[ 10/10/2023 08:37:07 ] PROGRAM:                     Pixel Repair 11.1.3.1001
[ 10/10/2023 08:37:07 ] PROGRAM PATH:                [Z:\Resolute\Resolute\PixRepair_X64.exe]
[ 10/10/2023 08:37:07 ] COMPILED:                    YES
[ 10/10/2023 08:37:07 ] WINDOWS VERSION:             WIN_10 
[ 10/10/2023 08:37:07 ] SYSTEM TYPE:                 64-Bit Operating System
[ 10/10/2023 08:37:07 ] MEMORY (RAM):                32601.73 MB
[ 10/10/2023 08:37:07 ] PROGRAM FILES DIRECTORY:     C:\Program Files
[ 10/10/2023 08:37:07 ] WINDOWS DIRECTORY:           C:\WINDOWS
-----------------------------------------------------------------------------------------



                                            ./
                                          (o o)
--------------------------------------oOOo-(-)-oOOo--------------------------------------

[ 10/10/2023 14:38:58 ] DATE:                        10/10/2023 14:38:58
[ 10/10/2023 14:38:58 ] PROGRAM:                     Pixel Repair 11.1.3.1001
[ 10/10/2023 14:38:58 ] PROGRAM PATH:                [Z:\Resolute\Resolute\PixRepair_X64.exe]
[ 10/10/2023 14:38:58 ] COMPILED:                    YES
[ 10/10/2023 14:38:58 ] WINDOWS VERSION:             WIN_10 
[ 10/10/2023 14:38:58 ] SYSTEM TYPE:                 64-Bit Operating System
[ 10/10/2023 14:38:58 ] MEMORY (RAM):                32601.73 MB
[ 10/10/2023 14:38:58 ] PROGRAM FILES DIRECTORY:     C:\Program Files
[ 10/10/2023 14:38:58 ] WINDOWS DIRECTORY:           C:\WINDOWS
-----------------------------------------------------------------------------------------



                                            ./
                                          (o o)
--------------------------------------oOOo-(-)-oOOo--------------------------------------

[ 10/11/2023 02:53:25 ] DATE:                        10/11/2023 02:53:25
[ 10/11/2023 02:53:25 ] PROGRAM:                     Pixel Repair 11.1.3.1001
[ 10/11/2023 02:53:25 ] PROGRAM PATH:                [Z:\Resolute\Resolute\PixRepair_X64.exe]
[ 10/11/2023 02:53:25 ] COMPILED:                    YES
[ 10/11/2023 02:53:25 ] WINDOWS VERSION:             WIN_10 
[ 10/11/2023 02:53:25 ] SYSTEM TYPE:                 64-Bit Operating System
[ 10/11/2023 02:53:25 ] MEMORY (RAM):                32601.73 MB
[ 10/11/2023 02:53:25 ] PROGRAM FILES DIRECTORY:     C:\Program Files
[ 10/11/2023 02:53:25 ] WINDOWS DIRECTORY:           C:\WINDOWS
-----------------------------------------------------------------------------------------



                                            ./
                                          (o o)
--------------------------------------oOOo-(-)-oOOo--------------------------------------

[ 10/11/2023 04:29:11 ] DATE:                        10/11/2023 04:29:11
[ 10/11/2023 04:29:11 ] PROGRAM:                     Pixel Repair 11.1.3.1001
[ 10/11/2023 04:29:11 ] PROGRAM PATH:                [Z:\Resolute\Resolute\PixRepair_X64.exe]
[ 10/11/2023 04:29:11 ] COMPILED:                    YES
[ 10/11/2023 04:29:11 ] WINDOWS VERSION:             WIN_10 
[ 10/11/2023 04:29:11 ] SYSTEM TYPE:                 64-Bit Operating System
[ 10/11/2023 04:29:11 ] MEMORY (RAM):                32601.73 MB
[ 10/11/2023 04:29:11 ] PROGRAM FILES DIRECTORY:     C:\Program Files
[ 10/11/2023 04:29:11 ] WINDOWS DIRECTORY:           C:\WINDOWS
-----------------------------------------------------------------------------------------



                                            ./
                                          (o o)
--------------------------------------oOOo-(-)-oOOo--------------------------------------

[ 10/12/2023 08:47:04 ] DATE:                        10/12/2023 08:47:04
[ 10/12/2023 08:47:04 ] PROGRAM:                     Pixel Repair 11.1.3.1001
[ 10/12/2023 08:47:04 ] PROGRAM PATH:                [Z:\Resolute\Resolute\PixRepair_X64.exe]
[ 10/12/2023 08:47:04 ] COMPILED:                    YES
[ 10/12/2023 08:47:04 ] WINDOWS VERSION:             WIN_10 
[ 10/12/2023 08:47:04 ] SYSTEM TYPE:                 64-Bit Operating System
[ 10/12/2023 08:47:04 ] MEMORY (RAM):                32601.73 MB
[ 10/12/2023 08:47:04 ] PROGRAM FILES DIRECTORY:     C:\Program Files
[ 10/12/2023 08:47:04 ] WINDOWS DIRECTORY:           C:\WINDOWS
-----------------------------------------------------------------------------------------



                                            ./
                                          (o o)
--------------------------------------oOOo-(-)-oOOo--------------------------------------

[ 10/12/2023 10:38:30 ] DATE:                        10/12/2023 10:38:30
[ 10/12/2023 10:38:30 ] PROGRAM:                     Pixel Repair 11.1.3.1001
[ 10/12/2023 10:38:30 ] PROGRAM PATH:                [Z:\Resolute\Resolute\PixRepair_X64.exe]
[ 10/12/2023 10:38:30 ] COMPILED:                    YES
[ 10/12/2023 10:38:30 ] WINDOWS VERSION:             WIN_10 
[ 10/12/2023 10:38:30 ] SYSTEM TYPE:                 64-Bit Operating System
[ 10/12/2023 10:38:30 ] MEMORY (RAM):                32601.73 MB
[ 10/12/2023 10:38:30 ] PROGRAM FILES DIRECTORY:     C:\Program Files
[ 10/12/2023 10:38:30 ] WINDOWS DIRECTORY:           C:\WINDOWS
-----------------------------------------------------------------------------------------



                                            ./
                                          (o o)
--------------------------------------oOOo-(-)-oOOo--------------------------------------

[ 10/12/2023 11:13:15 ] DATE:                        10/12/2023 11:13:15
[ 10/12/2023 11:13:15 ] PROGRAM:                     Pixel Repair 11.1.3.1001
[ 10/12/2023 11:13:15 ] PROGRAM PATH:                [Z:\Resolute\Resolute\PixRepair_X64.exe]
[ 10/12/2023 11:13:15 ] COMPILED:                    YES
[ 10/12/2023 11:13:15 ] WINDOWS VERSION:             WIN_10 
[ 10/12/2023 11:13:15 ] SYSTEM TYPE:                 64-Bit Operating System
[ 10/12/2023 11:13:15 ] MEMORY (RAM):                32601.73 MB
[ 10/12/2023 11:13:15 ] PROGRAM FILES DIRECTORY:     C:\Program Files
[ 10/12/2023 11:13:15 ] WINDOWS DIRECTORY:           C:\WINDOWS
-----------------------------------------------------------------------------------------



                                            ./
                                          (o o)
--------------------------------------oOOo-(-)-oOOo--------------------------------------

[ 10/12/2023 11:13:48 ] DATE:                        10/12/2023 11:13:48
[ 10/12/2023 11:13:48 ] PROGRAM:                     Pixel Repair 11.1.3.1001
[ 10/12/2023 11:13:48 ] PROGRAM PATH:                [Z:\Resolute\Resolute\PixRepair_X64.exe]
[ 10/12/2023 11:13:48 ] COMPILED:                    YES
[ 10/12/2023 11:13:48 ] WINDOWS VERSION:             WIN_10 
[ 10/12/2023 11:13:48 ] SYSTEM TYPE:                 64-Bit Operating System
[ 10/12/2023 11:13:48 ] MEMORY (RAM):                32601.73 MB
[ 10/12/2023 11:13:48 ] PROGRAM FILES DIRECTORY:     C:\Program Files
[ 10/12/2023 11:13:48 ] WINDOWS DIRECTORY:           C:\WINDOWS
-----------------------------------------------------------------------------------------



                                            ./
                                          (o o)
--------------------------------------oOOo-(-)-oOOo--------------------------------------

[ 10/15/2023 14:55:05 ] DATE:                        10/15/2023 14:55:05
[ 10/15/2023 14:55:05 ] PROGRAM:                     Pixel Repair 11.1.1.1002
[ 10/15/2023 14:55:05 ] PROGRAM PATH:                [Z:\Resolute\Resolute\PixRepair_X64.exe]
[ 10/15/2023 14:55:05 ] COMPILED:                    YES
[ 10/15/2023 14:55:05 ] WINDOWS VERSION:             WIN_10 
[ 10/15/2023 14:55:05 ] SYSTEM TYPE:                 64-Bit Operating System
[ 10/15/2023 14:55:05 ] MEMORY (RAM):                32601.73 MB
[ 10/15/2023 14:55:05 ] PROGRAM FILES DIRECTORY:     C:\Program Files
[ 10/15/2023 14:55:05 ] WINDOWS DIRECTORY:           C:\WINDOWS
-----------------------------------------------------------------------------------------



                                            ./
                                          (o o)
--------------------------------------oOOo-(-)-oOOo--------------------------------------

[ 10/16/2023 08:44:40 ] DATE:                        10/16/2023 08:44:40
[ 10/16/2023 08:44:40 ] PROGRAM:                     Pixel Repair 11.1.1.1002
[ 10/16/2023 08:44:40 ] PROGRAM PATH:                [Z:\Resolute\Resolute\PixRepair_X64.exe]
[ 10/16/2023 08:44:40 ] COMPILED:                    YES
[ 10/16/2023 08:44:40 ] WINDOWS VERSION:             WIN_10 
[ 10/16/2023 08:44:40 ] SYSTEM TYPE:                 64-Bit Operating System
[ 10/16/2023 08:44:40 ] MEMORY (RAM):                32601.73 MB
[ 10/16/2023 08:44:40 ] PROGRAM FILES DIRECTORY:     C:\Program Files
[ 10/16/2023 08:44:40 ] WINDOWS DIRECTORY:           C:\WINDOWS
-----------------------------------------------------------------------------------------



                                            ./
                                          (o o)
--------------------------------------oOOo-(-)-oOOo--------------------------------------

[ 10/16/2023 18:50:13 ] DATE:                        10/16/2023 18:50:13
[ 10/16/2023 18:50:13 ] PROGRAM:                     Pixel Repair 11.1.1.1003
[ 10/16/2023 18:50:13 ] PROGRAM PATH:                [Z:\Resolute\Resolute\PixRepair_X64.exe]
[ 10/16/2023 18:50:13 ] COMPILED:                    YES
[ 10/16/2023 18:50:14 ] WINDOWS VERSION:             WIN_10 
[ 10/16/2023 18:50:14 ] SYSTEM TYPE:                 64-Bit Operating System
[ 10/16/2023 18:50:14 ] MEMORY (RAM):                32601.73 MB
[ 10/16/2023 18:50:14 ] PROGRAM FILES DIRECTORY:     C:\Program Files
[ 10/16/2023 18:50:14 ] WINDOWS DIRECTORY:           C:\WINDOWS
-----------------------------------------------------------------------------------------



                                            ./
                                          (o o)
--------------------------------------oOOo-(-)-oOOo--------------------------------------

[ 10/22/2023 04:57:58 ] DATE:                        10/22/2023 04:57:58
[ 10/22/2023 04:57:58 ] PROGRAM:                     Pixel Repair 11.1.1.1006
[ 10/22/2023 04:57:58 ] PROGRAM PATH:                [Z:\Resolute\Resolute\PixRepair_X64.exe]
[ 10/22/2023 04:57:58 ] COMPILED:                    YES
[ 10/22/2023 04:57:58 ] WINDOWS VERSION:             WIN_10 
[ 10/22/2023 04:57:58 ] SYSTEM TYPE:                 64-Bit Operating System
[ 10/22/2023 04:57:58 ] MEMORY (RAM):                32601.73 MB
[ 10/22/2023 04:57:58 ] PROGRAM FILES DIRECTORY:     C:\Program Files
[ 10/22/2023 04:57:58 ] WINDOWS DIRECTORY:           C:\WINDOWS
-----------------------------------------------------------------------------------------



                                            ./
                                          (o o)
--------------------------------------oOOo-(-)-oOOo--------------------------------------

[ 10/22/2023 20:16:28 ] DATE:                        10/22/2023 20:16:28
[ 10/22/2023 20:16:28 ] PROGRAM:                     Pixel Repair 11.1.1.1006
[ 10/22/2023 20:16:28 ] PROGRAM PATH:                [Z:\Resolute\Resolute\PixRepair_X64.exe]
[ 10/22/2023 20:16:28 ] COMPILED:                    YES
[ 10/22/2023 20:16:28 ] WINDOWS VERSION:             WIN_10 
[ 10/22/2023 20:16:28 ] SYSTEM TYPE:                 64-Bit Operating System
[ 10/22/2023 20:16:28 ] MEMORY (RAM):                32601.73 MB
[ 10/22/2023 20:16:28 ] PROGRAM FILES DIRECTORY:     C:\Program Files
[ 10/22/2023 20:16:28 ] WINDOWS DIRECTORY:           C:\WINDOWS
-----------------------------------------------------------------------------------------



                                            ./
                                          (o o)
--------------------------------------oOOo-(-)-oOOo--------------------------------------

[ 10/23/2023 02:02:52 ] DATE:                        10/23/2023 02:02:52
[ 10/23/2023 02:02:52 ] PROGRAM:                     Pixel Repair 11.1.1.1006
[ 10/23/2023 02:02:52 ] PROGRAM PATH:                [Z:\Resolute\Resolute\PixRepair_X64.exe]
[ 10/23/2023 02:02:52 ] COMPILED:                    YES
[ 10/23/2023 02:02:52 ] WINDOWS VERSION:             WIN_10 
[ 10/23/2023 02:02:52 ] SYSTEM TYPE:                 64-Bit Operating System
[ 10/23/2023 02:02:52 ] MEMORY (RAM):                32601.73 MB
[ 10/23/2023 02:02:52 ] PROGRAM FILES DIRECTORY:     C:\Program Files
[ 10/23/2023 02:02:52 ] WINDOWS DIRECTORY:           C:\WINDOWS
-----------------------------------------------------------------------------------------



                                            ./
                                          (o o)
--------------------------------------oOOo-(-)-oOOo--------------------------------------

[ 10/23/2023 15:29:43 ] DATE:                        10/23/2023 15:29:43
[ 10/23/2023 15:29:43 ] PROGRAM:                     Pixel Repair 11.1.1.1006
[ 10/23/2023 15:29:43 ] PROGRAM PATH:                [Z:\Resolute\Resolute\PixRepair_X64.exe]
[ 10/23/2023 15:29:43 ] COMPILED:                    YES
[ 10/23/2023 15:29:43 ] WINDOWS VERSION:             WIN_10 
[ 10/23/2023 15:29:43 ] SYSTEM TYPE:                 64-Bit Operating System
[ 10/23/2023 15:29:43 ] MEMORY (RAM):                32601.73 MB
[ 10/23/2023 15:29:43 ] PROGRAM FILES DIRECTORY:     C:\Program Files
[ 10/23/2023 15:29:43 ] WINDOWS DIRECTORY:           C:\WINDOWS
-----------------------------------------------------------------------------------------



                                            ./
                                          (o o)
--------------------------------------oOOo-(-)-oOOo--------------------------------------

[ 10/30/2023 11:27:21 ] DATE:                        10/30/2023 11:27:21
[ 10/30/2023 11:27:21 ] PROGRAM:                     Pixel Repair 11.1.1.1008
[ 10/30/2023 11:27:21 ] PROGRAM PATH:                [Z:\Resolute\Resolute\PixRepair_X64.exe]
[ 10/30/2023 11:27:21 ] COMPILED:                    YES
[ 10/30/2023 11:27:21 ] WINDOWS VERSION:             WIN_10 
[ 10/30/2023 11:27:21 ] SYSTEM TYPE:                 64-Bit Operating System
[ 10/30/2023 11:27:21 ] MEMORY (RAM):                32601.73 MB
[ 10/30/2023 11:27:21 ] PROGRAM FILES DIRECTORY:     C:\Program Files
[ 10/30/2023 11:27:21 ] WINDOWS DIRECTORY:           C:\WINDOWS
-----------------------------------------------------------------------------------------



                                            ./
                                          (o o)
--------------------------------------oOOo-(-)-oOOo--------------------------------------

[ 10/30/2023 12:07:48 ] DATE:                        10/30/2023 12:07:48
[ 10/30/2023 12:07:48 ] PROGRAM:                     Pixel Repair 11.1.1.1008
[ 10/30/2023 12:07:48 ] PROGRAM PATH:                [Z:\Resolute\Resolute\PixRepair_X64.exe]
[ 10/30/2023 12:07:48 ] COMPILED:                    YES
[ 10/30/2023 12:07:48 ] WINDOWS VERSION:             WIN_10 
[ 10/30/2023 12:07:48 ] SYSTEM TYPE:                 64-Bit Operating System
[ 10/30/2023 12:07:48 ] MEMORY (RAM):                32601.73 MB
[ 10/30/2023 12:07:48 ] PROGRAM FILES DIRECTORY:     C:\Program Files
[ 10/30/2023 12:07:48 ] WINDOWS DIRECTORY:           C:\WINDOWS
-----------------------------------------------------------------------------------------

