=========================================================================================
 RIZONESOFT LOGGING VERSION 2.0
=========================================================================================


                                            ./
                                          (o o)
--------------------------------------oOOo-(-)-oOOo--------------------------------------

[ 10/12/2017 23:39:55 ] DATE:                        10/12/2017 23:39:55
[ 10/12/2017 23:39:55 ] PROGRAM:                     ReBar Framework 6.0.0.4617
[ 10/12/2017 23:39:55 ] PROGRAM PATH:                [D:\Rizonesoft\SDK\Concrete\Firemin\Firemin_X64.exe]
[ 10/12/2017 23:39:55 ] COMPILED:                    YES
[ 10/12/2017 23:39:55 ] WINDOWS VERSION:             WIN_10 
[ 10/12/2017 23:39:55 ] SYSTEM TYPE:                 64-Bit Operating System
[ 10/12/2017 23:39:55 ] MEMORY (RAM):                8157.89 MB
[ 10/12/2017 23:39:55 ] PROGRAM FILES DIRECTORY:     C:\Program Files
[ 10/12/2017 23:39:55 ] WINDOWS DIRECTORY:           C:\Windows
-----------------------------------------------------------------------------------------



                                            ./
                                          (o o)
--------------------------------------oOOo-(-)-oOOo--------------------------------------

[ 11/12/2017 00:08:53 ] DATE:                        11/12/2017 00:08:53
[ 11/12/2017 00:08:53 ] PROGRAM:                     ReBar Framework 6.0.0.4619
[ 11/12/2017 00:08:53 ] PROGRAM PATH:                [D:\Rizonesoft\SDK\Concrete\Firemin\Firemin_X64.exe]
[ 11/12/2017 00:08:53 ] COMPILED:                    YES
[ 11/12/2017 00:08:53 ] WINDOWS VERSION:             WIN_10 
[ 11/12/2017 00:08:53 ] SYSTEM TYPE:                 64-Bit Operating System
[ 11/12/2017 00:08:53 ] MEMORY (RAM):                8157.89 MB
[ 11/12/2017 00:08:53 ] PROGRAM FILES DIRECTORY:     C:\Program Files
[ 11/12/2017 00:08:53 ] WINDOWS DIRECTORY:           C:\Windows
-----------------------------------------------------------------------------------------

