=========================================================================================
 RIZONESOFT LOGGING VERSION 2.0
=========================================================================================


                                            ./
                                          (o o)
--------------------------------------oOOo-(-)-oOOo--------------------------------------

[ 2021/04/01 15:20:25 ] DATE:                        2021/04/01 15:20:25
[ 2021/04/01 15:20:25 ] PROGRAM:                     DVD Drive Repair 8.1.3.1155
[ 2021/04/01 15:20:25 ] PROGRAM PATH:                [C:\Users\Venom\Documents\GitHub\Resolute\SDK\Concrete\DVDRepair\Distribution\1155\DVDRepair_1155\DVDRepair_X64.exe]
[ 2021/04/01 15:20:25 ] COMPILED:                    YES
[ 2021/04/01 15:20:25 ] WINDOWS VERSION:             WIN_10 
[ 2021/04/01 15:20:25 ] SYSTEM TYPE:                 64-Bit Operating System
[ 2021/04/01 15:20:25 ] MEMORY (RAM):                16302.97 MB
[ 2021/04/01 15:20:25 ] PROGRAM FILES DIRECTORY:     C:\Program Files
[ 2021/04/01 15:20:25 ] WINDOWS DIRECTORY:           C:\Windows
-----------------------------------------------------------------------------------------



                                            ./
                                          (o o)
--------------------------------------oOOo-(-)-oOOo--------------------------------------

[ 2021/04/01 15:22:33 ] DATE:                        2021/04/01 15:22:33
[ 2021/04/01 15:22:33 ] PROGRAM:                     DVD Drive Repair 8.1.3.1155
[ 2021/04/01 15:22:33 ] PROGRAM PATH:                [C:\Users\Venom\Documents\GitHub\Resolute\SDK\Concrete\DVDRepair\Distribution\1155\DVDRepair_1155\DVDRepair_X64.exe]
[ 2021/04/01 15:22:33 ] COMPILED:                    YES
[ 2021/04/01 15:22:33 ] WINDOWS VERSION:             WIN_10 
[ 2021/04/01 15:22:33 ] SYSTEM TYPE:                 64-Bit Operating System
[ 2021/04/01 15:22:33 ] MEMORY (RAM):                16302.97 MB
[ 2021/04/01 15:22:33 ] PROGRAM FILES DIRECTORY:     C:\Program Files
[ 2021/04/01 15:22:33 ] WINDOWS DIRECTORY:           C:\Windows
-----------------------------------------------------------------------------------------

