=========================================================================================
 RIZONESOFT LOGGING VERSION 2.0
=========================================================================================


                                            ./
                                          (o o)
--------------------------------------oOOo-(-)-oOOo--------------------------------------

[ 2021/03/06 23:32:26 ] DATE:                        2021/03/06 23:32:26
[ 2021/03/06 23:32:26 ] PROGRAM:                     ReBar Framework 6.4.1.5504
[ 2021/03/06 23:32:27 ] PROGRAM PATH:                [C:\Users\Venom\Documents\GitHub\Resolute\SDK\Concrete\ReBar\ReBar.au3]
[ 2021/03/06 23:32:27 ] COMPILED:                    NO
[ 2021/03/06 23:32:27 ] AUTOIT VERSION:              3.3.15.3
[ 2021/03/06 23:32:27 ] AUTOIT 64-BIT VERSION:       YES
[ 2021/03/06 23:32:27 ] WINDOWS VERSION:             WIN_10 
[ 2021/03/06 23:32:27 ] SYSTEM TYPE:                 64-Bit Operating System
[ 2021/03/06 23:32:27 ] MEMORY (RAM):                16302.97 MB
[ 2021/03/06 23:32:27 ] PROGRAM FILES DIRECTORY:     C:\Program Files
[ 2021/03/06 23:32:27 ] WINDOWS DIRECTORY:           C:\WINDOWS
-----------------------------------------------------------------------------------------



                                            ./
                                          (o o)
--------------------------------------oOOo-(-)-oOOo--------------------------------------

[ 2021/03/06 23:39:20 ] DATE:                        2021/03/06 23:39:20
[ 2021/03/06 23:39:20 ] PROGRAM:                     ReBar Framework 6.4.1.5505
[ 2021/03/06 23:39:20 ] PROGRAM PATH:                [C:\Users\Venom\Documents\GitHub\Resolute\SDK\Concrete\ReBar\ReBar.au3]
[ 2021/03/06 23:39:20 ] COMPILED:                    NO
[ 2021/03/06 23:39:20 ] AUTOIT VERSION:              3.3.15.3
[ 2021/03/06 23:39:20 ] AUTOIT 64-BIT VERSION:       YES
[ 2021/03/06 23:39:20 ] WINDOWS VERSION:             WIN_10 
[ 2021/03/06 23:39:20 ] SYSTEM TYPE:                 64-Bit Operating System
[ 2021/03/06 23:39:20 ] MEMORY (RAM):                16302.97 MB
[ 2021/03/06 23:39:20 ] PROGRAM FILES DIRECTORY:     C:\Program Files
[ 2021/03/06 23:39:20 ] WINDOWS DIRECTORY:           C:\WINDOWS
-----------------------------------------------------------------------------------------



                                            ./
                                          (o o)
--------------------------------------oOOo-(-)-oOOo--------------------------------------

[ 2021/03/07 00:20:02 ] DATE:                        2021/03/07 00:20:02
[ 2021/03/07 00:20:02 ] PROGRAM:                     ReBar Framework 6.4.1.5514
[ 2021/03/07 00:20:02 ] PROGRAM PATH:                [C:\Users\Venom\Documents\GitHub\Resolute\SDK\Concrete\ReBar\ReBar.au3]
[ 2021/03/07 00:20:02 ] COMPILED:                    NO
[ 2021/03/07 00:20:02 ] AUTOIT VERSION:              3.3.15.3
[ 2021/03/07 00:20:02 ] AUTOIT 64-BIT VERSION:       YES
[ 2021/03/07 00:20:02 ] WINDOWS VERSION:             WIN_10 
[ 2021/03/07 00:20:02 ] SYSTEM TYPE:                 64-Bit Operating System
[ 2021/03/07 00:20:02 ] MEMORY (RAM):                16302.97 MB
[ 2021/03/07 00:20:02 ] PROGRAM FILES DIRECTORY:     C:\Program Files
[ 2021/03/07 00:20:02 ] WINDOWS DIRECTORY:           C:\WINDOWS
-----------------------------------------------------------------------------------------

[ 2021/03/07 00:20:04 ] This is a message.
[ 2021/03/07 00:20:05 ] Error: This is an Error message!
[ 2021/03/07 00:20:06 ] Warning: This is a Warning!
[ 2021/03/07 00:20:07 ] Success: This message is successful.
[ 2021/03/07 00:20:08 ] Finished testing logging system.


                                            ./
                                          (o o)
--------------------------------------oOOo-(-)-oOOo--------------------------------------

[ 2021/03/07 01:59:00 ] DATE:                        2021/03/07 01:59:00
[ 2021/03/07 01:59:00 ] PROGRAM:                     ReBar Framework 6.2.0.5521
[ 2021/03/07 01:59:00 ] PROGRAM PATH:                [C:\Users\Venom\Documents\GitHub\Resolute\SDK\Concrete\ReBar\ReBar.au3]
[ 2021/03/07 01:59:00 ] COMPILED:                    NO
[ 2021/03/07 01:59:00 ] AUTOIT VERSION:              3.3.15.3
[ 2021/03/07 01:59:00 ] AUTOIT 64-BIT VERSION:       YES
[ 2021/03/07 01:59:00 ] WINDOWS VERSION:             WIN_10 
[ 2021/03/07 01:59:00 ] SYSTEM TYPE:                 64-Bit Operating System
[ 2021/03/07 01:59:00 ] MEMORY (RAM):                16302.97 MB
[ 2021/03/07 01:59:00 ] PROGRAM FILES DIRECTORY:     C:\Program Files
[ 2021/03/07 01:59:00 ] WINDOWS DIRECTORY:           C:\WINDOWS
-----------------------------------------------------------------------------------------



                                            ./
                                          (o o)
--------------------------------------oOOo-(-)-oOOo--------------------------------------

[ 2021/03/07 02:05:02 ] DATE:                        2021/03/07 02:05:02
[ 2021/03/07 02:05:02 ] PROGRAM:                     ReBar Framework 6.0.2.5521
[ 2021/03/07 02:05:02 ] PROGRAM PATH:                [C:\Users\Venom\Documents\GitHub\Resolute\SDK\Concrete\ReBar\ReBar.au3]
[ 2021/03/07 02:05:02 ] COMPILED:                    NO
[ 2021/03/07 02:05:02 ] AUTOIT VERSION:              3.3.15.3
[ 2021/03/07 02:05:02 ] AUTOIT 64-BIT VERSION:       YES
[ 2021/03/07 02:05:02 ] WINDOWS VERSION:             WIN_10 
[ 2021/03/07 02:05:02 ] SYSTEM TYPE:                 64-Bit Operating System
[ 2021/03/07 02:05:02 ] MEMORY (RAM):                16302.97 MB
[ 2021/03/07 02:05:02 ] PROGRAM FILES DIRECTORY:     C:\Program Files
[ 2021/03/07 02:05:02 ] WINDOWS DIRECTORY:           C:\WINDOWS
-----------------------------------------------------------------------------------------

[ 2021/03/07 02:05:04 ] This is a message.
[ 2021/03/07 02:05:05 ] Error: This is an Error message!
[ 2021/03/07 02:05:06 ] Warning: This is a Warning!


                                            ./
                                          (o o)
--------------------------------------oOOo-(-)-oOOo--------------------------------------

[ 2022/09/27 10:46:58 ] DATE:                        2022/09/27 10:46:58
[ 2022/09/27 10:46:58 ] PROGRAM:                     ReBar Framework 8.1.2.5548
[ 2022/09/27 10:46:58 ] PROGRAM PATH:                [C:\GitHub\Resolute\SDK\Concrete\ReBar\ReBar.au3]
[ 2022/09/27 10:46:58 ] COMPILED:                    NO
[ 2022/09/27 10:46:58 ] AUTOIT VERSION:              3.3.16.1
[ 2022/09/27 10:46:58 ] AUTOIT 64-BIT VERSION:       YES
[ 2022/09/27 10:46:58 ] WINDOWS VERSION:             WIN_10 
[ 2022/09/27 10:46:58 ] SYSTEM TYPE:                 64-Bit Operating System
[ 2022/09/27 10:46:58 ] MEMORY (RAM):                32605.47 MB
[ 2022/09/27 10:46:58 ] PROGRAM FILES DIRECTORY:     C:\Program Files
[ 2022/09/27 10:46:58 ] WINDOWS DIRECTORY:           C:\Windows
-----------------------------------------------------------------------------------------

[ 2022/09/27 10:47:00 ] This is a message.
[ 2022/09/27 10:47:01 ] Error: This is an Error message!
[ 2022/09/27 10:47:02 ] Warning: This is a Warning!
[ 2022/09/27 10:47:08 ] Success: This message is successful.


                                            ./
                                          (o o)
--------------------------------------oOOo-(-)-oOOo--------------------------------------

[ 2022/09/27 10:47:31 ] DATE:                        2022/09/27 10:47:31
[ 2022/09/27 10:47:31 ] PROGRAM:                     ReBar Framework 8.1.2.5548
[ 2022/09/27 10:47:31 ] PROGRAM PATH:                [C:\GitHub\Resolute\SDK\Concrete\ReBar\ReBar.au3]
[ 2022/09/27 10:47:31 ] COMPILED:                    NO
[ 2022/09/27 10:47:31 ] AUTOIT VERSION:              3.3.16.1
[ 2022/09/27 10:47:31 ] AUTOIT 64-BIT VERSION:       YES
[ 2022/09/27 10:47:31 ] WINDOWS VERSION:             WIN_10 
[ 2022/09/27 10:47:31 ] SYSTEM TYPE:                 64-Bit Operating System
[ 2022/09/27 10:47:31 ] MEMORY (RAM):                32605.47 MB
[ 2022/09/27 10:47:31 ] PROGRAM FILES DIRECTORY:     C:\Program Files
[ 2022/09/27 10:47:31 ] WINDOWS DIRECTORY:           C:\Windows
-----------------------------------------------------------------------------------------

[ 2022/09/27 10:47:33 ] This is a message.
[ 2022/09/27 10:47:34 ] Error: This is an Error message!
[ 2022/09/27 10:47:35 ] Warning: This is a Warning!
[ 2022/09/27 10:47:36 ] Success: This message is successful.
[ 2022/09/27 10:47:37 ] Finished testing logging system.


                                            ./
                                          (o o)
--------------------------------------oOOo-(-)-oOOo--------------------------------------

[ 2022/09/27 10:48:06 ] DATE:                        2022/09/27 10:48:06
[ 2022/09/27 10:48:06 ] PROGRAM:                     ReBar Framework 8.1.2.5548
[ 2022/09/27 10:48:06 ] PROGRAM PATH:                [C:\GitHub\Resolute\SDK\Concrete\ReBar\ReBar.au3]
[ 2022/09/27 10:48:06 ] COMPILED:                    NO
[ 2022/09/27 10:48:06 ] AUTOIT VERSION:              3.3.16.1
[ 2022/09/27 10:48:06 ] AUTOIT 64-BIT VERSION:       YES
[ 2022/09/27 10:48:06 ] WINDOWS VERSION:             WIN_10 
[ 2022/09/27 10:48:06 ] SYSTEM TYPE:                 64-Bit Operating System
[ 2022/09/27 10:48:06 ] MEMORY (RAM):                32605.47 MB
[ 2022/09/27 10:48:06 ] PROGRAM FILES DIRECTORY:     C:\Program Files
[ 2022/09/27 10:48:06 ] WINDOWS DIRECTORY:           C:\Windows
-----------------------------------------------------------------------------------------

[ 2022/09/27 10:48:07 ] This is a message.
[ 2022/09/27 10:48:08 ] Error: This is an Error message!
[ 2022/09/27 10:48:09 ] Warning: This is a Warning!
