=========================================================================================
 RIZONESOFT LOGGING VERSION 2.0
=========================================================================================


                                            ./
                                          (o o)
--------------------------------------oOOo-(-)-oOOo--------------------------------------

[ 30/04/2018 11:11:27 ] DATE:                        30/04/2018 11:11:27
[ 30/04/2018 11:11:27 ] PROGRAM:                      2.0.0.1031
[ 30/04/2018 11:11:27 ] PROGRAM PATH:                [D:\Rizonesoft\SDK\Concrete\DVDRepair\DVDRepair_X64.exe]
[ 30/04/2018 11:11:27 ] COMPILED:                    YES
[ 30/04/2018 11:11:27 ] WINDOWS VERSION:             WIN_10 
[ 30/04/2018 11:11:27 ] SYSTEM TYPE:                 64-Bit Operating System
[ 30/04/2018 11:11:27 ] MEMORY (RAM):                8157.89 MB
[ 30/04/2018 11:11:27 ] PROGRAM FILES DIRECTORY:     C:\Program Files
[ 30/04/2018 11:11:27 ] WINDOWS DIRECTORY:           C:\WINDOWS
-----------------------------------------------------------------------------------------



                                            ./
                                          (o o)
--------------------------------------oOOo-(-)-oOOo--------------------------------------

[ 30/04/2018 11:12:42 ] DATE:                        30/04/2018 11:12:42
[ 30/04/2018 11:12:42 ] PROGRAM:                     DVD Drive Repair 2.0.0.1032
[ 30/04/2018 11:12:42 ] PROGRAM PATH:                [D:\Rizonesoft\SDK\Concrete\DVDRepair\DVDRepair_X64.exe]
[ 30/04/2018 11:12:42 ] COMPILED:                    YES
[ 30/04/2018 11:12:42 ] WINDOWS VERSION:             WIN_10 
[ 30/04/2018 11:12:42 ] SYSTEM TYPE:                 64-Bit Operating System
[ 30/04/2018 11:12:42 ] MEMORY (RAM):                8157.89 MB
[ 30/04/2018 11:12:42 ] PROGRAM FILES DIRECTORY:     C:\Program Files
[ 30/04/2018 11:12:42 ] WINDOWS DIRECTORY:           C:\WINDOWS
-----------------------------------------------------------------------------------------



                                            ./
                                          (o o)
--------------------------------------oOOo-(-)-oOOo--------------------------------------

[ 30/04/2018 11:30:09 ] DATE:                        30/04/2018 11:30:09
[ 30/04/2018 11:30:09 ] PROGRAM:                     DVD Drive Repair 2.0.0.1032
[ 30/04/2018 11:30:09 ] PROGRAM PATH:                [D:\Rizonesoft\SDK\Concrete\DVDRepair\DVDRepair_X64.exe]
[ 30/04/2018 11:30:09 ] COMPILED:                    YES
[ 30/04/2018 11:30:09 ] WINDOWS VERSION:             WIN_10 
[ 30/04/2018 11:30:09 ] SYSTEM TYPE:                 64-Bit Operating System
[ 30/04/2018 11:30:09 ] MEMORY (RAM):                8157.89 MB
[ 30/04/2018 11:30:09 ] PROGRAM FILES DIRECTORY:     C:\Program Files
[ 30/04/2018 11:30:09 ] WINDOWS DIRECTORY:           C:\WINDOWS
-----------------------------------------------------------------------------------------



                                            ./
                                          (o o)
--------------------------------------oOOo-(-)-oOOo--------------------------------------

[ 30/04/2018 11:45:50 ] DATE:                        30/04/2018 11:45:50
[ 30/04/2018 11:45:50 ] PROGRAM:                     DVD Drive Repair 2.0.0.1032
[ 30/04/2018 11:45:50 ] PROGRAM PATH:                [D:\Rizonesoft\SDK\Concrete\DVDRepair\DVDRepair_X64.exe]
[ 30/04/2018 11:45:50 ] COMPILED:                    YES
[ 30/04/2018 11:45:50 ] WINDOWS VERSION:             WIN_10 
[ 30/04/2018 11:45:50 ] SYSTEM TYPE:                 64-Bit Operating System
[ 30/04/2018 11:45:50 ] MEMORY (RAM):                8157.89 MB
[ 30/04/2018 11:45:50 ] PROGRAM FILES DIRECTORY:     C:\Program Files
[ 30/04/2018 11:45:50 ] WINDOWS DIRECTORY:           C:\WINDOWS
-----------------------------------------------------------------------------------------



                                            ./
                                          (o o)
--------------------------------------oOOo-(-)-oOOo--------------------------------------

[ 30/04/2018 11:55:02 ] DATE:                        30/04/2018 11:55:02
[ 30/04/2018 11:55:02 ] PROGRAM:                     DVD Drive Repair 2.0.0.1033
[ 30/04/2018 11:55:02 ] PROGRAM PATH:                [D:\Rizonesoft\SDK\Concrete\DVDRepair\DVDRepair_X64.exe]
[ 30/04/2018 11:55:02 ] COMPILED:                    YES
[ 30/04/2018 11:55:02 ] WINDOWS VERSION:             WIN_10 
[ 30/04/2018 11:55:02 ] SYSTEM TYPE:                 64-Bit Operating System
[ 30/04/2018 11:55:02 ] MEMORY (RAM):                8157.89 MB
[ 30/04/2018 11:55:02 ] PROGRAM FILES DIRECTORY:     C:\Program Files
[ 30/04/2018 11:55:02 ] WINDOWS DIRECTORY:           C:\WINDOWS
-----------------------------------------------------------------------------------------



                                            ./
                                          (o o)
--------------------------------------oOOo-(-)-oOOo--------------------------------------

[ 30/04/2018 11:55:25 ] DATUM:                       30/04/2018 11:55:25
[ 30/04/2018 11:55:25 ] PROGRAM:                     DVD Drive Repair 2.0.0.1033
[ 30/04/2018 11:55:25 ] PROGRAM PAD:                 [D:\Rizonesoft\SDK\Concrete\DVDRepair\DVDRepair_X64.exe]
[ 30/04/2018 11:55:25 ] SAAMGESTEL:                  JA
[ 30/04/2018 11:55:25 ] WINDOWS WEERGAWE:            WIN_10 
[ 30/04/2018 11:55:25 ] STELSEL TIPE:                64-Bit Operating System
[ 30/04/2018 11:55:25 ] GEHEUE (RAM):                8157.89 MB
[ 30/04/2018 11:55:25 ] PROGRAM LÊERS:               C:\Program Files
[ 30/04/2018 11:55:25 ] WINDOWS OMSLAG:              C:\WINDOWS
-----------------------------------------------------------------------------------------



                                            ./
                                          (o o)
--------------------------------------oOOo-(-)-oOOo--------------------------------------

[ 30/04/2018 11:55:47 ] DATE:                        30/04/2018 11:55:47
[ 30/04/2018 11:55:47 ] PROGRAM:                     DVD Drive Repair 2.0.0.1033
[ 30/04/2018 11:55:47 ] PROGRAM PATH:                [D:\Rizonesoft\SDK\Concrete\DVDRepair\DVDRepair_X64.exe]
[ 30/04/2018 11:55:47 ] COMPILED:                    YES
[ 30/04/2018 11:55:47 ] WINDOWS VERSION:             WIN_10 
[ 30/04/2018 11:55:47 ] SYSTEM TYPE:                 64-Bit Operating System
[ 30/04/2018 11:55:47 ] MEMORY (RAM):                8157.89 MB
[ 30/04/2018 11:55:47 ] PROGRAM FILES DIRECTORY:     C:\Program Files
[ 30/04/2018 11:55:47 ] WINDOWS DIRECTORY:           C:\WINDOWS
-----------------------------------------------------------------------------------------



                                            ./
                                          (o o)
--------------------------------------oOOo-(-)-oOOo--------------------------------------

[ 30/04/2018 12:16:26 ] DATE:                        30/04/2018 12:16:26
[ 30/04/2018 12:16:26 ] PROGRAM:                     DVD Drive Repair 2.0.0.1034
[ 30/04/2018 12:16:26 ] PROGRAM PATH:                [D:\Rizonesoft\SDK\Concrete\DVDRepair\DVDRepair.au3]
[ 30/04/2018 12:16:26 ] COMPILED:                    NO
[ 30/04/2018 12:16:26 ] AUTOIT VERSION:              3.3.15.0
[ 30/04/2018 12:16:26 ] AUTOIT 64-BIT VERSION:       YES
[ 30/04/2018 12:16:26 ] WINDOWS VERSION:             WIN_10 
[ 30/04/2018 12:16:26 ] SYSTEM TYPE:                 64-Bit Operating System
[ 30/04/2018 12:16:26 ] MEMORY (RAM):                8157.89 MB
[ 30/04/2018 12:16:26 ] PROGRAM FILES DIRECTORY:     C:\Program Files
[ 30/04/2018 12:16:26 ] WINDOWS DIRECTORY:           C:\WINDOWS
-----------------------------------------------------------------------------------------



                                            ./
                                          (o o)
--------------------------------------oOOo-(-)-oOOo--------------------------------------

[ 30/04/2018 12:27:05 ] DATE:                        30/04/2018 12:27:05
[ 30/04/2018 12:27:05 ] PROGRAM:                     DVD Drive Repair 2.0.0.1036
[ 30/04/2018 12:27:05 ] PROGRAM PATH:                [D:\Rizonesoft\SDK\Concrete\DVDRepair\DVDRepair_X64.exe]
[ 30/04/2018 12:27:05 ] COMPILED:                    YES
[ 30/04/2018 12:27:05 ] WINDOWS VERSION:             WIN_10 
[ 30/04/2018 12:27:05 ] SYSTEM TYPE:                 64-Bit Operating System
[ 30/04/2018 12:27:05 ] MEMORY (RAM):                8157.89 MB
[ 30/04/2018 12:27:05 ] PROGRAM FILES DIRECTORY:     C:\Program Files
[ 30/04/2018 12:27:05 ] WINDOWS DIRECTORY:           C:\WINDOWS
-----------------------------------------------------------------------------------------



                                            ./
                                          (o o)
--------------------------------------oOOo-(-)-oOOo--------------------------------------

[ 30/04/2018 13:02:03 ] DATE:                        30/04/2018 13:02:03
[ 30/04/2018 13:02:03 ] PROGRAM:                     DVD Drive Repair 2.0.0.1036
[ 30/04/2018 13:02:03 ] PROGRAM PATH:                [D:\Rizonesoft\SDK\Concrete\DVDRepair\DVDRepair_X64.exe]
[ 30/04/2018 13:02:03 ] COMPILED:                    YES
[ 30/04/2018 13:02:03 ] WINDOWS VERSION:             WIN_10 
[ 30/04/2018 13:02:03 ] SYSTEM TYPE:                 64-Bit Operating System
[ 30/04/2018 13:02:03 ] MEMORY (RAM):                8157.89 MB
[ 30/04/2018 13:02:03 ] PROGRAM FILES DIRECTORY:     C:\Program Files
[ 30/04/2018 13:02:03 ] WINDOWS DIRECTORY:           C:\WINDOWS
-----------------------------------------------------------------------------------------



                                            ./
                                          (o o)
--------------------------------------oOOo-(-)-oOOo--------------------------------------

[ 30/04/2018 13:06:05 ] DATE:                        30/04/2018 13:06:05
[ 30/04/2018 13:06:05 ] PROGRAM:                     DVD Drive Repair 2.0.0.1036
[ 30/04/2018 13:06:05 ] PROGRAM PATH:                [D:\Rizonesoft\SDK\Concrete\DVDRepair\DVDRepair_X64.exe]
[ 30/04/2018 13:06:05 ] COMPILED:                    YES
[ 30/04/2018 13:06:05 ] WINDOWS VERSION:             WIN_10 
[ 30/04/2018 13:06:05 ] SYSTEM TYPE:                 64-Bit Operating System
[ 30/04/2018 13:06:05 ] MEMORY (RAM):                8157.89 MB
[ 30/04/2018 13:06:05 ] PROGRAM FILES DIRECTORY:     C:\Program Files
[ 30/04/2018 13:06:05 ] WINDOWS DIRECTORY:           C:\WINDOWS
-----------------------------------------------------------------------------------------



                                            ./
                                          (o o)
--------------------------------------oOOo-(-)-oOOo--------------------------------------

[ 30/04/2018 13:11:20 ] DATE:                        30/04/2018 13:11:20
[ 30/04/2018 13:11:20 ] PROGRAM:                     DVD Drive Repair 2.0.0.1037
[ 30/04/2018 13:11:20 ] PROGRAM PATH:                [D:\Rizonesoft\SDK\Concrete\DVDRepair\DVDRepair_X64.exe]
[ 30/04/2018 13:11:20 ] COMPILED:                    YES
[ 30/04/2018 13:11:20 ] WINDOWS VERSION:             WIN_10 
[ 30/04/2018 13:11:20 ] SYSTEM TYPE:                 64-Bit Operating System
[ 30/04/2018 13:11:20 ] MEMORY (RAM):                8157.89 MB
[ 30/04/2018 13:11:20 ] PROGRAM FILES DIRECTORY:     C:\Program Files
[ 30/04/2018 13:11:20 ] WINDOWS DIRECTORY:           C:\WINDOWS
-----------------------------------------------------------------------------------------



                                            ./
                                          (o o)
--------------------------------------oOOo-(-)-oOOo--------------------------------------

[ 30/04/2018 13:12:32 ] DATE:                        30/04/2018 13:12:32
[ 30/04/2018 13:12:32 ] PROGRAM:                     DVD Drive Repair 2.0.0.1039
[ 30/04/2018 13:12:32 ] PROGRAM PATH:                [D:\Rizonesoft\SDK\Concrete\DVDRepair\DVDRepair_X64.exe]
[ 30/04/2018 13:12:32 ] COMPILED:                    YES
[ 30/04/2018 13:12:32 ] WINDOWS VERSION:             WIN_10 
[ 30/04/2018 13:12:32 ] SYSTEM TYPE:                 64-Bit Operating System
[ 30/04/2018 13:12:32 ] MEMORY (RAM):                8157.89 MB
[ 30/04/2018 13:12:32 ] PROGRAM FILES DIRECTORY:     C:\Program Files
[ 30/04/2018 13:12:32 ] WINDOWS DIRECTORY:           C:\WINDOWS
-----------------------------------------------------------------------------------------



                                            ./
                                          (o o)
--------------------------------------oOOo-(-)-oOOo--------------------------------------

[ 30/04/2018 13:16:10 ] DATE:                        30/04/2018 13:16:10
[ 30/04/2018 13:16:10 ] PROGRAM:                     DVD Drive Repair 2.0.0.1041
[ 30/04/2018 13:16:10 ] PROGRAM PATH:                [D:\Rizonesoft\SDK\Concrete\DVDRepair\DVDRepair_X64.exe]
[ 30/04/2018 13:16:10 ] COMPILED:                    YES
[ 30/04/2018 13:16:10 ] WINDOWS VERSION:             WIN_10 
[ 30/04/2018 13:16:10 ] SYSTEM TYPE:                 64-Bit Operating System
[ 30/04/2018 13:16:10 ] MEMORY (RAM):                8157.89 MB
[ 30/04/2018 13:16:10 ] PROGRAM FILES DIRECTORY:     C:\Program Files
[ 30/04/2018 13:16:10 ] WINDOWS DIRECTORY:           C:\WINDOWS
-----------------------------------------------------------------------------------------



                                            ./
                                          (o o)
--------------------------------------oOOo-(-)-oOOo--------------------------------------

[ 30/04/2018 13:23:09 ] DATE:                        30/04/2018 13:23:09
[ 30/04/2018 13:23:09 ] PROGRAM:                     DVD Drive Repair 2.0.0.1042
[ 30/04/2018 13:23:09 ] PROGRAM PATH:                [D:\Rizonesoft\SDK\Concrete\DVDRepair\DVDRepair_X64.exe]
[ 30/04/2018 13:23:09 ] COMPILED:                    YES
[ 30/04/2018 13:23:09 ] WINDOWS VERSION:             WIN_10 
[ 30/04/2018 13:23:09 ] SYSTEM TYPE:                 64-Bit Operating System
[ 30/04/2018 13:23:09 ] MEMORY (RAM):                8157.89 MB
[ 30/04/2018 13:23:09 ] PROGRAM FILES DIRECTORY:     C:\Program Files
[ 30/04/2018 13:23:09 ] WINDOWS DIRECTORY:           C:\WINDOWS
-----------------------------------------------------------------------------------------



                                            ./
                                          (o o)
--------------------------------------oOOo-(-)-oOOo--------------------------------------

[ 30/04/2018 13:23:38 ] DATUM:                       30/04/2018 13:23:38
[ 30/04/2018 13:23:38 ] PROGRAM:                     DVD Drive Repair 2.0.0.1042
[ 30/04/2018 13:23:38 ] PROGRAM PAD:                 [D:\Rizonesoft\SDK\Concrete\DVDRepair\DVDRepair_X64.exe]
[ 30/04/2018 13:23:38 ] SAAMGESTEL:                  JA
[ 30/04/2018 13:23:38 ] WINDOWS WEERGAWE:            WIN_10 
[ 30/04/2018 13:23:38 ] STELSEL TIPE:                64-Bit Operating System
[ 30/04/2018 13:23:38 ] GEHEUE (RAM):                8157.89 MB
[ 30/04/2018 13:23:38 ] PROGRAM LÊERS:               C:\Program Files
[ 30/04/2018 13:23:38 ] WINDOWS OMSLAG:              C:\WINDOWS
-----------------------------------------------------------------------------------------



                                            ./
                                          (o o)
--------------------------------------oOOo-(-)-oOOo--------------------------------------

[ 30/04/2018 13:24:01 ] DATUM:                       30/04/2018 13:24:01
[ 30/04/2018 13:24:01 ] PROGRAM:                     DVD Drive Repair 2.0.0.1042
[ 30/04/2018 13:24:01 ] PROGRAM PAD:                 [D:\Rizonesoft\SDK\Concrete\DVDRepair\DVDRepair_X64.exe]
[ 30/04/2018 13:24:01 ] SAAMGESTEL:                  JA
[ 30/04/2018 13:24:01 ] WINDOWS WEERGAWE:            WIN_10 
[ 30/04/2018 13:24:01 ] STELSEL TIPE:                64-Bit Operating System
[ 30/04/2018 13:24:01 ] GEHEUE (RAM):                8157.89 MB
[ 30/04/2018 13:24:01 ] PROGRAM LÊERS:               C:\Program Files
[ 30/04/2018 13:24:01 ] WINDOWS OMSLAG:              C:\WINDOWS
-----------------------------------------------------------------------------------------



                                            ./
                                          (o o)
--------------------------------------oOOo-(-)-oOOo--------------------------------------

[ 30/04/2018 13:25:03 ] DATE:                        30/04/2018 13:25:03
[ 30/04/2018 13:25:03 ] PROGRAM:                     DVD Drive Repair 2.0.0.1042
[ 30/04/2018 13:25:03 ] PROGRAM PATH:                [D:\Rizonesoft\SDK\Concrete\DVDRepair\DVDRepair_X64.exe]
[ 30/04/2018 13:25:03 ] COMPILED:                    YES
[ 30/04/2018 13:25:03 ] WINDOWS VERSION:             WIN_10 
[ 30/04/2018 13:25:04 ] SYSTEM TYPE:                 64-Bit Operating System
[ 30/04/2018 13:25:04 ] MEMORY (RAM):                8157.89 MB
[ 30/04/2018 13:25:04 ] PROGRAM FILES DIRECTORY:     C:\Program Files
[ 30/04/2018 13:25:04 ] WINDOWS DIRECTORY:           C:\WINDOWS
-----------------------------------------------------------------------------------------



                                            ./
                                          (o o)
--------------------------------------oOOo-(-)-oOOo--------------------------------------

[ 30/04/2018 13:34:54 ] DATE:                        30/04/2018 13:34:54
[ 30/04/2018 13:34:54 ] PROGRAM:                     DVD Drive Repair 2.0.0.1045
[ 30/04/2018 13:34:54 ] PROGRAM PATH:                [D:\Rizonesoft\SDK\Concrete\DVDRepair\DVDRepair_X64.exe]
[ 30/04/2018 13:34:54 ] COMPILED:                    YES
[ 30/04/2018 13:34:54 ] WINDOWS VERSION:             WIN_10 
[ 30/04/2018 13:34:54 ] SYSTEM TYPE:                 64-Bit Operating System
[ 30/04/2018 13:34:54 ] MEMORY (RAM):                8157.89 MB
[ 30/04/2018 13:34:54 ] PROGRAM FILES DIRECTORY:     C:\Program Files
[ 30/04/2018 13:34:54 ] WINDOWS DIRECTORY:           C:\WINDOWS
-----------------------------------------------------------------------------------------



                                            ./
                                          (o o)
--------------------------------------oOOo-(-)-oOOo--------------------------------------

[ 30/04/2018 19:04:20 ] DATE:                        30/04/2018 19:04:20
[ 30/04/2018 19:04:20 ] PROGRAM:                     DVD Drive Repair 2.0.0.1045
[ 30/04/2018 19:04:20 ] PROGRAM PATH:                [D:\Rizonesoft\SDK\Concrete\DVDRepair\DVDRepair_X64.exe]
[ 30/04/2018 19:04:20 ] COMPILED:                    YES
[ 30/04/2018 19:04:20 ] WINDOWS VERSION:             WIN_10 
[ 30/04/2018 19:04:20 ] SYSTEM TYPE:                 64-Bit Operating System
[ 30/04/2018 19:04:20 ] MEMORY (RAM):                8157.89 MB
[ 30/04/2018 19:04:20 ] PROGRAM FILES DIRECTORY:     C:\Program Files
[ 30/04/2018 19:04:20 ] WINDOWS DIRECTORY:           C:\WINDOWS
-----------------------------------------------------------------------------------------



                                            ./
                                          (o o)
--------------------------------------oOOo-(-)-oOOo--------------------------------------

[ 30/04/2018 20:31:04 ] DATE:                        30/04/2018 20:31:04
[ 30/04/2018 20:31:04 ] PROGRAM:                     DVD Drive Repair 2.0.0.1045
[ 30/04/2018 20:31:04 ] PROGRAM PATH:                [D:\Rizonesoft\SDK\Concrete\DVDRepair\DVDRepair_X64.exe]
[ 30/04/2018 20:31:04 ] COMPILED:                    YES
[ 30/04/2018 20:31:04 ] WINDOWS VERSION:             WIN_10 
[ 30/04/2018 20:31:04 ] SYSTEM TYPE:                 64-Bit Operating System
[ 30/04/2018 20:31:04 ] MEMORY (RAM):                8157.89 MB
[ 30/04/2018 20:31:04 ] PROGRAM FILES DIRECTORY:     C:\Program Files
[ 30/04/2018 20:31:04 ] WINDOWS DIRECTORY:           C:\WINDOWS
-----------------------------------------------------------------------------------------



                                            ./
                                          (o o)
--------------------------------------oOOo-(-)-oOOo--------------------------------------

[ 30/04/2018 20:31:29 ] DATE:                        30/04/2018 20:31:29
[ 30/04/2018 20:31:29 ] PROGRAM:                     DVD Drive Repair 2.0.0.1045
[ 30/04/2018 20:31:30 ] PROGRAM PATH:                [D:\Rizonesoft\SDK\Concrete\DVDRepair\DVDRepair_X64.exe]
[ 30/04/2018 20:31:30 ] COMPILED:                    YES
[ 30/04/2018 20:31:30 ] WINDOWS VERSION:             WIN_10 
[ 30/04/2018 20:31:30 ] SYSTEM TYPE:                 64-Bit Operating System
[ 30/04/2018 20:31:30 ] MEMORY (RAM):                8157.89 MB
[ 30/04/2018 20:31:30 ] PROGRAM FILES DIRECTORY:     C:\Program Files
[ 30/04/2018 20:31:30 ] WINDOWS DIRECTORY:           C:\WINDOWS
-----------------------------------------------------------------------------------------



                                            ./
                                          (o o)
--------------------------------------oOOo-(-)-oOOo--------------------------------------

[ 30/04/2018 20:45:43 ] DATE:                        30/04/2018 20:45:43
[ 30/04/2018 20:45:43 ] PROGRAM:                     DVD Drive Repair 2.0.0.1045
[ 30/04/2018 20:45:43 ] PROGRAM PATH:                [D:\Rizonesoft\SDK\Concrete\DVDRepair\DVDRepair_X64.exe]
[ 30/04/2018 20:45:43 ] COMPILED:                    YES
[ 30/04/2018 20:45:43 ] WINDOWS VERSION:             WIN_10 
[ 30/04/2018 20:45:43 ] SYSTEM TYPE:                 64-Bit Operating System
[ 30/04/2018 20:45:43 ] MEMORY (RAM):                8157.89 MB
[ 30/04/2018 20:45:43 ] PROGRAM FILES DIRECTORY:     C:\Program Files
[ 30/04/2018 20:45:43 ] WINDOWS DIRECTORY:           C:\WINDOWS
-----------------------------------------------------------------------------------------



                                            ./
                                          (o o)
--------------------------------------oOOo-(-)-oOOo--------------------------------------

[ 30/04/2018 21:29:21 ] DATE:                        30/04/2018 21:29:21
[ 30/04/2018 21:29:21 ] PROGRAM:                     DVD Drive Repair 2.0.0.1047
[ 30/04/2018 21:29:21 ] PROGRAM PATH:                [D:\Rizonesoft\SDK\Concrete\DVDRepair\DVDRepair_X64.exe]
[ 30/04/2018 21:29:21 ] COMPILED:                    YES
[ 30/04/2018 21:29:21 ] WINDOWS VERSION:             WIN_10 
[ 30/04/2018 21:29:21 ] SYSTEM TYPE:                 64-Bit Operating System
[ 30/04/2018 21:29:21 ] MEMORY (RAM):                8157.89 MB
[ 30/04/2018 21:29:21 ] PROGRAM FILES DIRECTORY:     C:\Program Files
[ 30/04/2018 21:29:21 ] WINDOWS DIRECTORY:           C:\WINDOWS
-----------------------------------------------------------------------------------------



                                            ./
                                          (o o)
--------------------------------------oOOo-(-)-oOOo--------------------------------------

[ 30/04/2018 22:58:58 ] DATE:                        30/04/2018 22:58:58
[ 30/04/2018 22:58:58 ] PROGRAM:                     DVD Drive Repair 2.0.0.1050
[ 30/04/2018 22:58:58 ] PROGRAM PATH:                [D:\Rizonesoft\SDK\Concrete\DVDRepair\DVDRepair_X64.exe]
[ 30/04/2018 22:58:58 ] COMPILED:                    YES
[ 30/04/2018 22:58:58 ] WINDOWS VERSION:             WIN_10 
[ 30/04/2018 22:58:58 ] SYSTEM TYPE:                 64-Bit Operating System
[ 30/04/2018 22:58:58 ] MEMORY (RAM):                8157.89 MB
[ 30/04/2018 22:58:58 ] PROGRAM FILES DIRECTORY:     C:\Program Files
[ 30/04/2018 22:58:58 ] WINDOWS DIRECTORY:           C:\WINDOWS
-----------------------------------------------------------------------------------------



                                            ./
                                          (o o)
--------------------------------------oOOo-(-)-oOOo--------------------------------------

[ 01/05/2018 00:37:30 ] DATE:                        01/05/2018 00:37:30
[ 01/05/2018 00:37:30 ] PROGRAM:                     DVD Drive Repair 2.0.0.1050
[ 01/05/2018 00:37:30 ] PROGRAM PATH:                [D:\Rizonesoft\SDK\Concrete\DVDRepair\DVDRepair_X64.exe]
[ 01/05/2018 00:37:30 ] COMPILED:                    YES
[ 01/05/2018 00:37:30 ] WINDOWS VERSION:             WIN_10 
[ 01/05/2018 00:37:30 ] SYSTEM TYPE:                 64-Bit Operating System
[ 01/05/2018 00:37:30 ] MEMORY (RAM):                8157.89 MB
[ 01/05/2018 00:37:30 ] PROGRAM FILES DIRECTORY:     C:\Program Files
[ 01/05/2018 00:37:30 ] WINDOWS DIRECTORY:           C:\WINDOWS
-----------------------------------------------------------------------------------------



                                            ./
                                          (o o)
--------------------------------------oOOo-(-)-oOOo--------------------------------------

[ 09/05/2018 23:17:12 ] DATE:                        09/05/2018 23:17:12
[ 09/05/2018 23:17:12 ] PROGRAM:                     DVD Drive Repair 2.0.0.1054
[ 09/05/2018 23:17:12 ] PROGRAM PATH:                [D:\Rizonesoft\SDK\Concrete\DVDRepair\DVDRepair_X64.exe]
[ 09/05/2018 23:17:12 ] COMPILED:                    YES
[ 09/05/2018 23:17:12 ] WINDOWS VERSION:             WIN_10 
[ 09/05/2018 23:17:12 ] SYSTEM TYPE:                 64-Bit Operating System
[ 09/05/2018 23:17:12 ] MEMORY (RAM):                8157.89 MB
[ 09/05/2018 23:17:12 ] PROGRAM FILES DIRECTORY:     C:\Program Files
[ 09/05/2018 23:17:12 ] WINDOWS DIRECTORY:           C:\WINDOWS
-----------------------------------------------------------------------------------------

[ 09/05/2018 23:17:19 ] Repairing DVD Drive.
------------------------------------------------------------------------------------------
[ 09/05/2018 23:17:19 ] [SC] ChangeServiceConfig SUCCESS
[ 09/05/2018 23:17:19 ] The requested service has already been started.
[ 09/05/2018 23:17:19 ] More help is available by typing NET HELPMSG 2182.
[ 09/05/2018 23:17:19 ] Resetting Upper and Lower Filters.
[ 09/05/2018 23:17:19 ] Restoring the ATAPI disk interface.
[ 09/05/2018 23:17:19 ] ^ You might need to reboot your computer before the settings will take effect. Would you like to reboot your computer now? Save your stuff, hold your breath and press Yes to reboot your computer. Or press No to ignore me.
[ 09/05/2018 23:17:19 ] Click on 'File' and then 'Reboot Windows' to Reboot your computer later.
[ 09/05/2018 23:17:19 ] Finished: Hope that resolved your issues. If not, it could be a physical hardware problem.
------------------------------------------------------------------------------------------
[ 09/05/2018 23:17:21 ] Repairing DVD Drive.
------------------------------------------------------------------------------------------
[ 09/05/2018 23:17:21 ] [SC] ChangeServiceConfig SUCCESS
[ 09/05/2018 23:17:21 ] The requested service has already been started.
[ 09/05/2018 23:17:21 ] More help is available by typing NET HELPMSG 2182.
[ 09/05/2018 23:17:21 ] Resetting Upper and Lower Filters.
[ 09/05/2018 23:17:21 ] Restoring the ATAPI disk interface.
[ 09/05/2018 23:17:21 ] ^ You might need to reboot your computer before the settings will take effect. Would you like to reboot your computer now? Save your stuff, hold your breath and press Yes to reboot your computer. Or press No to ignore me.
[ 09/05/2018 23:17:21 ] Click on 'File' and then 'Reboot Windows' to Reboot your computer later.
[ 09/05/2018 23:17:21 ] Finished: Hope that resolved your issues. If not, it could be a physical hardware problem.
------------------------------------------------------------------------------------------
[ 09/05/2018 23:17:22 ] Repairing DVD Drive.
------------------------------------------------------------------------------------------
[ 09/05/2018 23:17:22 ] [SC] ChangeServiceConfig SUCCESS
[ 09/05/2018 23:17:22 ] The requested service has already been started.
[ 09/05/2018 23:17:22 ] More help is available by typing NET HELPMSG 2182.
[ 09/05/2018 23:17:22 ] Resetting Upper and Lower Filters.
[ 09/05/2018 23:17:22 ] Restoring the ATAPI disk interface.
[ 09/05/2018 23:17:22 ] ^ You might need to reboot your computer before the settings will take effect. Would you like to reboot your computer now? Save your stuff, hold your breath and press Yes to reboot your computer. Or press No to ignore me.
[ 09/05/2018 23:17:22 ] Click on 'File' and then 'Reboot Windows' to Reboot your computer later.
[ 09/05/2018 23:17:22 ] Finished: Hope that resolved your issues. If not, it could be a physical hardware problem.
------------------------------------------------------------------------------------------
[ 09/05/2018 23:17:23 ] Repairing DVD Drive.
------------------------------------------------------------------------------------------
[ 09/05/2018 23:17:23 ] [SC] ChangeServiceConfig SUCCESS
[ 09/05/2018 23:17:23 ] The requested service has already been started.
[ 09/05/2018 23:17:23 ] More help is available by typing NET HELPMSG 2182.
[ 09/05/2018 23:17:23 ] Resetting Upper and Lower Filters.
[ 09/05/2018 23:17:23 ] Restoring the ATAPI disk interface.
[ 09/05/2018 23:17:23 ] ^ You might need to reboot your computer before the settings will take effect. Would you like to reboot your computer now? Save your stuff, hold your breath and press Yes to reboot your computer. Or press No to ignore me.
[ 09/05/2018 23:17:23 ] Click on 'File' and then 'Reboot Windows' to Reboot your computer later.
[ 09/05/2018 23:17:23 ] Finished: Hope that resolved your issues. If not, it could be a physical hardware problem.
------------------------------------------------------------------------------------------
[ 09/05/2018 23:17:24 ] Repairing DVD Drive.
------------------------------------------------------------------------------------------
[ 09/05/2018 23:17:24 ] [SC] ChangeServiceConfig SUCCESS
[ 09/05/2018 23:17:24 ] The requested service has already been started.
[ 09/05/2018 23:17:24 ] More help is available by typing NET HELPMSG 2182.
[ 09/05/2018 23:17:24 ] Resetting Upper and Lower Filters.
[ 09/05/2018 23:17:24 ] Restoring the ATAPI disk interface.
[ 09/05/2018 23:17:24 ] ^ You might need to reboot your computer before the settings will take effect. Would you like to reboot your computer now? Save your stuff, hold your breath and press Yes to reboot your computer. Or press No to ignore me.
[ 09/05/2018 23:17:24 ] Click on 'File' and then 'Reboot Windows' to Reboot your computer later.
[ 09/05/2018 23:17:24 ] Finished: Hope that resolved your issues. If not, it could be a physical hardware problem.
------------------------------------------------------------------------------------------
[ 09/05/2018 23:17:25 ] Repairing DVD Drive.
------------------------------------------------------------------------------------------
[ 09/05/2018 23:17:25 ] [SC] ChangeServiceConfig SUCCESS
[ 09/05/2018 23:17:25 ] The requested service has already been started.
[ 09/05/2018 23:17:25 ] More help is available by typing NET HELPMSG 2182.
[ 09/05/2018 23:17:25 ] Resetting Upper and Lower Filters.
[ 09/05/2018 23:17:25 ] Restoring the ATAPI disk interface.
[ 09/05/2018 23:17:25 ] ^ You might need to reboot your computer before the settings will take effect. Would you like to reboot your computer now? Save your stuff, hold your breath and press Yes to reboot your computer. Or press No to ignore me.
[ 09/05/2018 23:17:25 ] Click on 'File' and then 'Reboot Windows' to Reboot your computer later.
[ 09/05/2018 23:17:25 ] Finished: Hope that resolved your issues. If not, it could be a physical hardware problem.
------------------------------------------------------------------------------------------
[ 09/05/2018 23:17:26 ] Repairing DVD Drive.
------------------------------------------------------------------------------------------
[ 09/05/2018 23:17:26 ] [SC] ChangeServiceConfig SUCCESS
[ 09/05/2018 23:17:26 ] The requested service has already been started.
[ 09/05/2018 23:17:26 ] More help is available by typing NET HELPMSG 2182.
[ 09/05/2018 23:17:26 ] Resetting Upper and Lower Filters.
[ 09/05/2018 23:17:26 ] Restoring the ATAPI disk interface.
[ 09/05/2018 23:17:26 ] ^ You might need to reboot your computer before the settings will take effect. Would you like to reboot your computer now? Save your stuff, hold your breath and press Yes to reboot your computer. Or press No to ignore me.
[ 09/05/2018 23:17:26 ] Click on 'File' and then 'Reboot Windows' to Reboot your computer later.
[ 09/05/2018 23:17:26 ] Finished: Hope that resolved your issues. If not, it could be a physical hardware problem.
------------------------------------------------------------------------------------------
[ 09/05/2018 23:17:27 ] Repairing DVD Drive.
------------------------------------------------------------------------------------------
[ 09/05/2018 23:17:27 ] [SC] ChangeServiceConfig SUCCESS
[ 09/05/2018 23:17:27 ] The requested service has already been started.
[ 09/05/2018 23:17:27 ] More help is available by typing NET HELPMSG 2182.
[ 09/05/2018 23:17:27 ] Resetting Upper and Lower Filters.
[ 09/05/2018 23:17:27 ] Restoring the ATAPI disk interface.
[ 09/05/2018 23:17:27 ] ^ You might need to reboot your computer before the settings will take effect. Would you like to reboot your computer now? Save your stuff, hold your breath and press Yes to reboot your computer. Or press No to ignore me.
[ 09/05/2018 23:17:27 ] Click on 'File' and then 'Reboot Windows' to Reboot your computer later.
[ 09/05/2018 23:17:27 ] Finished: Hope that resolved your issues. If not, it could be a physical hardware problem.
------------------------------------------------------------------------------------------
[ 09/05/2018 23:17:28 ] Repairing DVD Drive.
------------------------------------------------------------------------------------------
[ 09/05/2018 23:17:28 ] [SC] ChangeServiceConfig SUCCESS
[ 09/05/2018 23:17:28 ] The requested service has already been started.
[ 09/05/2018 23:17:28 ] More help is available by typing NET HELPMSG 2182.
[ 09/05/2018 23:17:28 ] Resetting Upper and Lower Filters.
[ 09/05/2018 23:17:28 ] Restoring the ATAPI disk interface.
[ 09/05/2018 23:17:28 ] ^ You might need to reboot your computer before the settings will take effect. Would you like to reboot your computer now? Save your stuff, hold your breath and press Yes to reboot your computer. Or press No to ignore me.
[ 09/05/2018 23:17:28 ] Click on 'File' and then 'Reboot Windows' to Reboot your computer later.
[ 09/05/2018 23:17:28 ] Finished: Hope that resolved your issues. If not, it could be a physical hardware problem.
------------------------------------------------------------------------------------------
[ 09/05/2018 23:17:29 ] Repairing DVD Drive.
------------------------------------------------------------------------------------------
[ 09/05/2018 23:17:29 ] [SC] ChangeServiceConfig SUCCESS
[ 09/05/2018 23:17:29 ] The requested service has already been started.
[ 09/05/2018 23:17:29 ] More help is available by typing NET HELPMSG 2182.
[ 09/05/2018 23:17:29 ] Resetting Upper and Lower Filters.
[ 09/05/2018 23:17:29 ] Restoring the ATAPI disk interface.
[ 09/05/2018 23:17:29 ] ^ You might need to reboot your computer before the settings will take effect. Would you like to reboot your computer now? Save your stuff, hold your breath and press Yes to reboot your computer. Or press No to ignore me.
[ 09/05/2018 23:17:29 ] Click on 'File' and then 'Reboot Windows' to Reboot your computer later.
[ 09/05/2018 23:17:29 ] Finished: Hope that resolved your issues. If not, it could be a physical hardware problem.
------------------------------------------------------------------------------------------
[ 09/05/2018 23:17:30 ] Repairing DVD Drive.
------------------------------------------------------------------------------------------
[ 09/05/2018 23:17:30 ] [SC] ChangeServiceConfig SUCCESS
[ 09/05/2018 23:17:30 ] The requested service has already been started.
[ 09/05/2018 23:17:30 ] More help is available by typing NET HELPMSG 2182.
[ 09/05/2018 23:17:30 ] Resetting Upper and Lower Filters.
[ 09/05/2018 23:17:30 ] Restoring the ATAPI disk interface.
[ 09/05/2018 23:17:30 ] ^ You might need to reboot your computer before the settings will take effect. Would you like to reboot your computer now? Save your stuff, hold your breath and press Yes to reboot your computer. Or press No to ignore me.
[ 09/05/2018 23:17:30 ] Click on 'File' and then 'Reboot Windows' to Reboot your computer later.
[ 09/05/2018 23:17:30 ] Finished: Hope that resolved your issues. If not, it could be a physical hardware problem.
------------------------------------------------------------------------------------------
[ 09/05/2018 23:17:31 ] Repairing DVD Drive.
------------------------------------------------------------------------------------------
[ 09/05/2018 23:17:31 ] [SC] ChangeServiceConfig SUCCESS
[ 09/05/2018 23:17:31 ] The requested service has already been started.
[ 09/05/2018 23:17:31 ] More help is available by typing NET HELPMSG 2182.
[ 09/05/2018 23:17:31 ] Resetting Upper and Lower Filters.
[ 09/05/2018 23:17:31 ] Restoring the ATAPI disk interface.
[ 09/05/2018 23:17:31 ] ^ You might need to reboot your computer before the settings will take effect. Would you like to reboot your computer now? Save your stuff, hold your breath and press Yes to reboot your computer. Or press No to ignore me.
[ 09/05/2018 23:17:31 ] Click on 'File' and then 'Reboot Windows' to Reboot your computer later.
[ 09/05/2018 23:17:31 ] Finished: Hope that resolved your issues. If not, it could be a physical hardware problem.
------------------------------------------------------------------------------------------
[ 09/05/2018 23:17:31 ] Repairing DVD Drive.
------------------------------------------------------------------------------------------
[ 09/05/2018 23:17:32 ] [SC] ChangeServiceConfig SUCCESS
[ 09/05/2018 23:17:32 ] The requested service has already been started.
[ 09/05/2018 23:17:32 ] More help is available by typing NET HELPMSG 2182.
[ 09/05/2018 23:17:32 ] Resetting Upper and Lower Filters.
[ 09/05/2018 23:17:32 ] Restoring the ATAPI disk interface.
[ 09/05/2018 23:17:32 ] ^ You might need to reboot your computer before the settings will take effect. Would you like to reboot your computer now? Save your stuff, hold your breath and press Yes to reboot your computer. Or press No to ignore me.
[ 09/05/2018 23:17:32 ] Click on 'File' and then 'Reboot Windows' to Reboot your computer later.
[ 09/05/2018 23:17:32 ] Finished: Hope that resolved your issues. If not, it could be a physical hardware problem.
------------------------------------------------------------------------------------------
[ 09/05/2018 23:17:32 ] Repairing DVD Drive.
------------------------------------------------------------------------------------------
[ 09/05/2018 23:17:32 ] [SC] ChangeServiceConfig SUCCESS
[ 09/05/2018 23:17:33 ] The requested service has already been started.
[ 09/05/2018 23:17:33 ] More help is available by typing NET HELPMSG 2182.
[ 09/05/2018 23:17:33 ] Resetting Upper and Lower Filters.
[ 09/05/2018 23:17:33 ] Restoring the ATAPI disk interface.
[ 09/05/2018 23:17:33 ] ^ You might need to reboot your computer before the settings will take effect. Would you like to reboot your computer now? Save your stuff, hold your breath and press Yes to reboot your computer. Or press No to ignore me.
[ 09/05/2018 23:17:33 ] Click on 'File' and then 'Reboot Windows' to Reboot your computer later.
[ 09/05/2018 23:17:33 ] Finished: Hope that resolved your issues. If not, it could be a physical hardware problem.
------------------------------------------------------------------------------------------
[ 09/05/2018 23:17:33 ] Repairing DVD Drive.
------------------------------------------------------------------------------------------
[ 09/05/2018 23:17:33 ] [SC] ChangeServiceConfig SUCCESS
[ 09/05/2018 23:17:33 ] The requested service has already been started.
[ 09/05/2018 23:17:34 ] More help is available by typing NET HELPMSG 2182.
[ 09/05/2018 23:17:34 ] Resetting Upper and Lower Filters.
[ 09/05/2018 23:17:34 ] Restoring the ATAPI disk interface.
[ 09/05/2018 23:17:34 ] ^ You might need to reboot your computer before the settings will take effect. Would you like to reboot your computer now? Save your stuff, hold your breath and press Yes to reboot your computer. Or press No to ignore me.
[ 09/05/2018 23:17:34 ] Click on 'File' and then 'Reboot Windows' to Reboot your computer later.
[ 09/05/2018 23:17:34 ] Finished: Hope that resolved your issues. If not, it could be a physical hardware problem.
------------------------------------------------------------------------------------------
[ 09/05/2018 23:17:34 ] Repairing DVD Drive.
------------------------------------------------------------------------------------------
[ 09/05/2018 23:17:34 ] [SC] ChangeServiceConfig SUCCESS
[ 09/05/2018 23:17:34 ] The requested service has already been started.
[ 09/05/2018 23:17:34 ] More help is available by typing NET HELPMSG 2182.
[ 09/05/2018 23:17:35 ] Resetting Upper and Lower Filters.
[ 09/05/2018 23:17:35 ] Restoring the ATAPI disk interface.
[ 09/05/2018 23:17:35 ] ^ You might need to reboot your computer before the settings will take effect. Would you like to reboot your computer now? Save your stuff, hold your breath and press Yes to reboot your computer. Or press No to ignore me.
[ 09/05/2018 23:17:35 ] Click on 'File' and then 'Reboot Windows' to Reboot your computer later.
[ 09/05/2018 23:17:35 ] Finished: Hope that resolved your issues. If not, it could be a physical hardware problem.
------------------------------------------------------------------------------------------
[ 09/05/2018 23:17:35 ] Repairing DVD Drive.
------------------------------------------------------------------------------------------
[ 09/05/2018 23:17:35 ] [SC] ChangeServiceConfig SUCCESS
[ 09/05/2018 23:17:35 ] The requested service has already been started.
[ 09/05/2018 23:17:35 ] More help is available by typing NET HELPMSG 2182.
[ 09/05/2018 23:17:35 ] Resetting Upper and Lower Filters.
[ 09/05/2018 23:17:35 ] Restoring the ATAPI disk interface.
[ 09/05/2018 23:17:35 ] ^ You might need to reboot your computer before the settings will take effect. Would you like to reboot your computer now? Save your stuff, hold your breath and press Yes to reboot your computer. Or press No to ignore me.
[ 09/05/2018 23:17:36 ] Click on 'File' and then 'Reboot Windows' to Reboot your computer later.
[ 09/05/2018 23:17:36 ] Finished: Hope that resolved your issues. If not, it could be a physical hardware problem.
------------------------------------------------------------------------------------------


                                            ./
                                          (o o)
--------------------------------------oOOo-(-)-oOOo--------------------------------------

[ 09/05/2018 23:30:30 ] DATE:                        09/05/2018 23:30:30
[ 09/05/2018 23:30:30 ] PROGRAM:                     DVD Drive Repair 2.0.0.1056
[ 09/05/2018 23:30:30 ] PROGRAM PATH:                [D:\Rizonesoft\SDK\Concrete\DVDRepair\DVDRepair_X64.exe]
[ 09/05/2018 23:30:30 ] COMPILED:                    YES
[ 09/05/2018 23:30:30 ] WINDOWS VERSION:             WIN_10 
[ 09/05/2018 23:30:30 ] SYSTEM TYPE:                 64-Bit Operating System
[ 09/05/2018 23:30:30 ] MEMORY (RAM):                8157.89 MB
[ 09/05/2018 23:30:30 ] PROGRAM FILES DIRECTORY:     C:\Program Files
[ 09/05/2018 23:30:30 ] WINDOWS DIRECTORY:           C:\WINDOWS
-----------------------------------------------------------------------------------------



                                            ./
                                          (o o)
--------------------------------------oOOo-(-)-oOOo--------------------------------------

[ 17/05/2018 07:25:38 ] DATE:                        17/05/2018 07:25:38
[ 17/05/2018 07:25:38 ] PROGRAM:                     DVD Drive Repair 2.0.0.1059
[ 17/05/2018 07:25:38 ] PROGRAM PATH:                [D:\SDK\Concrete\DVDRepair\DVDRepair_X64.exe]
[ 17/05/2018 07:25:38 ] COMPILED:                    YES
[ 17/05/2018 07:25:38 ] WINDOWS VERSION:             WIN_10 
[ 17/05/2018 07:25:39 ] SYSTEM TYPE:                 64-Bit Operating System
[ 17/05/2018 07:25:39 ] MEMORY (RAM):                8157.89 MB
[ 17/05/2018 07:25:39 ] PROGRAM FILES DIRECTORY:     C:\Program Files
[ 17/05/2018 07:25:39 ] WINDOWS DIRECTORY:           C:\WINDOWS
-----------------------------------------------------------------------------------------



                                            ./
                                          (o o)
--------------------------------------oOOo-(-)-oOOo--------------------------------------

[ 17/05/2018 07:40:21 ] DATE:                        17/05/2018 07:40:21
[ 17/05/2018 07:40:21 ] PROGRAM:                     DVD Drive Repair 2.0.0.1060
[ 17/05/2018 07:40:21 ] PROGRAM PATH:                [D:\SDK\Concrete\DVDRepair\DVDRepair_X64.exe]
[ 17/05/2018 07:40:21 ] COMPILED:                    YES
[ 17/05/2018 07:40:21 ] WINDOWS VERSION:             WIN_10 
[ 17/05/2018 07:40:21 ] SYSTEM TYPE:                 64-Bit Operating System
[ 17/05/2018 07:40:21 ] MEMORY (RAM):                8157.89 MB
[ 17/05/2018 07:40:21 ] PROGRAM FILES DIRECTORY:     C:\Program Files
[ 17/05/2018 07:40:21 ] WINDOWS DIRECTORY:           C:\WINDOWS
-----------------------------------------------------------------------------------------



                                            ./
                                          (o o)
--------------------------------------oOOo-(-)-oOOo--------------------------------------

[ 17/05/2018 07:44:11 ] DATE:                        17/05/2018 07:44:11
[ 17/05/2018 07:44:11 ] PROGRAM:                     DVD Drive Repair 2.0.0.1061
[ 17/05/2018 07:44:11 ] PROGRAM PATH:                [D:\SDK\Concrete\DVDRepair\DVDRepair_X64.exe]
[ 17/05/2018 07:44:11 ] COMPILED:                    YES
[ 17/05/2018 07:44:11 ] WINDOWS VERSION:             WIN_10 
[ 17/05/2018 07:44:11 ] SYSTEM TYPE:                 64-Bit Operating System
[ 17/05/2018 07:44:11 ] MEMORY (RAM):                8157.89 MB
[ 17/05/2018 07:44:11 ] PROGRAM FILES DIRECTORY:     C:\Program Files
[ 17/05/2018 07:44:11 ] WINDOWS DIRECTORY:           C:\WINDOWS
-----------------------------------------------------------------------------------------



                                            ./
                                          (o o)
--------------------------------------oOOo-(-)-oOOo--------------------------------------

[ 17/05/2018 07:45:09 ] DATE:                        17/05/2018 07:45:09
[ 17/05/2018 07:45:09 ] PROGRAM:                     DVD Drive Repair 2.0.0.1062
[ 17/05/2018 07:45:09 ] PROGRAM PATH:                [D:\SDK\Concrete\DVDRepair\DVDRepair_X64.exe]
[ 17/05/2018 07:45:09 ] COMPILED:                    YES
[ 17/05/2018 07:45:09 ] WINDOWS VERSION:             WIN_10 
[ 17/05/2018 07:45:09 ] SYSTEM TYPE:                 64-Bit Operating System
[ 17/05/2018 07:45:09 ] MEMORY (RAM):                8157.89 MB
[ 17/05/2018 07:45:09 ] PROGRAM FILES DIRECTORY:     C:\Program Files
[ 17/05/2018 07:45:09 ] WINDOWS DIRECTORY:           C:\WINDOWS
-----------------------------------------------------------------------------------------



                                            ./
                                          (o o)
--------------------------------------oOOo-(-)-oOOo--------------------------------------

[ 17/05/2018 07:48:04 ] DATE:                        17/05/2018 07:48:04
[ 17/05/2018 07:48:04 ] PROGRAM:                     DVD Drive Repair 2.0.0.1063
[ 17/05/2018 07:48:04 ] PROGRAM PATH:                [D:\SDK\Concrete\DVDRepair\DVDRepair_X64.exe]
[ 17/05/2018 07:48:04 ] COMPILED:                    YES
[ 17/05/2018 07:48:04 ] WINDOWS VERSION:             WIN_10 
[ 17/05/2018 07:48:04 ] SYSTEM TYPE:                 64-Bit Operating System
[ 17/05/2018 07:48:04 ] MEMORY (RAM):                8157.89 MB
[ 17/05/2018 07:48:04 ] PROGRAM FILES DIRECTORY:     C:\Program Files
[ 17/05/2018 07:48:04 ] WINDOWS DIRECTORY:           C:\WINDOWS
-----------------------------------------------------------------------------------------



                                            ./
                                          (o o)
--------------------------------------oOOo-(-)-oOOo--------------------------------------

[ 17/05/2018 07:51:08 ] DATE:                        17/05/2018 07:51:08
[ 17/05/2018 07:51:08 ] PROGRAM:                     DVD Drive Repair 2.0.0.1064
[ 17/05/2018 07:51:08 ] PROGRAM PATH:                [D:\SDK\Concrete\DVDRepair\DVDRepair_X64.exe]
[ 17/05/2018 07:51:08 ] COMPILED:                    YES
[ 17/05/2018 07:51:08 ] WINDOWS VERSION:             WIN_10 
[ 17/05/2018 07:51:08 ] SYSTEM TYPE:                 64-Bit Operating System
[ 17/05/2018 07:51:08 ] MEMORY (RAM):                8157.89 MB
[ 17/05/2018 07:51:08 ] PROGRAM FILES DIRECTORY:     C:\Program Files
[ 17/05/2018 07:51:08 ] WINDOWS DIRECTORY:           C:\WINDOWS
-----------------------------------------------------------------------------------------



                                            ./
                                          (o o)
--------------------------------------oOOo-(-)-oOOo--------------------------------------

[ 17/05/2018 08:11:57 ] DATE:                        17/05/2018 08:11:57
[ 17/05/2018 08:11:57 ] PROGRAM:                     DVD Drive Repair 2.0.0.1064
[ 17/05/2018 08:11:57 ] PROGRAM PATH:                [D:\SDK\Concrete\DVDRepair\DVDRepair_X64.exe]
[ 17/05/2018 08:11:57 ] COMPILED:                    YES
[ 17/05/2018 08:11:57 ] WINDOWS VERSION:             WIN_10 
[ 17/05/2018 08:11:57 ] SYSTEM TYPE:                 64-Bit Operating System
[ 17/05/2018 08:11:57 ] MEMORY (RAM):                8157.89 MB
[ 17/05/2018 08:11:58 ] PROGRAM FILES DIRECTORY:     C:\Program Files
[ 17/05/2018 08:11:58 ] WINDOWS DIRECTORY:           C:\WINDOWS
-----------------------------------------------------------------------------------------



                                            ./
                                          (o o)
--------------------------------------oOOo-(-)-oOOo--------------------------------------

[ 17/05/2018 08:13:39 ] DATE:                        17/05/2018 08:13:39
[ 17/05/2018 08:13:39 ] PROGRAM:                     DVD Drive Repair 2.0.0.1065
[ 17/05/2018 08:13:39 ] PROGRAM PATH:                [D:\SDK\Concrete\DVDRepair\DVDRepair_X64.exe]
[ 17/05/2018 08:13:39 ] COMPILED:                    YES
[ 17/05/2018 08:13:39 ] WINDOWS VERSION:             WIN_10 
[ 17/05/2018 08:13:39 ] SYSTEM TYPE:                 64-Bit Operating System
[ 17/05/2018 08:13:39 ] MEMORY (RAM):                8157.89 MB
[ 17/05/2018 08:13:39 ] PROGRAM FILES DIRECTORY:     C:\Program Files
[ 17/05/2018 08:13:39 ] WINDOWS DIRECTORY:           C:\WINDOWS
-----------------------------------------------------------------------------------------



                                            ./
                                          (o o)
--------------------------------------oOOo-(-)-oOOo--------------------------------------

[ 17/05/2018 08:26:12 ] DATE:                        17/05/2018 08:26:12
[ 17/05/2018 08:26:12 ] PROGRAM:                     DVD Drive Repair 2.0.0.1067
[ 17/05/2018 08:26:12 ] PROGRAM PATH:                [D:\SDK\Concrete\DVDRepair\DVDRepair_X64.exe]
[ 17/05/2018 08:26:12 ] COMPILED:                    YES
[ 17/05/2018 08:26:12 ] WINDOWS VERSION:             WIN_10 
[ 17/05/2018 08:26:12 ] SYSTEM TYPE:                 64-Bit Operating System
[ 17/05/2018 08:26:13 ] MEMORY (RAM):                8157.89 MB
[ 17/05/2018 08:26:13 ] PROGRAM FILES DIRECTORY:     C:\Program Files
[ 17/05/2018 08:26:13 ] WINDOWS DIRECTORY:           C:\WINDOWS
-----------------------------------------------------------------------------------------



                                            ./
                                          (o o)
--------------------------------------oOOo-(-)-oOOo--------------------------------------

[ 17/05/2018 08:32:12 ] DATE:                        17/05/2018 08:32:12
[ 17/05/2018 08:32:12 ] PROGRAM:                     DVD Drive Repair 2.0.0.1068
[ 17/05/2018 08:32:12 ] PROGRAM PATH:                [D:\SDK\Concrete\DVDRepair\DVDRepair_X64.exe]
[ 17/05/2018 08:32:12 ] COMPILED:                    YES
[ 17/05/2018 08:32:12 ] WINDOWS VERSION:             WIN_10 
[ 17/05/2018 08:32:12 ] SYSTEM TYPE:                 64-Bit Operating System
[ 17/05/2018 08:32:12 ] MEMORY (RAM):                8157.89 MB
[ 17/05/2018 08:32:12 ] PROGRAM FILES DIRECTORY:     C:\Program Files
[ 17/05/2018 08:32:12 ] WINDOWS DIRECTORY:           C:\WINDOWS
-----------------------------------------------------------------------------------------



                                            ./
                                          (o o)
--------------------------------------oOOo-(-)-oOOo--------------------------------------

[ 17/05/2018 08:37:55 ] DATE:                        17/05/2018 08:37:55
[ 17/05/2018 08:37:55 ] PROGRAM:                     DVD Drive Repair 2.0.0.1069
[ 17/05/2018 08:37:55 ] PROGRAM PATH:                [D:\SDK\Concrete\DVDRepair\DVDRepair_X64.exe]
[ 17/05/2018 08:37:55 ] COMPILED:                    YES
[ 17/05/2018 08:37:55 ] WINDOWS VERSION:             WIN_10 
[ 17/05/2018 08:37:55 ] SYSTEM TYPE:                 64-Bit Operating System
[ 17/05/2018 08:37:55 ] MEMORY (RAM):                8157.89 MB
[ 17/05/2018 08:37:55 ] PROGRAM FILES DIRECTORY:     C:\Program Files
[ 17/05/2018 08:37:55 ] WINDOWS DIRECTORY:           C:\WINDOWS
-----------------------------------------------------------------------------------------



                                            ./
                                          (o o)
--------------------------------------oOOo-(-)-oOOo--------------------------------------

[ 17/05/2018 09:02:44 ] DATE:                        17/05/2018 09:02:44
[ 17/05/2018 09:02:44 ] PROGRAM:                     DVD Drive Repair 2.0.0.1070
[ 17/05/2018 09:02:44 ] PROGRAM PATH:                [D:\SDK\Concrete\DVDRepair\DVDRepair_X64.exe]
[ 17/05/2018 09:02:44 ] COMPILED:                    YES
[ 17/05/2018 09:02:44 ] WINDOWS VERSION:             WIN_10 
[ 17/05/2018 09:02:44 ] SYSTEM TYPE:                 64-Bit Operating System
[ 17/05/2018 09:02:44 ] MEMORY (RAM):                8157.89 MB
[ 17/05/2018 09:02:44 ] PROGRAM FILES DIRECTORY:     C:\Program Files
[ 17/05/2018 09:02:44 ] WINDOWS DIRECTORY:           C:\WINDOWS
-----------------------------------------------------------------------------------------



                                            ./
                                          (o o)
--------------------------------------oOOo-(-)-oOOo--------------------------------------

[ 17/05/2018 09:04:17 ] DATE:                        17/05/2018 09:04:17
[ 17/05/2018 09:04:17 ] PROGRAM:                     DVD Drive Repair 2.0.0.1080
[ 17/05/2018 09:04:17 ] PROGRAM PATH:                [D:\SDK\Concrete\DVDRepair\DVDRepair_X64.exe]
[ 17/05/2018 09:04:17 ] COMPILED:                    YES
[ 17/05/2018 09:04:17 ] WINDOWS VERSION:             WIN_10 
[ 17/05/2018 09:04:17 ] SYSTEM TYPE:                 64-Bit Operating System
[ 17/05/2018 09:04:17 ] MEMORY (RAM):                8157.89 MB
[ 17/05/2018 09:04:17 ] PROGRAM FILES DIRECTORY:     C:\Program Files
[ 17/05/2018 09:04:17 ] WINDOWS DIRECTORY:           C:\WINDOWS
-----------------------------------------------------------------------------------------



                                            ./
                                          (o o)
--------------------------------------oOOo-(-)-oOOo--------------------------------------

[ 17/05/2018 09:14:54 ] DATE:                        17/05/2018 09:14:54
[ 17/05/2018 09:14:54 ] PROGRAM:                     DVD Drive Repair 2.0.0.1080
[ 17/05/2018 09:14:54 ] PROGRAM PATH:                [D:\SDK\Concrete\DVDRepair\DVDRepair_X64.exe]
[ 17/05/2018 09:14:54 ] COMPILED:                    YES
[ 17/05/2018 09:14:54 ] WINDOWS VERSION:             WIN_10 
[ 17/05/2018 09:14:54 ] SYSTEM TYPE:                 64-Bit Operating System
[ 17/05/2018 09:14:54 ] MEMORY (RAM):                8157.89 MB
[ 17/05/2018 09:14:54 ] PROGRAM FILES DIRECTORY:     C:\Program Files
[ 17/05/2018 09:14:54 ] WINDOWS DIRECTORY:           C:\WINDOWS
-----------------------------------------------------------------------------------------



                                            ./
                                          (o o)
--------------------------------------oOOo-(-)-oOOo--------------------------------------

[ 17/05/2018 09:33:58 ] DATE:                        17/05/2018 09:33:58
[ 17/05/2018 09:33:58 ] PROGRAM:                     DVD Drive Repair 2.0.0.1080
[ 17/05/2018 09:33:58 ] PROGRAM PATH:                [D:\SDK\Concrete\DVDRepair\DVDRepair_X64.exe]
[ 17/05/2018 09:33:58 ] COMPILED:                    YES
[ 17/05/2018 09:33:58 ] WINDOWS VERSION:             WIN_10 
[ 17/05/2018 09:33:58 ] SYSTEM TYPE:                 64-Bit Operating System
[ 17/05/2018 09:33:58 ] MEMORY (RAM):                8157.89 MB
[ 17/05/2018 09:33:58 ] PROGRAM FILES DIRECTORY:     C:\Program Files
[ 17/05/2018 09:33:58 ] WINDOWS DIRECTORY:           C:\WINDOWS
-----------------------------------------------------------------------------------------



                                            ./
                                          (o o)
--------------------------------------oOOo-(-)-oOOo--------------------------------------

[ 10/06/2018 22:25:56 ] DATE:                        10/06/2018 22:25:56
[ 10/06/2018 22:25:56 ] PROGRAM:                     DVD Drive Repair 2.0.0.1080
[ 10/06/2018 22:25:56 ] PROGRAM PATH:                [D:\SDK\Concrete\DVDRepair\DVDRepair_X64.exe]
[ 10/06/2018 22:25:56 ] COMPILED:                    YES
[ 10/06/2018 22:25:56 ] WINDOWS VERSION:             WIN_10 
[ 10/06/2018 22:25:56 ] SYSTEM TYPE:                 64-Bit Operating System
[ 10/06/2018 22:25:56 ] MEMORY (RAM):                8157.89 MB
[ 10/06/2018 22:25:56 ] PROGRAM FILES DIRECTORY:     C:\Program Files
[ 10/06/2018 22:25:56 ] WINDOWS DIRECTORY:           C:\WINDOWS
-----------------------------------------------------------------------------------------



                                            ./
                                          (o o)
--------------------------------------oOOo-(-)-oOOo--------------------------------------

[ 01/09/2018 11:31:24 ] DATE:                        01/09/2018 11:31:24
[ 01/09/2018 11:31:24 ] PROGRAM:                     DVD Drive Repair 2.0.0.1091
[ 01/09/2018 11:31:24 ] PROGRAM PATH:                [D:\SDK\Concrete\DVDRepair\DVDRepair_X64.exe]
[ 01/09/2018 11:31:24 ] COMPILED:                    YES
[ 01/09/2018 11:31:24 ] WINDOWS VERSION:             WIN_10 
[ 01/09/2018 11:31:24 ] SYSTEM TYPE:                 64-Bit Operating System
[ 01/09/2018 11:31:24 ] MEMORY (RAM):                8157.89 MB
[ 01/09/2018 11:31:24 ] PROGRAM FILES DIRECTORY:     C:\Program Files
[ 01/09/2018 11:31:24 ] WINDOWS DIRECTORY:           C:\WINDOWS
-----------------------------------------------------------------------------------------



                                            ./
                                          (o o)
--------------------------------------oOOo-(-)-oOOo--------------------------------------

[ 02/09/2018 15:13:58 ] DATE:                        02/09/2018 15:13:58
[ 02/09/2018 15:13:58 ] PROGRAM:                     DVD Drive Repair 2.0.0.1092
[ 02/09/2018 15:13:58 ] PROGRAM PATH:                [D:\SDK\Concrete\DVDRepair\DVDRepair_X64.exe]
[ 02/09/2018 15:13:58 ] COMPILED:                    YES
[ 02/09/2018 15:13:58 ] WINDOWS VERSION:             WIN_10 
[ 02/09/2018 15:13:58 ] SYSTEM TYPE:                 64-Bit Operating System
[ 02/09/2018 15:13:58 ] MEMORY (RAM):                8157.89 MB
[ 02/09/2018 15:13:58 ] PROGRAM FILES DIRECTORY:     C:\Program Files
[ 02/09/2018 15:13:58 ] WINDOWS DIRECTORY:           C:\WINDOWS
-----------------------------------------------------------------------------------------



                                            ./
                                          (o o)
--------------------------------------oOOo-(-)-oOOo--------------------------------------

[ 02/09/2018 15:17:56 ] DATE:                        02/09/2018 15:17:56
[ 02/09/2018 15:17:56 ] PROGRAM:                     DVD Drive Repair 2.0.0.1092
[ 02/09/2018 15:17:56 ] PROGRAM PATH:                [D:\SDK\Concrete\DVDRepair\DVDRepair_X64.exe]
[ 02/09/2018 15:17:56 ] COMPILED:                    YES
[ 02/09/2018 15:17:56 ] WINDOWS VERSION:             WIN_10 
[ 02/09/2018 15:17:56 ] SYSTEM TYPE:                 64-Bit Operating System
[ 02/09/2018 15:17:56 ] MEMORY (RAM):                8157.89 MB
[ 02/09/2018 15:17:56 ] PROGRAM FILES DIRECTORY:     C:\Program Files
[ 02/09/2018 15:17:56 ] WINDOWS DIRECTORY:           C:\WINDOWS
-----------------------------------------------------------------------------------------



                                            ./
                                          (o o)
--------------------------------------oOOo-(-)-oOOo--------------------------------------

[ 02/09/2018 15:18:28 ] DATE:                        02/09/2018 15:18:28
[ 02/09/2018 15:18:28 ] PROGRAM:                     DVD Drive Repair 2.0.0.1092
[ 02/09/2018 15:18:28 ] PROGRAM PATH:                [D:\SDK\Concrete\DVDRepair\DVDRepair_X64.exe]
[ 02/09/2018 15:18:28 ] COMPILED:                    YES
[ 02/09/2018 15:18:28 ] WINDOWS VERSION:             WIN_10 
[ 02/09/2018 15:18:28 ] SYSTEM TYPE:                 64-Bit Operating System
[ 02/09/2018 15:18:28 ] MEMORY (RAM):                8157.89 MB
[ 02/09/2018 15:18:28 ] PROGRAM FILES DIRECTORY:     C:\Program Files
[ 02/09/2018 15:18:28 ] WINDOWS DIRECTORY:           C:\WINDOWS
-----------------------------------------------------------------------------------------



                                            ./
                                          (o o)
--------------------------------------oOOo-(-)-oOOo--------------------------------------

[ 02/09/2018 22:34:17 ] DATE:                        02/09/2018 22:34:17
[ 02/09/2018 22:34:17 ] PROGRAM:                     DVD Drive Repair 2.0.0.1092
[ 02/09/2018 22:34:17 ] PROGRAM PATH:                [D:\SDK\Concrete\DVDRepair\DVDRepair_X64.exe]
[ 02/09/2018 22:34:17 ] COMPILED:                    YES
[ 02/09/2018 22:34:17 ] WINDOWS VERSION:             WIN_10 
[ 02/09/2018 22:34:17 ] SYSTEM TYPE:                 64-Bit Operating System
[ 02/09/2018 22:34:17 ] MEMORY (RAM):                8157.89 MB
[ 02/09/2018 22:34:17 ] PROGRAM FILES DIRECTORY:     C:\Program Files
[ 02/09/2018 22:34:17 ] WINDOWS DIRECTORY:           C:\WINDOWS
-----------------------------------------------------------------------------------------



                                            ./
                                          (o o)
--------------------------------------oOOo-(-)-oOOo--------------------------------------

[ 18/09/2018 16:15:37 ] DATE:                        18/09/2018 16:15:37
[ 18/09/2018 16:15:37 ] PROGRAM:                     DVD Drive Repair 2.0.0.1092
[ 18/09/2018 16:15:37 ] PROGRAM PATH:                [D:\SDK\Concrete\DVDRepair\DVDRepair_X64.exe]
[ 18/09/2018 16:15:37 ] COMPILED:                    YES
[ 18/09/2018 16:15:37 ] WINDOWS VERSION:             WIN_10 
[ 18/09/2018 16:15:37 ] SYSTEM TYPE:                 64-Bit Operating System
[ 18/09/2018 16:15:37 ] MEMORY (RAM):                8157.89 MB
[ 18/09/2018 16:15:37 ] PROGRAM FILES DIRECTORY:     C:\Program Files
[ 18/09/2018 16:15:37 ] WINDOWS DIRECTORY:           C:\Windows
-----------------------------------------------------------------------------------------



                                            ./
                                          (o o)
--------------------------------------oOOo-(-)-oOOo--------------------------------------

[ 18/09/2018 22:49:06 ] DATE:                        18/09/2018 22:49:06
[ 18/09/2018 22:49:06 ] PROGRAM:                     DVD Drive Repair 2.0.3.1096
[ 18/09/2018 22:49:06 ] PROGRAM PATH:                [D:\SDK\Concrete\DVDRepair\DVDRepair_X64.exe]
[ 18/09/2018 22:49:06 ] COMPILED:                    YES
[ 18/09/2018 22:49:06 ] WINDOWS VERSION:             WIN_10 
[ 18/09/2018 22:49:06 ] SYSTEM TYPE:                 64-Bit Operating System
[ 18/09/2018 22:49:06 ] MEMORY (RAM):                8157.89 MB
[ 18/09/2018 22:49:06 ] PROGRAM FILES DIRECTORY:     C:\Program Files
[ 18/09/2018 22:49:06 ] WINDOWS DIRECTORY:           C:\Windows
-----------------------------------------------------------------------------------------

[ 18/09/2018 22:54:18 ] Repairing DVD Drive.
------------------------------------------------------------------------------------------
[ 18/09/2018 22:54:19 ] [SC] ChangeServiceConfig SUCCESS
[ 18/09/2018 22:54:20 ] The requested service has already been started.
[ 18/09/2018 22:54:20 ] More help is available by typing NET HELPMSG 2182.
[ 18/09/2018 22:54:20 ] Resetting Upper and Lower Filters.
[ 18/09/2018 22:54:20 ] Restoring the ATAPI disk interface.
[ 18/09/2018 22:54:20 ] ^ You might need to reboot your computer before the settings will take effect. Would you like to reboot your computer now? Save your stuff, hold your breath and press Yes to reboot your computer. Or press No to ignore me.
[ 18/09/2018 22:54:20 ] Click on 'File' and then 'Reboot Windows' to Reboot your computer later.
[ 18/09/2018 22:54:20 ] Finished: Hope that resolved your issues. If not, it could be a physical hardware problem.
------------------------------------------------------------------------------------------


                                            ./
                                          (o o)
--------------------------------------oOOo-(-)-oOOo--------------------------------------

[ 18/09/2018 22:54:57 ] DATE:                        18/09/2018 22:54:57
[ 18/09/2018 22:54:57 ] PROGRAM:                     DVD Drive Repair 2.0.3.1096
[ 18/09/2018 22:54:57 ] PROGRAM PATH:                [D:\SDK\Concrete\DVDRepair\DVDRepair_X64.exe]
[ 18/09/2018 22:54:57 ] COMPILED:                    YES
[ 18/09/2018 22:54:57 ] WINDOWS VERSION:             WIN_10 
[ 18/09/2018 22:54:57 ] SYSTEM TYPE:                 64-Bit Operating System
[ 18/09/2018 22:54:57 ] MEMORY (RAM):                8157.89 MB
[ 18/09/2018 22:54:57 ] PROGRAM FILES DIRECTORY:     C:\Program Files
[ 18/09/2018 22:54:57 ] WINDOWS DIRECTORY:           C:\Windows
-----------------------------------------------------------------------------------------



                                            ./
                                          (o o)
--------------------------------------oOOo-(-)-oOOo--------------------------------------

[ 18/09/2018 23:11:33 ] DATE:                        18/09/2018 23:11:33
[ 18/09/2018 23:11:33 ] PROGRAM:                     DVD Drive Repair 2.0.3.1097
[ 18/09/2018 23:11:33 ] PROGRAM PATH:                [D:\SDK\Concrete\DVDRepair\DVDRepair_X64.exe]
[ 18/09/2018 23:11:34 ] COMPILED:                    YES
[ 18/09/2018 23:11:34 ] WINDOWS VERSION:             WIN_10 
[ 18/09/2018 23:11:34 ] SYSTEM TYPE:                 64-Bit Operating System
[ 18/09/2018 23:11:34 ] MEMORY (RAM):                8157.89 MB
[ 18/09/2018 23:11:34 ] PROGRAM FILES DIRECTORY:     C:\Program Files
[ 18/09/2018 23:11:34 ] WINDOWS DIRECTORY:           C:\Windows
-----------------------------------------------------------------------------------------

[ 18/09/2018 23:13:51 ] Repairing DVD Drive.
------------------------------------------------------------------------------------------
[ 18/09/2018 23:13:55 ] [SC] ChangeServiceConfig SUCCESS
[ 18/09/2018 23:13:58 ] The requested service has already been started.
[ 18/09/2018 23:13:58 ] More help is available by typing NET HELPMSG 2182.
[ 18/09/2018 23:13:59 ] Resetting Upper and Lower Filters.
[ 18/09/2018 23:13:59 ] Restoring the ATAPI disk interface.
[ 18/09/2018 23:13:59 ] ^ You might need to reboot your computer before the settings will take effect. Would you like to reboot your computer now? Save your stuff, hold your breath and press Yes to reboot your computer. Or press No to ignore me.
[ 18/09/2018 23:13:59 ] Click on 'File' and then 'Reboot Windows' to Reboot your computer later.
[ 18/09/2018 23:13:59 ] Finished: Hope that resolved your issues. If not, it could be a physical hardware problem.
------------------------------------------------------------------------------------------


                                            ./
                                          (o o)
--------------------------------------oOOo-(-)-oOOo--------------------------------------

[ 19/09/2018 11:30:54 ] DATE:                        19/09/2018 11:30:54
[ 19/09/2018 11:30:54 ] PROGRAM:                     DVD Drive Repair 2.0.3.1099
[ 19/09/2018 11:30:54 ] PROGRAM PATH:                [D:\SDK\Concrete\DVDRepair\DVDRepair_X64.exe]
[ 19/09/2018 11:30:54 ] COMPILED:                    YES
[ 19/09/2018 11:30:54 ] WINDOWS VERSION:             WIN_10 
[ 19/09/2018 11:30:54 ] SYSTEM TYPE:                 64-Bit Operating System
[ 19/09/2018 11:30:54 ] MEMORY (RAM):                8157.89 MB
[ 19/09/2018 11:30:55 ] PROGRAM FILES DIRECTORY:     C:\Program Files
[ 19/09/2018 11:30:55 ] WINDOWS DIRECTORY:           C:\Windows
-----------------------------------------------------------------------------------------



                                            ./
                                          (o o)
--------------------------------------oOOo-(-)-oOOo--------------------------------------

[ 15/02/2019 18:04:18 ] DATE:                        15/02/2019 18:04:18
[ 15/02/2019 18:04:18 ] PROGRAM:                     DVD Drive Repair 2.0.3.1100
[ 15/02/2019 18:04:18 ] PROGRAM PATH:                [E:\Resolute\SDK\Concrete\DVDRepair\DVDRepair_X64.exe]
[ 15/02/2019 18:04:18 ] COMPILED:                    YES
[ 15/02/2019 18:04:18 ] WINDOWS VERSION:             WIN_10 
[ 15/02/2019 18:04:18 ] SYSTEM TYPE:                 64-Bit Operating System
[ 15/02/2019 18:04:18 ] MEMORY (RAM):                8110.94 MB
[ 15/02/2019 18:04:18 ] PROGRAM FILES DIRECTORY:     C:\Program Files
[ 15/02/2019 18:04:18 ] WINDOWS DIRECTORY:           C:\Windows
-----------------------------------------------------------------------------------------

