=========================================================================================
 RIZONESOFT LOGGING VERSION 2.0
=========================================================================================


                                            ./
                                          (o o)
--------------------------------------oOOo-(-)-oOOo--------------------------------------

[ 2021/03/06 23:32:26 ] DATE:                        2021/03/06 23:32:26
[ 2021/03/06 23:32:26 ] PROGRAM:                     ReBar Framework 6.4.1.5504
[ 2021/03/06 23:32:27 ] PROGRAM PATH:                [C:\Users\Venom\Documents\GitHub\Resolute\SDK\Concrete\ReBar\ReBar.au3]
[ 2021/03/06 23:32:27 ] COMPILED:                    NO
[ 2021/03/06 23:32:27 ] AUTOIT VERSION:              3.3.15.3
[ 2021/03/06 23:32:27 ] AUTOIT 64-BIT VERSION:       YES
[ 2021/03/06 23:32:27 ] WINDOWS VERSION:             WIN_10 
[ 2021/03/06 23:32:27 ] SYSTEM TYPE:                 64-Bit Operating System
[ 2021/03/06 23:32:27 ] MEMORY (RAM):                16302.97 MB
[ 2021/03/06 23:32:27 ] PROGRAM FILES DIRECTORY:     C:\Program Files
[ 2021/03/06 23:32:27 ] WINDOWS DIRECTORY:           C:\WINDOWS
-----------------------------------------------------------------------------------------



                                            ./
                                          (o o)
--------------------------------------oOOo-(-)-oOOo--------------------------------------

[ 2021/03/06 23:39:20 ] DATE:                        2021/03/06 23:39:20
[ 2021/03/06 23:39:20 ] PROGRAM:                     ReBar Framework 6.4.1.5505
[ 2021/03/06 23:39:20 ] PROGRAM PATH:                [C:\Users\Venom\Documents\GitHub\Resolute\SDK\Concrete\ReBar\ReBar.au3]
[ 2021/03/06 23:39:20 ] COMPILED:                    NO
[ 2021/03/06 23:39:20 ] AUTOIT VERSION:              3.3.15.3
[ 2021/03/06 23:39:20 ] AUTOIT 64-BIT VERSION:       YES
[ 2021/03/06 23:39:20 ] WINDOWS VERSION:             WIN_10 
[ 2021/03/06 23:39:20 ] SYSTEM TYPE:                 64-Bit Operating System
[ 2021/03/06 23:39:20 ] MEMORY (RAM):                16302.97 MB
[ 2021/03/06 23:39:20 ] PROGRAM FILES DIRECTORY:     C:\Program Files
[ 2021/03/06 23:39:20 ] WINDOWS DIRECTORY:           C:\WINDOWS
-----------------------------------------------------------------------------------------



                                            ./
                                          (o o)
--------------------------------------oOOo-(-)-oOOo--------------------------------------

[ 2021/03/07 00:20:02 ] DATE:                        2021/03/07 00:20:02
[ 2021/03/07 00:20:02 ] PROGRAM:                     ReBar Framework 6.4.1.5514
[ 2021/03/07 00:20:02 ] PROGRAM PATH:                [C:\Users\Venom\Documents\GitHub\Resolute\SDK\Concrete\ReBar\ReBar.au3]
[ 2021/03/07 00:20:02 ] COMPILED:                    NO
[ 2021/03/07 00:20:02 ] AUTOIT VERSION:              3.3.15.3
[ 2021/03/07 00:20:02 ] AUTOIT 64-BIT VERSION:       YES
[ 2021/03/07 00:20:02 ] WINDOWS VERSION:             WIN_10 
[ 2021/03/07 00:20:02 ] SYSTEM TYPE:                 64-Bit Operating System
[ 2021/03/07 00:20:02 ] MEMORY (RAM):                16302.97 MB
[ 2021/03/07 00:20:02 ] PROGRAM FILES DIRECTORY:     C:\Program Files
[ 2021/03/07 00:20:02 ] WINDOWS DIRECTORY:           C:\WINDOWS
-----------------------------------------------------------------------------------------

[ 2021/03/07 00:20:04 ] This is a message.
[ 2021/03/07 00:20:05 ] Error: This is an Error message!
[ 2021/03/07 00:20:06 ] Warning: This is a Warning!
[ 2021/03/07 00:20:07 ] Success: This message is successful.
[ 2021/03/07 00:20:08 ] Finished testing logging system.


                                            ./
                                          (o o)
--------------------------------------oOOo-(-)-oOOo--------------------------------------

[ 2021/03/07 01:59:00 ] DATE:                        2021/03/07 01:59:00
[ 2021/03/07 01:59:00 ] PROGRAM:                     ReBar Framework 6.2.0.5521
[ 2021/03/07 01:59:00 ] PROGRAM PATH:                [C:\Users\Venom\Documents\GitHub\Resolute\SDK\Concrete\ReBar\ReBar.au3]
[ 2021/03/07 01:59:00 ] COMPILED:                    NO
[ 2021/03/07 01:59:00 ] AUTOIT VERSION:              3.3.15.3
[ 2021/03/07 01:59:00 ] AUTOIT 64-BIT VERSION:       YES
[ 2021/03/07 01:59:00 ] WINDOWS VERSION:             WIN_10 
[ 2021/03/07 01:59:00 ] SYSTEM TYPE:                 64-Bit Operating System
[ 2021/03/07 01:59:00 ] MEMORY (RAM):                16302.97 MB
[ 2021/03/07 01:59:00 ] PROGRAM FILES DIRECTORY:     C:\Program Files
[ 2021/03/07 01:59:00 ] WINDOWS DIRECTORY:           C:\WINDOWS
-----------------------------------------------------------------------------------------



                                            ./
                                          (o o)
--------------------------------------oOOo-(-)-oOOo--------------------------------------

[ 2021/03/07 02:05:02 ] DATE:                        2021/03/07 02:05:02
[ 2021/03/07 02:05:02 ] PROGRAM:                     ReBar Framework 6.0.2.5521
[ 2021/03/07 02:05:02 ] PROGRAM PATH:                [C:\Users\Venom\Documents\GitHub\Resolute\SDK\Concrete\ReBar\ReBar.au3]
[ 2021/03/07 02:05:02 ] COMPILED:                    NO
[ 2021/03/07 02:05:02 ] AUTOIT VERSION:              3.3.15.3
[ 2021/03/07 02:05:02 ] AUTOIT 64-BIT VERSION:       YES
[ 2021/03/07 02:05:02 ] WINDOWS VERSION:             WIN_10 
[ 2021/03/07 02:05:02 ] SYSTEM TYPE:                 64-Bit Operating System
[ 2021/03/07 02:05:02 ] MEMORY (RAM):                16302.97 MB
[ 2021/03/07 02:05:02 ] PROGRAM FILES DIRECTORY:     C:\Program Files
[ 2021/03/07 02:05:02 ] WINDOWS DIRECTORY:           C:\WINDOWS
-----------------------------------------------------------------------------------------

[ 2021/03/07 02:05:04 ] This is a message.
[ 2021/03/07 02:05:05 ] Error: This is an Error message!
[ 2021/03/07 02:05:06 ] Warning: This is a Warning!
