=========================================================================================
 RIZONESOFT LOGGING VERSION 2.0
=========================================================================================


                                            ./
                                          (o o)
--------------------------------------oOOo-(-)-oOOo--------------------------------------

[ 2022/09/04 03:06:15 ] DATE:                        2022/09/04 03:06:15
[ 2022/09/04 03:06:15 ] PROGRAM:                     Complete Internet Repair 8.2.3.5363
[ 2022/09/04 03:06:15 ] PROGRAM PATH:                [C:\GitHub\Resolute\SDK\Concrete\ComIntRep\ComIntRep.au3]
[ 2022/09/04 03:06:15 ] COMPILED:                    NO
[ 2022/09/04 03:06:15 ] AUTOIT VERSION:              3.3.16.1
[ 2022/09/04 03:06:15 ] AUTOIT 64-BIT VERSION:       YES
[ 2022/09/04 03:06:15 ] WINDOWS VERSION:             WIN_10 
[ 2022/09/04 03:06:15 ] SYSTEM TYPE:                 64-Bit Operating System
[ 2022/09/04 03:06:15 ] MEMORY (RAM):                32605.46 MB
[ 2022/09/04 03:06:15 ] PROGRAM FILES DIRECTORY:     C:\Program Files
[ 2022/09/04 03:06:15 ] WINDOWS DIRECTORY:           C:\Windows
-----------------------------------------------------------------------------------------



                                            ./
                                          (o o)
--------------------------------------oOOo-(-)-oOOo--------------------------------------

[ 2022/09/04 12:50:10 ] DATE:                        2022/09/04 12:50:10
[ 2022/09/04 12:50:10 ] PROGRAM:                     Complete Internet Repair 8.2.3.5364
[ 2022/09/04 12:50:10 ] PROGRAM PATH:                [C:\GitHub\Resolute\SDK\Concrete\ComIntRep\ComIntRep.au3]
[ 2022/09/04 12:50:10 ] COMPILED:                    NO
[ 2022/09/04 12:50:10 ] AUTOIT VERSION:              3.3.16.1
[ 2022/09/04 12:50:10 ] AUTOIT 64-BIT VERSION:       YES
[ 2022/09/04 12:50:10 ] WINDOWS VERSION:             WIN_10 
[ 2022/09/04 12:50:10 ] SYSTEM TYPE:                 64-Bit Operating System
[ 2022/09/04 12:50:10 ] MEMORY (RAM):                32605.46 MB
[ 2022/09/04 12:50:10 ] PROGRAM FILES DIRECTORY:     C:\Program Files
[ 2022/09/04 12:50:10 ] WINDOWS DIRECTORY:           C:\Windows
-----------------------------------------------------------------------------------------

