=========================================================================================
 RIZONESOFT LOGGING VERSION 2.0
=========================================================================================


                                            ./
                                          (o o)
--------------------------------------oOOo-(-)-oOOo--------------------------------------

[ 2020/05/28 00:09:58 ] DATE:                        2020/05/28 00:09:58
[ 2020/05/28 00:09:58 ] PROGRAM:                     DVD Drive Repair 2.0.3.1109
[ 2020/05/28 00:09:58 ] PROGRAM PATH:                [C:\Users\Venom\Documents\GitHub\Resolute\Resolute\DVDRepair_X64.exe]
[ 2020/05/28 00:09:58 ] COMPILED:                    YES
[ 2020/05/28 00:09:58 ] WINDOWS VERSION:             WIN_10 
[ 2020/05/28 00:09:58 ] SYSTEM TYPE:                 64-Bit Operating System
[ 2020/05/28 00:09:58 ] MEMORY (RAM):                16302.97 MB
[ 2020/05/28 00:09:58 ] PROGRAM FILES DIRECTORY:     C:\Program Files
[ 2020/05/28 00:09:58 ] WINDOWS DIRECTORY:           C:\WINDOWS
-----------------------------------------------------------------------------------------



                                            ./
                                          (o o)
--------------------------------------oOOo-(-)-oOOo--------------------------------------

[ 2020/05/28 00:18:52 ] DATE:                        2020/05/28 00:18:52
[ 2020/05/28 00:18:52 ] PROGRAM:                     DVD Drive Repair 2.0.3.1111
[ 2020/05/28 00:18:52 ] PROGRAM PATH:                [C:\Users\Venom\Documents\GitHub\Resolute\Resolute\DVDRepair_X64.exe]
[ 2020/05/28 00:18:52 ] COMPILED:                    YES
[ 2020/05/28 00:18:52 ] WINDOWS VERSION:             WIN_10 
[ 2020/05/28 00:18:52 ] SYSTEM TYPE:                 64-Bit Operating System
[ 2020/05/28 00:18:52 ] MEMORY (RAM):                16302.97 MB
[ 2020/05/28 00:18:52 ] PROGRAM FILES DIRECTORY:     C:\Program Files
[ 2020/05/28 00:18:52 ] WINDOWS DIRECTORY:           C:\WINDOWS
-----------------------------------------------------------------------------------------



                                            ./
                                          (o o)
--------------------------------------oOOo-(-)-oOOo--------------------------------------

[ 2020/05/28 00:21:19 ] DATE:                        2020/05/28 00:21:19
[ 2020/05/28 00:21:19 ] PROGRAM:                     DVD Drive Repair 2.0.3.1112
[ 2020/05/28 00:21:19 ] PROGRAM PATH:                [C:\Users\Venom\Documents\GitHub\Resolute\Resolute\DVDRepair_X64.exe]
[ 2020/05/28 00:21:19 ] COMPILED:                    YES
[ 2020/05/28 00:21:19 ] WINDOWS VERSION:             WIN_10 
[ 2020/05/28 00:21:19 ] SYSTEM TYPE:                 64-Bit Operating System
[ 2020/05/28 00:21:19 ] MEMORY (RAM):                16302.97 MB
[ 2020/05/28 00:21:19 ] PROGRAM FILES DIRECTORY:     C:\Program Files
[ 2020/05/28 00:21:19 ] WINDOWS DIRECTORY:           C:\WINDOWS
-----------------------------------------------------------------------------------------



                                            ./
                                          (o o)
--------------------------------------oOOo-(-)-oOOo--------------------------------------

[ 2020/05/28 00:22:44 ] DATE:                        2020/05/28 00:22:44
[ 2020/05/28 00:22:44 ] PROGRAM:                     DVD Drive Repair 2.0.3.1113
[ 2020/05/28 00:22:44 ] PROGRAM PATH:                [C:\Users\Venom\Documents\GitHub\Resolute\Resolute\DVDRepair_X64.exe]
[ 2020/05/28 00:22:44 ] COMPILED:                    YES
[ 2020/05/28 00:22:44 ] WINDOWS VERSION:             WIN_10 
[ 2020/05/28 00:22:44 ] SYSTEM TYPE:                 64-Bit Operating System
[ 2020/05/28 00:22:44 ] MEMORY (RAM):                16302.97 MB
[ 2020/05/28 00:22:44 ] PROGRAM FILES DIRECTORY:     C:\Program Files
[ 2020/05/28 00:22:44 ] WINDOWS DIRECTORY:           C:\WINDOWS
-----------------------------------------------------------------------------------------



                                            ./
                                          (o o)
--------------------------------------oOOo-(-)-oOOo--------------------------------------

[ 2020/07/16 12:12:50 ] DATE:                        2020/07/16 12:12:50
[ 2020/07/16 12:12:50 ] PROGRAM:                     DVD Drive Repair 2.2.2.1116
[ 2020/07/16 12:12:50 ] PROGRAM PATH:                [C:\Users\Venom\Documents\GitHub\Resolute\Resolute\DVDRepair_X64.exe]
[ 2020/07/16 12:12:50 ] COMPILED:                    YES
[ 2020/07/16 12:12:50 ] WINDOWS VERSION:             WIN_10 
[ 2020/07/16 12:12:50 ] SYSTEM TYPE:                 64-Bit Operating System
[ 2020/07/16 12:12:50 ] MEMORY (RAM):                16302.97 MB
[ 2020/07/16 12:12:51 ] PROGRAM FILES DIRECTORY:     C:\Program Files
[ 2020/07/16 12:12:51 ] WINDOWS DIRECTORY:           C:\WINDOWS
-----------------------------------------------------------------------------------------



                                            ./
                                          (o o)
--------------------------------------oOOo-(-)-oOOo--------------------------------------

[ 2020/07/21 19:59:37 ] DATE:                        2020/07/21 19:59:37
[ 2020/07/21 19:59:37 ] PROGRAM:                     DVD Drive Repair 2.2.2.1116
[ 2020/07/21 19:59:37 ] PROGRAM PATH:                [C:\Users\Venom\Documents\GitHub\Resolute\Resolute\DVDRepair_X64.exe]
[ 2020/07/21 19:59:37 ] COMPILED:                    YES
[ 2020/07/21 19:59:37 ] WINDOWS VERSION:             WIN_10 
[ 2020/07/21 19:59:37 ] SYSTEM TYPE:                 64-Bit Operating System
[ 2020/07/21 19:59:37 ] MEMORY (RAM):                16302.97 MB
[ 2020/07/21 19:59:37 ] PROGRAM FILES DIRECTORY:     C:\Program Files
[ 2020/07/21 19:59:37 ] WINDOWS DIRECTORY:           C:\WINDOWS
-----------------------------------------------------------------------------------------



                                            ./
                                          (o o)
--------------------------------------oOOo-(-)-oOOo--------------------------------------

[ 2020/07/21 20:00:12 ] DATE:                        2020/07/21 20:00:12
[ 2020/07/21 20:00:12 ] PROGRAM:                     DVD Drive Repair 2.2.2.1116
[ 2020/07/21 20:00:12 ] PROGRAM PATH:                [C:\Users\Venom\Documents\GitHub\Resolute\Resolute\DVDRepair_X64.exe]
[ 2020/07/21 20:00:12 ] COMPILED:                    YES
[ 2020/07/21 20:00:12 ] WINDOWS VERSION:             WIN_10 
[ 2020/07/21 20:00:12 ] SYSTEM TYPE:                 64-Bit Operating System
[ 2020/07/21 20:00:12 ] MEMORY (RAM):                16302.97 MB
[ 2020/07/21 20:00:12 ] PROGRAM FILES DIRECTORY:     C:\Program Files
[ 2020/07/21 20:00:12 ] WINDOWS DIRECTORY:           C:\WINDOWS
-----------------------------------------------------------------------------------------



                                            ./
                                          (o o)
--------------------------------------oOOo-(-)-oOOo--------------------------------------

[ 2020/08/26 09:31:07 ] DATE:                        2020/08/26 09:31:07
[ 2020/08/26 09:31:07 ] PROGRAM:                     DVD Drive Repair 2.2.2.1117
[ 2020/08/26 09:31:07 ] PROGRAM PATH:                [C:\Users\Venom\Documents\GitHub\Resolute\Resolute\DVDRepair_X64.exe]
[ 2020/08/26 09:31:07 ] COMPILED:                    YES
[ 2020/08/26 09:31:07 ] WINDOWS VERSION:             WIN_10 
[ 2020/08/26 09:31:07 ] SYSTEM TYPE:                 64-Bit Operating System
[ 2020/08/26 09:31:07 ] MEMORY (RAM):                16302.97 MB
[ 2020/08/26 09:31:07 ] PROGRAM FILES DIRECTORY:     C:\Program Files
[ 2020/08/26 09:31:07 ] WINDOWS DIRECTORY:           C:\Windows
-----------------------------------------------------------------------------------------



                                            ./
                                          (o o)
--------------------------------------oOOo-(-)-oOOo--------------------------------------

[ 2020/08/26 09:32:28 ] DATE:                        2020/08/26 09:32:28
[ 2020/08/26 09:32:28 ] PROGRAM:                     DVD Drive Repair 2.2.2.1117
[ 2020/08/26 09:32:28 ] PROGRAM PATH:                [C:\Users\Venom\Documents\GitHub\Resolute\Resolute\DVDRepair_X64.exe]
[ 2020/08/26 09:32:28 ] COMPILED:                    YES
[ 2020/08/26 09:32:28 ] WINDOWS VERSION:             WIN_10 
[ 2020/08/26 09:32:28 ] SYSTEM TYPE:                 64-Bit Operating System
[ 2020/08/26 09:32:28 ] MEMORY (RAM):                16302.97 MB
[ 2020/08/26 09:32:28 ] PROGRAM FILES DIRECTORY:     C:\Program Files
[ 2020/08/26 09:32:28 ] WINDOWS DIRECTORY:           C:\Windows
-----------------------------------------------------------------------------------------



                                            ./
                                          (o o)
--------------------------------------oOOo-(-)-oOOo--------------------------------------

[ 2020/08/26 09:35:18 ] DATE:                        2020/08/26 09:35:18
[ 2020/08/26 09:35:18 ] PROGRAM:                     DVD Drive Repair 2.2.2.1118
[ 2020/08/26 09:35:18 ] PROGRAM PATH:                [C:\Users\Venom\Documents\GitHub\Resolute\Resolute\DVDRepair_X64.exe]
[ 2020/08/26 09:35:18 ] COMPILED:                    YES
[ 2020/08/26 09:35:18 ] WINDOWS VERSION:             WIN_10 
[ 2020/08/26 09:35:18 ] SYSTEM TYPE:                 64-Bit Operating System
[ 2020/08/26 09:35:18 ] MEMORY (RAM):                16302.97 MB
[ 2020/08/26 09:35:18 ] PROGRAM FILES DIRECTORY:     C:\Program Files
[ 2020/08/26 09:35:18 ] WINDOWS DIRECTORY:           C:\Windows
-----------------------------------------------------------------------------------------



                                            ./
                                          (o o)
--------------------------------------oOOo-(-)-oOOo--------------------------------------

[ 2020/08/26 09:36:37 ] DATE:                        2020/08/26 09:36:37
[ 2020/08/26 09:36:37 ] PROGRAM:                     DVD Drive Repair 2.2.2.1119
[ 2020/08/26 09:36:37 ] PROGRAM PATH:                [C:\Users\Venom\Documents\GitHub\Resolute\Resolute\DVDRepair_X64.exe]
[ 2020/08/26 09:36:37 ] COMPILED:                    YES
[ 2020/08/26 09:36:37 ] WINDOWS VERSION:             WIN_10 
[ 2020/08/26 09:36:37 ] SYSTEM TYPE:                 64-Bit Operating System
[ 2020/08/26 09:36:37 ] MEMORY (RAM):                16302.97 MB
[ 2020/08/26 09:36:37 ] PROGRAM FILES DIRECTORY:     C:\Program Files
[ 2020/08/26 09:36:37 ] WINDOWS DIRECTORY:           C:\Windows
-----------------------------------------------------------------------------------------



                                            ./
                                          (o o)
--------------------------------------oOOo-(-)-oOOo--------------------------------------

[ 2020/08/26 09:39:07 ] DATE:                        2020/08/26 09:39:07
[ 2020/08/26 09:39:07 ] PROGRAM:                     DVD Drive Repair 2.2.2.1120
[ 2020/08/26 09:39:07 ] PROGRAM PATH:                [C:\Users\Venom\Documents\GitHub\Resolute\Resolute\DVDRepair_X64.exe]
[ 2020/08/26 09:39:07 ] COMPILED:                    YES
[ 2020/08/26 09:39:07 ] WINDOWS VERSION:             WIN_10 
[ 2020/08/26 09:39:07 ] SYSTEM TYPE:                 64-Bit Operating System
[ 2020/08/26 09:39:07 ] MEMORY (RAM):                16302.97 MB
[ 2020/08/26 09:39:07 ] PROGRAM FILES DIRECTORY:     C:\Program Files
[ 2020/08/26 09:39:07 ] WINDOWS DIRECTORY:           C:\Windows
-----------------------------------------------------------------------------------------



                                            ./
                                          (o o)
--------------------------------------oOOo-(-)-oOOo--------------------------------------

[ 2020/08/26 09:42:11 ] DATE:                        2020/08/26 09:42:11
[ 2020/08/26 09:42:11 ] PROGRAM:                     DVD Drive Repair 2.2.2.1121
[ 2020/08/26 09:42:11 ] PROGRAM PATH:                [C:\Users\Venom\Documents\GitHub\Resolute\Resolute\DVDRepair_X64.exe]
[ 2020/08/26 09:42:11 ] COMPILED:                    YES
[ 2020/08/26 09:42:11 ] WINDOWS VERSION:             WIN_10 
[ 2020/08/26 09:42:11 ] SYSTEM TYPE:                 64-Bit Operating System
[ 2020/08/26 09:42:11 ] MEMORY (RAM):                16302.97 MB
[ 2020/08/26 09:42:11 ] PROGRAM FILES DIRECTORY:     C:\Program Files
[ 2020/08/26 09:42:11 ] WINDOWS DIRECTORY:           C:\Windows
-----------------------------------------------------------------------------------------



                                            ./
                                          (o o)
--------------------------------------oOOo-(-)-oOOo--------------------------------------

[ 2020/08/26 09:54:31 ] DATE:                        2020/08/26 09:54:31
[ 2020/08/26 09:54:31 ] PROGRAM:                     DVD Drive Repair 2.2.2.1122
[ 2020/08/26 09:54:31 ] PROGRAM PATH:                [C:\Users\Venom\Documents\GitHub\Resolute\Resolute\DVDRepair_X64.exe]
[ 2020/08/26 09:54:31 ] COMPILED:                    YES
[ 2020/08/26 09:54:31 ] WINDOWS VERSION:             WIN_10 
[ 2020/08/26 09:54:31 ] SYSTEM TYPE:                 64-Bit Operating System
[ 2020/08/26 09:54:31 ] MEMORY (RAM):                16302.97 MB
[ 2020/08/26 09:54:31 ] PROGRAM FILES DIRECTORY:     C:\Program Files
[ 2020/08/26 09:54:31 ] WINDOWS DIRECTORY:           C:\Windows
-----------------------------------------------------------------------------------------



                                            ./
                                          (o o)
--------------------------------------oOOo-(-)-oOOo--------------------------------------

[ 2020/08/26 09:59:17 ] DATE:                        2020/08/26 09:59:17
[ 2020/08/26 09:59:17 ] PROGRAM:                     DVD Drive Repair 2.2.2.1123
[ 2020/08/26 09:59:17 ] PROGRAM PATH:                [C:\Users\Venom\Documents\GitHub\Resolute\Resolute\DVDRepair_X64.exe]
[ 2020/08/26 09:59:17 ] COMPILED:                    YES
[ 2020/08/26 09:59:17 ] WINDOWS VERSION:             WIN_10 
[ 2020/08/26 09:59:17 ] SYSTEM TYPE:                 64-Bit Operating System
[ 2020/08/26 09:59:17 ] MEMORY (RAM):                16302.97 MB
[ 2020/08/26 09:59:17 ] PROGRAM FILES DIRECTORY:     C:\Program Files
[ 2020/08/26 09:59:17 ] WINDOWS DIRECTORY:           C:\Windows
-----------------------------------------------------------------------------------------



                                            ./
                                          (o o)
--------------------------------------oOOo-(-)-oOOo--------------------------------------

[ 2020/08/26 10:02:06 ] DATE:                        2020/08/26 10:02:06
[ 2020/08/26 10:02:06 ] PROGRAM:                     DVD Drive Repair 2.2.2.1124
[ 2020/08/26 10:02:06 ] PROGRAM PATH:                [C:\Users\Venom\Documents\GitHub\Resolute\Resolute\DVDRepair_X64.exe]
[ 2020/08/26 10:02:06 ] COMPILED:                    YES
[ 2020/08/26 10:02:06 ] WINDOWS VERSION:             WIN_10 
[ 2020/08/26 10:02:06 ] SYSTEM TYPE:                 64-Bit Operating System
[ 2020/08/26 10:02:06 ] MEMORY (RAM):                16302.97 MB
[ 2020/08/26 10:02:06 ] PROGRAM FILES DIRECTORY:     C:\Program Files
[ 2020/08/26 10:02:06 ] WINDOWS DIRECTORY:           C:\Windows
-----------------------------------------------------------------------------------------



                                            ./
                                          (o o)
--------------------------------------oOOo-(-)-oOOo--------------------------------------

[ 2020/08/26 10:52:24 ] DATE:                        2020/08/26 10:52:24
[ 2020/08/26 10:52:24 ] PROGRAM:                     DVD Drive Repair 2.2.2.1125
[ 2020/08/26 10:52:24 ] PROGRAM PATH:                [C:\Users\Venom\Documents\GitHub\Resolute\Resolute\DVDRepair_X64.exe]
[ 2020/08/26 10:52:24 ] COMPILED:                    YES
[ 2020/08/26 10:52:24 ] WINDOWS VERSION:             WIN_10 
[ 2020/08/26 10:52:24 ] SYSTEM TYPE:                 64-Bit Operating System
[ 2020/08/26 10:52:24 ] MEMORY (RAM):                16302.97 MB
[ 2020/08/26 10:52:24 ] PROGRAM FILES DIRECTORY:     C:\Program Files
[ 2020/08/26 10:52:24 ] WINDOWS DIRECTORY:           C:\Windows
-----------------------------------------------------------------------------------------



                                            ./
                                          (o o)
--------------------------------------oOOo-(-)-oOOo--------------------------------------

[ 2020/08/26 14:37:41 ] DATE:                        2020/08/26 14:37:41
[ 2020/08/26 14:37:41 ] PROGRAM:                     DVD Drive Repair 2.2.2.1125
[ 2020/08/26 14:37:41 ] PROGRAM PATH:                [C:\Users\Venom\Documents\GitHub\Resolute\Resolute\DVDRepair_X64.exe]
[ 2020/08/26 14:37:41 ] COMPILED:                    YES
[ 2020/08/26 14:37:41 ] WINDOWS VERSION:             WIN_10 
[ 2020/08/26 14:37:41 ] SYSTEM TYPE:                 64-Bit Operating System
[ 2020/08/26 14:37:41 ] MEMORY (RAM):                16302.97 MB
[ 2020/08/26 14:37:41 ] PROGRAM FILES DIRECTORY:     C:\Program Files
[ 2020/08/26 14:37:41 ] WINDOWS DIRECTORY:           C:\Windows
-----------------------------------------------------------------------------------------



                                            ./
                                          (o o)
--------------------------------------oOOo-(-)-oOOo--------------------------------------

[ 2021/02/27 20:38:42 ] DATE:                        2021/02/27 20:38:42
[ 2021/02/27 20:38:42 ] PROGRAM:                     DVD Drive Repair 2.2.2.1127
[ 2021/02/27 20:38:42 ] PROGRAM PATH:                [C:\Users\Venom\Documents\GitHub\Resolute\Resolute\DVDRepair_X64.exe]
[ 2021/02/27 20:38:42 ] COMPILED:                    YES
[ 2021/02/27 20:38:42 ] WINDOWS VERSION:             WIN_10 
[ 2021/02/27 20:38:42 ] SYSTEM TYPE:                 64-Bit Operating System
[ 2021/02/27 20:38:42 ] MEMORY (RAM):                16302.97 MB
[ 2021/02/27 20:38:42 ] PROGRAM FILES DIRECTORY:     C:\Program Files
[ 2021/02/27 20:38:42 ] WINDOWS DIRECTORY:           C:\WINDOWS
-----------------------------------------------------------------------------------------



                                            ./
                                          (o o)
--------------------------------------oOOo-(-)-oOOo--------------------------------------

[ 2021/02/27 22:01:14 ] DATE:                        2021/02/27 22:01:14
[ 2021/02/27 22:01:14 ] PROGRAM:                     DVD Drive Repair 2.2.2.1127
[ 2021/02/27 22:01:14 ] PROGRAM PATH:                [C:\Users\Venom\Documents\GitHub\Resolute\Resolute\DVDRepair_X64.exe]
[ 2021/02/27 22:01:14 ] COMPILED:                    YES
[ 2021/02/27 22:01:14 ] WINDOWS VERSION:             WIN_10 
[ 2021/02/27 22:01:14 ] SYSTEM TYPE:                 64-Bit Operating System
[ 2021/02/27 22:01:14 ] MEMORY (RAM):                16302.97 MB
[ 2021/02/27 22:01:14 ] PROGRAM FILES DIRECTORY:     C:\Program Files
[ 2021/02/27 22:01:14 ] WINDOWS DIRECTORY:           C:\WINDOWS
-----------------------------------------------------------------------------------------



                                            ./
                                          (o o)
--------------------------------------oOOo-(-)-oOOo--------------------------------------

[ 2021/02/28 21:20:33 ] DATE:                        2021/02/28 21:20:33
[ 2021/02/28 21:20:33 ] PROGRAM:                     DVD Drive Repair 2.2.2.1129
[ 2021/02/28 21:20:33 ] PROGRAM PATH:                [C:\Users\Venom\Documents\GitHub\Resolute\Resolute\DVDRepair_X64.exe]
[ 2021/02/28 21:20:33 ] COMPILED:                    YES
[ 2021/02/28 21:20:33 ] WINDOWS VERSION:             WIN_10 
[ 2021/02/28 21:20:33 ] SYSTEM TYPE:                 64-Bit Operating System
[ 2021/02/28 21:20:33 ] MEMORY (RAM):                16302.97 MB
[ 2021/02/28 21:20:33 ] PROGRAM FILES DIRECTORY:     C:\Program Files
[ 2021/02/28 21:20:33 ] WINDOWS DIRECTORY:           C:\WINDOWS
-----------------------------------------------------------------------------------------



                                            ./
                                          (o o)
--------------------------------------oOOo-(-)-oOOo--------------------------------------

[ 2021/02/28 21:22:28 ] DATE:                        2021/02/28 21:22:28
[ 2021/02/28 21:22:28 ] PROGRAM:                     DVD Drive Repair 2.2.2.1130
[ 2021/02/28 21:22:28 ] PROGRAM PATH:                [C:\Users\Venom\Documents\GitHub\Resolute\Resolute\DVDRepair_X64.exe]
[ 2021/02/28 21:22:28 ] COMPILED:                    YES
[ 2021/02/28 21:22:28 ] WINDOWS VERSION:             WIN_10 
[ 2021/02/28 21:22:28 ] SYSTEM TYPE:                 64-Bit Operating System
[ 2021/02/28 21:22:28 ] MEMORY (RAM):                16302.97 MB
[ 2021/02/28 21:22:28 ] PROGRAM FILES DIRECTORY:     C:\Program Files
[ 2021/02/28 21:22:28 ] WINDOWS DIRECTORY:           C:\WINDOWS
-----------------------------------------------------------------------------------------



                                            ./
                                          (o o)
--------------------------------------oOOo-(-)-oOOo--------------------------------------

[ 2021/02/28 21:25:01 ] DATE:                        2021/02/28 21:25:01
[ 2021/02/28 21:25:01 ] PROGRAM:                     DVD Drive Repair 2.2.2.1131
[ 2021/02/28 21:25:01 ] PROGRAM PATH:                [C:\Users\Venom\Documents\GitHub\Resolute\Resolute\DVDRepair_X64.exe]
[ 2021/02/28 21:25:01 ] COMPILED:                    YES
[ 2021/02/28 21:25:01 ] WINDOWS VERSION:             WIN_10 
[ 2021/02/28 21:25:01 ] SYSTEM TYPE:                 64-Bit Operating System
[ 2021/02/28 21:25:01 ] MEMORY (RAM):                16302.97 MB
[ 2021/02/28 21:25:01 ] PROGRAM FILES DIRECTORY:     C:\Program Files
[ 2021/02/28 21:25:01 ] WINDOWS DIRECTORY:           C:\WINDOWS
-----------------------------------------------------------------------------------------



                                            ./
                                          (o o)
--------------------------------------oOOo-(-)-oOOo--------------------------------------

[ 2021/02/28 21:27:02 ] DATE:                        2021/02/28 21:27:02
[ 2021/02/28 21:27:02 ] PROGRAM:                     DVD Drive Repair 2.2.2.1132
[ 2021/02/28 21:27:02 ] PROGRAM PATH:                [C:\Users\Venom\Documents\GitHub\Resolute\Resolute\DVDRepair_X64.exe]
[ 2021/02/28 21:27:02 ] COMPILED:                    YES
[ 2021/02/28 21:27:02 ] WINDOWS VERSION:             WIN_10 
[ 2021/02/28 21:27:02 ] SYSTEM TYPE:                 64-Bit Operating System
[ 2021/02/28 21:27:02 ] MEMORY (RAM):                16302.97 MB
[ 2021/02/28 21:27:02 ] PROGRAM FILES DIRECTORY:     C:\Program Files
[ 2021/02/28 21:27:02 ] WINDOWS DIRECTORY:           C:\WINDOWS
-----------------------------------------------------------------------------------------



                                            ./
                                          (o o)
--------------------------------------oOOo-(-)-oOOo--------------------------------------

[ 2021/02/28 21:27:57 ] DATE:                        2021/02/28 21:27:57
[ 2021/02/28 21:27:57 ] PROGRAM:                     DVD Drive Repair 2.2.2.1133
[ 2021/02/28 21:27:57 ] PROGRAM PATH:                [C:\Users\Venom\Documents\GitHub\Resolute\Resolute\DVDRepair_X64.exe]
[ 2021/02/28 21:27:57 ] COMPILED:                    YES
[ 2021/02/28 21:27:57 ] WINDOWS VERSION:             WIN_10 
[ 2021/02/28 21:27:57 ] SYSTEM TYPE:                 64-Bit Operating System
[ 2021/02/28 21:27:57 ] MEMORY (RAM):                16302.97 MB
[ 2021/02/28 21:27:57 ] PROGRAM FILES DIRECTORY:     C:\Program Files
[ 2021/02/28 21:27:57 ] WINDOWS DIRECTORY:           C:\WINDOWS
-----------------------------------------------------------------------------------------



                                            ./
                                          (o o)
--------------------------------------oOOo-(-)-oOOo--------------------------------------

[ 2021/02/28 21:29:04 ] DATE:                        2021/02/28 21:29:04
[ 2021/02/28 21:29:04 ] PROGRAM:                     DVD Drive Repair 2.2.2.1134
[ 2021/02/28 21:29:04 ] PROGRAM PATH:                [C:\Users\Venom\Documents\GitHub\Resolute\Resolute\DVDRepair_X64.exe]
[ 2021/02/28 21:29:04 ] COMPILED:                    YES
[ 2021/02/28 21:29:04 ] WINDOWS VERSION:             WIN_10 
[ 2021/02/28 21:29:04 ] SYSTEM TYPE:                 64-Bit Operating System
[ 2021/02/28 21:29:04 ] MEMORY (RAM):                16302.97 MB
[ 2021/02/28 21:29:04 ] PROGRAM FILES DIRECTORY:     C:\Program Files
[ 2021/02/28 21:29:04 ] WINDOWS DIRECTORY:           C:\WINDOWS
-----------------------------------------------------------------------------------------



                                            ./
                                          (o o)
--------------------------------------oOOo-(-)-oOOo--------------------------------------

[ 2021/02/28 21:32:03 ] DATE:                        2021/02/28 21:32:03
[ 2021/02/28 21:32:03 ] PROGRAM:                     DVD Drive Repair 2.2.2.1135
[ 2021/02/28 21:32:03 ] PROGRAM PATH:                [C:\Users\Venom\Documents\GitHub\Resolute\Resolute\DVDRepair_X64.exe]
[ 2021/02/28 21:32:03 ] COMPILED:                    YES
[ 2021/02/28 21:32:03 ] WINDOWS VERSION:             WIN_10 
[ 2021/02/28 21:32:03 ] SYSTEM TYPE:                 64-Bit Operating System
[ 2021/02/28 21:32:03 ] MEMORY (RAM):                16302.97 MB
[ 2021/02/28 21:32:03 ] PROGRAM FILES DIRECTORY:     C:\Program Files
[ 2021/02/28 21:32:03 ] WINDOWS DIRECTORY:           C:\WINDOWS
-----------------------------------------------------------------------------------------



                                            ./
                                          (o o)
--------------------------------------oOOo-(-)-oOOo--------------------------------------

[ 2021/02/28 21:32:45 ] DATE:                        2021/02/28 21:32:45
[ 2021/02/28 21:32:45 ] PROGRAM:                     DVD Drive Repair 2.2.2.1136
[ 2021/02/28 21:32:45 ] PROGRAM PATH:                [C:\Users\Venom\Documents\GitHub\Resolute\Resolute\DVDRepair_X64.exe]
[ 2021/02/28 21:32:45 ] COMPILED:                    YES
[ 2021/02/28 21:32:45 ] WINDOWS VERSION:             WIN_10 
[ 2021/02/28 21:32:45 ] SYSTEM TYPE:                 64-Bit Operating System
[ 2021/02/28 21:32:45 ] MEMORY (RAM):                16302.97 MB
[ 2021/02/28 21:32:45 ] PROGRAM FILES DIRECTORY:     C:\Program Files
[ 2021/02/28 21:32:45 ] WINDOWS DIRECTORY:           C:\WINDOWS
-----------------------------------------------------------------------------------------



                                            ./
                                          (o o)
--------------------------------------oOOo-(-)-oOOo--------------------------------------

[ 2021/02/28 21:35:24 ] DATE:                        2021/02/28 21:35:24
[ 2021/02/28 21:35:24 ] PROGRAM:                     DVD Drive Repair 2.2.2.1137
[ 2021/02/28 21:35:24 ] PROGRAM PATH:                [C:\Users\Venom\Documents\GitHub\Resolute\Resolute\DVDRepair_X64.exe]
[ 2021/02/28 21:35:24 ] COMPILED:                    YES
[ 2021/02/28 21:35:24 ] WINDOWS VERSION:             WIN_10 
[ 2021/02/28 21:35:24 ] SYSTEM TYPE:                 64-Bit Operating System
[ 2021/02/28 21:35:24 ] MEMORY (RAM):                16302.97 MB
[ 2021/02/28 21:35:24 ] PROGRAM FILES DIRECTORY:     C:\Program Files
[ 2021/02/28 21:35:24 ] WINDOWS DIRECTORY:           C:\WINDOWS
-----------------------------------------------------------------------------------------



                                            ./
                                          (o o)
--------------------------------------oOOo-(-)-oOOo--------------------------------------

[ 2021/02/28 21:41:55 ] DATE:                        2021/02/28 21:41:55
[ 2021/02/28 21:41:55 ] PROGRAM:                     DVD Drive Repair 2.2.2.1137
[ 2021/02/28 21:41:55 ] PROGRAM PATH:                [C:\Users\Venom\Documents\GitHub\Resolute\Resolute\DVDRepair_X64.exe]
[ 2021/02/28 21:41:55 ] COMPILED:                    YES
[ 2021/02/28 21:41:55 ] WINDOWS VERSION:             WIN_10 
[ 2021/02/28 21:41:55 ] SYSTEM TYPE:                 64-Bit Operating System
[ 2021/02/28 21:41:55 ] MEMORY (RAM):                16302.97 MB
[ 2021/02/28 21:41:55 ] PROGRAM FILES DIRECTORY:     C:\Program Files
[ 2021/02/28 21:41:55 ] WINDOWS DIRECTORY:           C:\WINDOWS
-----------------------------------------------------------------------------------------



                                            ./
                                          (o o)
--------------------------------------oOOo-(-)-oOOo--------------------------------------

[ 2021/02/28 21:42:30 ] DATE:                        2021/02/28 21:42:30
[ 2021/02/28 21:42:30 ] PROGRAM:                     DVD Drive Repair 2.2.2.1137
[ 2021/02/28 21:42:30 ] PROGRAM PATH:                [C:\Users\Venom\Documents\GitHub\Resolute\Resolute\DVDRepair_X64.exe]
[ 2021/02/28 21:42:30 ] COMPILED:                    YES
[ 2021/02/28 21:42:30 ] WINDOWS VERSION:             WIN_10 
[ 2021/02/28 21:42:30 ] SYSTEM TYPE:                 64-Bit Operating System
[ 2021/02/28 21:42:30 ] MEMORY (RAM):                16302.97 MB
[ 2021/02/28 21:42:30 ] PROGRAM FILES DIRECTORY:     C:\Program Files
[ 2021/02/28 21:42:30 ] WINDOWS DIRECTORY:           C:\WINDOWS
-----------------------------------------------------------------------------------------



                                            ./
                                          (o o)
--------------------------------------oOOo-(-)-oOOo--------------------------------------

[ 2021/02/28 21:42:40 ] DATE:                        2021/02/28 21:42:40
[ 2021/02/28 21:42:40 ] PROGRAM:                     DVD Drive Repair 2.2.2.1137
[ 2021/02/28 21:42:40 ] PROGRAM PATH:                [C:\Users\Venom\Documents\GitHub\Resolute\Resolute\DVDRepair_X64.exe]
[ 2021/02/28 21:42:40 ] COMPILED:                    YES
[ 2021/02/28 21:42:40 ] WINDOWS VERSION:             WIN_10 
[ 2021/02/28 21:42:40 ] SYSTEM TYPE:                 64-Bit Operating System
[ 2021/02/28 21:42:40 ] MEMORY (RAM):                16302.97 MB
[ 2021/02/28 21:42:40 ] PROGRAM FILES DIRECTORY:     C:\Program Files
[ 2021/02/28 21:42:40 ] WINDOWS DIRECTORY:           C:\WINDOWS
-----------------------------------------------------------------------------------------



                                            ./
                                          (o o)
--------------------------------------oOOo-(-)-oOOo--------------------------------------

[ 2021/02/28 21:54:50 ] DATE:                        2021/02/28 21:54:50
[ 2021/02/28 21:54:50 ] PROGRAM:                     DVD Drive Repair 2.2.2.1138
[ 2021/02/28 21:54:50 ] PROGRAM PATH:                [C:\Users\Venom\Documents\GitHub\Resolute\Resolute\DVDRepair_X64.exe]
[ 2021/02/28 21:54:50 ] COMPILED:                    YES
[ 2021/02/28 21:54:50 ] WINDOWS VERSION:             WIN_10 
[ 2021/02/28 21:54:50 ] SYSTEM TYPE:                 64-Bit Operating System
[ 2021/02/28 21:54:50 ] MEMORY (RAM):                16302.97 MB
[ 2021/02/28 21:54:50 ] PROGRAM FILES DIRECTORY:     C:\Program Files
[ 2021/02/28 21:54:50 ] WINDOWS DIRECTORY:           C:\WINDOWS
-----------------------------------------------------------------------------------------



                                            ./
                                          (o o)
--------------------------------------oOOo-(-)-oOOo--------------------------------------

[ 2021/03/09 00:16:00 ] DATE:                        2021/03/09 00:16:00
[ 2021/03/09 00:16:00 ] PROGRAM:                     DVD Drive Repair 8.1.0.1151
[ 2021/03/09 00:16:00 ] PROGRAM PATH:                [C:\Users\Venom\Documents\GitHub\Resolute\Resolute\DVDRepair_X64.exe]
[ 2021/03/09 00:16:00 ] COMPILED:                    YES
[ 2021/03/09 00:16:00 ] WINDOWS VERSION:             WIN_10 
[ 2021/03/09 00:16:00 ] SYSTEM TYPE:                 64-Bit Operating System
[ 2021/03/09 00:16:00 ] MEMORY (RAM):                16302.97 MB
[ 2021/03/09 00:16:00 ] PROGRAM FILES DIRECTORY:     C:\Program Files
[ 2021/03/09 00:16:00 ] WINDOWS DIRECTORY:           C:\WINDOWS
-----------------------------------------------------------------------------------------



                                            ./
                                          (o o)
--------------------------------------oOOo-(-)-oOOo--------------------------------------

[ 2021/03/10 23:37:13 ] DATE:                        2021/03/10 23:37:13
[ 2021/03/10 23:37:13 ] PROGRAM:                     DVD Drive Repair 8.1.3.1155
[ 2021/03/10 23:37:13 ] PROGRAM PATH:                [C:\Users\Venom\Documents\GitHub\Resolute\Resolute\DVDRepair_X64.exe]
[ 2021/03/10 23:37:13 ] COMPILED:                    YES
[ 2021/03/10 23:37:13 ] WINDOWS VERSION:             WIN_10 
[ 2021/03/10 23:37:13 ] SYSTEM TYPE:                 64-Bit Operating System
[ 2021/03/10 23:37:13 ] MEMORY (RAM):                16302.97 MB
[ 2021/03/10 23:37:13 ] PROGRAM FILES DIRECTORY:     C:\Program Files
[ 2021/03/10 23:37:13 ] WINDOWS DIRECTORY:           C:\WINDOWS
-----------------------------------------------------------------------------------------

[ 2021/03/10 23:37:27 ] Repairing DVD Drive.
------------------------------------------------------------------------------------------
[ 2021/03/10 23:37:27 ] [SC] ChangeServiceConfig SUCCESS
[ 2021/03/10 23:37:28 ] The requested service has already been started.
[ 2021/03/10 23:37:28 ] More help is available by typing NET HELPMSG 2182.
[ 2021/03/10 23:37:28 ] Resetting Upper and Lower Filters.
[ 2021/03/10 23:37:28 ] Restoring the ATAPI disk interface.
[ 2021/03/10 23:37:28 ] ^ You might need to reboot your computer before the settings will take effect. Would you like to reboot your computer now? Save your stuff, hold your breath and press Yes to reboot your computer. Or press No to ignore me.
[ 2021/03/10 23:37:28 ] Click on 'File' and then 'Reboot Windows' to Reboot your computer later.
[ 2021/03/10 23:37:28 ] Finished: Hope that resolved your issues. If not, it could be a physical hardware problem.
------------------------------------------------------------------------------------------
