=========================================================================================
 RIZONESOFT LOGGING VERSION 2.0
=========================================================================================


                                            ./
                                          (o o)
--------------------------------------oOOo-(-)-oOOo--------------------------------------

[ 10/07/2023 12:30:47 ] DATE:                        10/07/2023 12:30:47
[ 10/07/2023 12:30:47 ] PROGRAM:                     Complete Internet Repair 9.1.3.6358
[ 10/07/2023 12:30:47 ] PROGRAM PATH:                [Z:\Resolute\Resolute\ComIntRep_X64.exe]
[ 10/07/2023 12:30:47 ] COMPILED:                    YES
[ 10/07/2023 12:30:47 ] WINDOWS VERSION:             WIN_10 
[ 10/07/2023 12:30:47 ] SYSTEM TYPE:                 64-Bit Operating System
[ 10/07/2023 12:30:47 ] MEMORY (RAM):                32601.73 MB
[ 10/07/2023 12:30:47 ] PROGRAM FILES DIRECTORY:     C:\Program Files
[ 10/07/2023 12:30:47 ] WINDOWS DIRECTORY:           C:\WINDOWS
-----------------------------------------------------------------------------------------



                                            ./
                                          (o o)
--------------------------------------oOOo-(-)-oOOo--------------------------------------

[ 10/07/2023 12:33:14 ] DATE:                        10/07/2023 12:33:14
[ 10/07/2023 12:33:14 ] PROGRAM:                     Complete Internet Repair 9.1.3.6359
[ 10/07/2023 12:33:14 ] PROGRAM PATH:                [Z:\Resolute\Resolute\ComIntRep_X64.exe]
[ 10/07/2023 12:33:14 ] COMPILED:                    YES
[ 10/07/2023 12:33:14 ] WINDOWS VERSION:             WIN_10 
[ 10/07/2023 12:33:14 ] SYSTEM TYPE:                 64-Bit Operating System
[ 10/07/2023 12:33:14 ] MEMORY (RAM):                32601.73 MB
[ 10/07/2023 12:33:14 ] PROGRAM FILES DIRECTORY:     C:\Program Files
[ 10/07/2023 12:33:14 ] WINDOWS DIRECTORY:           C:\WINDOWS
-----------------------------------------------------------------------------------------



                                            ./
                                          (o o)
--------------------------------------oOOo-(-)-oOOo--------------------------------------

[ 10/07/2023 12:34:55 ] DATE:                        10/07/2023 12:34:55
[ 10/07/2023 12:34:55 ] PROGRAM:                     Complete Internet Repair 9.1.3.6360
[ 10/07/2023 12:34:55 ] PROGRAM PATH:                [Z:\Resolute\Resolute\ComIntRep_X64.exe]
[ 10/07/2023 12:34:55 ] COMPILED:                    YES
[ 10/07/2023 12:34:55 ] WINDOWS VERSION:             WIN_10 
[ 10/07/2023 12:34:55 ] SYSTEM TYPE:                 64-Bit Operating System
[ 10/07/2023 12:34:55 ] MEMORY (RAM):                32601.73 MB
[ 10/07/2023 12:34:55 ] PROGRAM FILES DIRECTORY:     C:\Program Files
[ 10/07/2023 12:34:55 ] WINDOWS DIRECTORY:           C:\WINDOWS
-----------------------------------------------------------------------------------------



                                            ./
                                          (o o)
--------------------------------------oOOo-(-)-oOOo--------------------------------------

[ 10/07/2023 12:39:40 ] DATE:                        10/07/2023 12:39:40
[ 10/07/2023 12:39:40 ] PROGRAM:                     Complete Internet Repair 9.1.3.6361
[ 10/07/2023 12:39:40 ] PROGRAM PATH:                [Z:\Resolute\Resolute\ComIntRep_X64.exe]
[ 10/07/2023 12:39:40 ] COMPILED:                    YES
[ 10/07/2023 12:39:40 ] WINDOWS VERSION:             WIN_10 
[ 10/07/2023 12:39:40 ] SYSTEM TYPE:                 64-Bit Operating System
[ 10/07/2023 12:39:40 ] MEMORY (RAM):                32601.73 MB
[ 10/07/2023 12:39:40 ] PROGRAM FILES DIRECTORY:     C:\Program Files
[ 10/07/2023 12:39:40 ] WINDOWS DIRECTORY:           C:\WINDOWS
-----------------------------------------------------------------------------------------



                                            ./
                                          (o o)
--------------------------------------oOOo-(-)-oOOo--------------------------------------

[ 10/07/2023 18:29:27 ] DATE:                        10/07/2023 18:29:27
[ 10/07/2023 18:29:27 ] PROGRAM:                     Complete Internet Repair 9.1.3.6362
[ 10/07/2023 18:29:27 ] PROGRAM PATH:                [Z:\Resolute\Resolute\ComIntRep_X64.exe]
[ 10/07/2023 18:29:27 ] COMPILED:                    YES
[ 10/07/2023 18:29:27 ] WINDOWS VERSION:             WIN_10 
[ 10/07/2023 18:29:27 ] SYSTEM TYPE:                 64-Bit Operating System
[ 10/07/2023 18:29:27 ] MEMORY (RAM):                32601.73 MB
[ 10/07/2023 18:29:27 ] PROGRAM FILES DIRECTORY:     C:\Program Files
[ 10/07/2023 18:29:27 ] WINDOWS DIRECTORY:           C:\WINDOWS
-----------------------------------------------------------------------------------------



                                            ./
                                          (o o)
--------------------------------------oOOo-(-)-oOOo--------------------------------------

[ 10/07/2023 18:41:30 ] DATE:                        10/07/2023 18:41:30
[ 10/07/2023 18:41:30 ] PROGRAM:                     Complete Internet Repair 9.1.3.6362
[ 10/07/2023 18:41:30 ] PROGRAM PATH:                [Z:\Resolute\Resolute\ComIntRep_X64.exe]
[ 10/07/2023 18:41:30 ] COMPILED:                    YES
[ 10/07/2023 18:41:30 ] WINDOWS VERSION:             WIN_10 
[ 10/07/2023 18:41:30 ] SYSTEM TYPE:                 64-Bit Operating System
[ 10/07/2023 18:41:30 ] MEMORY (RAM):                32601.73 MB
[ 10/07/2023 18:41:30 ] PROGRAM FILES DIRECTORY:     C:\Program Files
[ 10/07/2023 18:41:30 ] WINDOWS DIRECTORY:           C:\WINDOWS
-----------------------------------------------------------------------------------------



                                            ./
                                          (o o)
--------------------------------------oOOo-(-)-oOOo--------------------------------------

[ 10/07/2023 20:21:57 ] DATE:                        10/07/2023 20:21:57
[ 10/07/2023 20:21:57 ] PROGRAM:                     Complete Internet Repair 11.1.3.6367
[ 10/07/2023 20:21:57 ] PROGRAM PATH:                [Z:\Resolute\Resolute\ComIntRep_X64.exe]
[ 10/07/2023 20:21:57 ] COMPILED:                    YES
[ 10/07/2023 20:21:57 ] WINDOWS VERSION:             WIN_10 
[ 10/07/2023 20:21:57 ] SYSTEM TYPE:                 64-Bit Operating System
[ 10/07/2023 20:21:57 ] MEMORY (RAM):                32601.73 MB
[ 10/07/2023 20:21:57 ] PROGRAM FILES DIRECTORY:     C:\Program Files
[ 10/07/2023 20:21:57 ] WINDOWS DIRECTORY:           C:\WINDOWS
-----------------------------------------------------------------------------------------



                                            ./
                                          (o o)
--------------------------------------oOOo-(-)-oOOo--------------------------------------

[ 10/07/2023 20:40:54 ] DATE:                        10/07/2023 20:40:54
[ 10/07/2023 20:40:54 ] PROGRAM:                     Complete Internet Repair 11.1.3.6368
[ 10/07/2023 20:40:54 ] PROGRAM PATH:                [Z:\Resolute\Resolute\ComIntRep_X64.exe]
[ 10/07/2023 20:40:54 ] COMPILED:                    YES
[ 10/07/2023 20:40:54 ] WINDOWS VERSION:             WIN_10 
[ 10/07/2023 20:40:54 ] SYSTEM TYPE:                 64-Bit Operating System
[ 10/07/2023 20:40:54 ] MEMORY (RAM):                32601.73 MB
[ 10/07/2023 20:40:54 ] PROGRAM FILES DIRECTORY:     C:\Program Files
[ 10/07/2023 20:40:54 ] WINDOWS DIRECTORY:           C:\WINDOWS
-----------------------------------------------------------------------------------------



                                            ./
                                          (o o)
--------------------------------------oOOo-(-)-oOOo--------------------------------------

[ 10/07/2023 20:59:19 ] DATE:                        10/07/2023 20:59:19
[ 10/07/2023 20:59:19 ] PROGRAM:                     Complete Internet Repair 11.1.3.6368
[ 10/07/2023 20:59:19 ] PROGRAM PATH:                [Z:\Resolute\Resolute\ComIntRep_X64.exe]
[ 10/07/2023 20:59:19 ] COMPILED:                    YES
[ 10/07/2023 20:59:19 ] WINDOWS VERSION:             WIN_10 
[ 10/07/2023 20:59:19 ] SYSTEM TYPE:                 64-Bit Operating System
[ 10/07/2023 20:59:19 ] MEMORY (RAM):                32601.73 MB
[ 10/07/2023 20:59:19 ] PROGRAM FILES DIRECTORY:     C:\Program Files
[ 10/07/2023 20:59:19 ] WINDOWS DIRECTORY:           C:\WINDOWS
-----------------------------------------------------------------------------------------



                                            ./
                                          (o o)
--------------------------------------oOOo-(-)-oOOo--------------------------------------

[ 10/07/2023 20:59:39 ] DATE:                        10/07/2023 20:59:39
[ 10/07/2023 20:59:39 ] PROGRAM:                     Complete Internet Repair 11.1.3.6368
[ 10/07/2023 20:59:39 ] PROGRAM PATH:                [Z:\Resolute\Resolute\ComIntRep_X64.exe]
[ 10/07/2023 20:59:39 ] COMPILED:                    YES
[ 10/07/2023 20:59:39 ] WINDOWS VERSION:             WIN_10 
[ 10/07/2023 20:59:39 ] SYSTEM TYPE:                 64-Bit Operating System
[ 10/07/2023 20:59:39 ] MEMORY (RAM):                32601.73 MB
[ 10/07/2023 20:59:39 ] PROGRAM FILES DIRECTORY:     C:\Program Files
[ 10/07/2023 20:59:39 ] WINDOWS DIRECTORY:           C:\WINDOWS
-----------------------------------------------------------------------------------------



                                            ./
                                          (o o)
--------------------------------------oOOo-(-)-oOOo--------------------------------------

[ 10/07/2023 21:02:46 ] DATE:                        10/07/2023 21:02:46
[ 10/07/2023 21:02:46 ] PROGRAM:                     Complete Internet Repair 11.1.3.6368
[ 10/07/2023 21:02:46 ] PROGRAM PATH:                [Z:\Resolute\Resolute\ComIntRep_X64.exe]
[ 10/07/2023 21:02:46 ] COMPILED:                    YES
[ 10/07/2023 21:02:46 ] WINDOWS VERSION:             WIN_10 
[ 10/07/2023 21:02:46 ] SYSTEM TYPE:                 64-Bit Operating System
[ 10/07/2023 21:02:46 ] MEMORY (RAM):                32601.73 MB
[ 10/07/2023 21:02:46 ] PROGRAM FILES DIRECTORY:     C:\Program Files
[ 10/07/2023 21:02:46 ] WINDOWS DIRECTORY:           C:\WINDOWS
-----------------------------------------------------------------------------------------



                                            ./
                                          (o o)
--------------------------------------oOOo-(-)-oOOo--------------------------------------

[ 10/07/2023 21:08:02 ] DATE:                        10/07/2023 21:08:02
[ 10/07/2023 21:08:02 ] PROGRAM:                     Complete Internet Repair 11.1.3.6369
[ 10/07/2023 21:08:02 ] PROGRAM PATH:                [Z:\Resolute\Resolute\ComIntRep_X64.exe]
[ 10/07/2023 21:08:02 ] COMPILED:                    YES
[ 10/07/2023 21:08:02 ] WINDOWS VERSION:             WIN_10 
[ 10/07/2023 21:08:02 ] SYSTEM TYPE:                 64-Bit Operating System
[ 10/07/2023 21:08:02 ] MEMORY (RAM):                32601.73 MB
[ 10/07/2023 21:08:02 ] PROGRAM FILES DIRECTORY:     C:\Program Files
[ 10/07/2023 21:08:02 ] WINDOWS DIRECTORY:           C:\WINDOWS
-----------------------------------------------------------------------------------------



                                            ./
                                          (o o)
--------------------------------------oOOo-(-)-oOOo--------------------------------------

[ 10/07/2023 21:11:51 ] DATE:                        10/07/2023 21:11:51
[ 10/07/2023 21:11:51 ] PROGRAM:                     Complete Internet Repair 11.1.3.6369
[ 10/07/2023 21:11:51 ] PROGRAM PATH:                [Z:\Resolute\Resolute\ComIntRep_X64.exe]
[ 10/07/2023 21:11:51 ] COMPILED:                    YES
[ 10/07/2023 21:11:51 ] WINDOWS VERSION:             WIN_10 
[ 10/07/2023 21:11:51 ] SYSTEM TYPE:                 64-Bit Operating System
[ 10/07/2023 21:11:51 ] MEMORY (RAM):                32601.73 MB
[ 10/07/2023 21:11:51 ] PROGRAM FILES DIRECTORY:     C:\Program Files
[ 10/07/2023 21:11:51 ] WINDOWS DIRECTORY:           C:\WINDOWS
-----------------------------------------------------------------------------------------



                                            ./
                                          (o o)
--------------------------------------oOOo-(-)-oOOo--------------------------------------

[ 10/07/2023 21:17:04 ] DATE:                        10/07/2023 21:17:04
[ 10/07/2023 21:17:04 ] PROGRAM:                     Complete Internet Repair 11.1.3.6381
[ 10/07/2023 21:17:04 ] PROGRAM PATH:                [Z:\Resolute\Resolute\ComIntRep_X64.exe]
[ 10/07/2023 21:17:04 ] COMPILED:                    YES
[ 10/07/2023 21:17:04 ] WINDOWS VERSION:             WIN_10 
[ 10/07/2023 21:17:04 ] SYSTEM TYPE:                 64-Bit Operating System
[ 10/07/2023 21:17:04 ] MEMORY (RAM):                32601.73 MB
[ 10/07/2023 21:17:04 ] PROGRAM FILES DIRECTORY:     C:\Program Files
[ 10/07/2023 21:17:04 ] WINDOWS DIRECTORY:           C:\WINDOWS
-----------------------------------------------------------------------------------------



                                            ./
                                          (o o)
--------------------------------------oOOo-(-)-oOOo--------------------------------------

[ 10/07/2023 21:20:57 ] DATE:                        10/07/2023 21:20:57
[ 10/07/2023 21:20:57 ] PROGRAM:                     Complete Internet Repair 11.1.3.6382
[ 10/07/2023 21:20:57 ] PROGRAM PATH:                [Z:\Resolute\Resolute\ComIntRep_X64.exe]
[ 10/07/2023 21:20:57 ] COMPILED:                    YES
[ 10/07/2023 21:20:57 ] WINDOWS VERSION:             WIN_10 
[ 10/07/2023 21:20:57 ] SYSTEM TYPE:                 64-Bit Operating System
[ 10/07/2023 21:20:57 ] MEMORY (RAM):                32601.73 MB
[ 10/07/2023 21:20:57 ] PROGRAM FILES DIRECTORY:     C:\Program Files
[ 10/07/2023 21:20:57 ] WINDOWS DIRECTORY:           C:\WINDOWS
-----------------------------------------------------------------------------------------



                                            ./
                                          (o o)
--------------------------------------oOOo-(-)-oOOo--------------------------------------

[ 10/07/2023 21:21:31 ] DATE:                        10/07/2023 21:21:31
[ 10/07/2023 21:21:31 ] PROGRAM:                     Complete Internet Repair 11.1.3.6382
[ 10/07/2023 21:21:31 ] PROGRAM PATH:                [Z:\Resolute\Resolute\ComIntRep_X64.exe]
[ 10/07/2023 21:21:31 ] COMPILED:                    YES
[ 10/07/2023 21:21:31 ] WINDOWS VERSION:             WIN_10 
[ 10/07/2023 21:21:31 ] SYSTEM TYPE:                 64-Bit Operating System
[ 10/07/2023 21:21:31 ] MEMORY (RAM):                32601.73 MB
[ 10/07/2023 21:21:31 ] PROGRAM FILES DIRECTORY:     C:\Program Files
[ 10/07/2023 21:21:31 ] WINDOWS DIRECTORY:           C:\WINDOWS
-----------------------------------------------------------------------------------------



                                            ./
                                          (o o)
--------------------------------------oOOo-(-)-oOOo--------------------------------------

[ 10/07/2023 21:23:01 ] DATE:                        10/07/2023 21:23:01
[ 10/07/2023 21:23:01 ] PROGRAM:                     Complete Internet Repair 11.1.3.6382
[ 10/07/2023 21:23:01 ] PROGRAM PATH:                [Z:\Resolute\Resolute\ComIntRep_X64.exe]
[ 10/07/2023 21:23:01 ] COMPILED:                    YES
[ 10/07/2023 21:23:01 ] WINDOWS VERSION:             WIN_10 
[ 10/07/2023 21:23:01 ] SYSTEM TYPE:                 64-Bit Operating System
[ 10/07/2023 21:23:01 ] MEMORY (RAM):                32601.73 MB
[ 10/07/2023 21:23:01 ] PROGRAM FILES DIRECTORY:     C:\Program Files
[ 10/07/2023 21:23:01 ] WINDOWS DIRECTORY:           C:\WINDOWS
-----------------------------------------------------------------------------------------



                                            ./
                                          (o o)
--------------------------------------oOOo-(-)-oOOo--------------------------------------

[ 10/07/2023 21:25:07 ] DATE:                        10/07/2023 21:25:07
[ 10/07/2023 21:25:07 ] PROGRAM:                     Complete Internet Repair 11.1.3.6383
[ 10/07/2023 21:25:07 ] PROGRAM PATH:                [Z:\Resolute\Resolute\ComIntRep_X64.exe]
[ 10/07/2023 21:25:07 ] COMPILED:                    YES
[ 10/07/2023 21:25:07 ] WINDOWS VERSION:             WIN_10 
[ 10/07/2023 21:25:07 ] SYSTEM TYPE:                 64-Bit Operating System
[ 10/07/2023 21:25:07 ] MEMORY (RAM):                32601.73 MB
[ 10/07/2023 21:25:07 ] PROGRAM FILES DIRECTORY:     C:\Program Files
[ 10/07/2023 21:25:07 ] WINDOWS DIRECTORY:           C:\WINDOWS
-----------------------------------------------------------------------------------------



                                            ./
                                          (o o)
--------------------------------------oOOo-(-)-oOOo--------------------------------------

[ 10/07/2023 21:28:43 ] DATE:                        10/07/2023 21:28:43
[ 10/07/2023 21:28:43 ] PROGRAM:                     Complete Internet Repair 11.1.3.6384
[ 10/07/2023 21:28:43 ] PROGRAM PATH:                [Z:\Resolute\Resolute\ComIntRep_X64.exe]
[ 10/07/2023 21:28:43 ] COMPILED:                    YES
[ 10/07/2023 21:28:43 ] WINDOWS VERSION:             WIN_10 
[ 10/07/2023 21:28:43 ] SYSTEM TYPE:                 64-Bit Operating System
[ 10/07/2023 21:28:43 ] MEMORY (RAM):                32601.73 MB
[ 10/07/2023 21:28:43 ] PROGRAM FILES DIRECTORY:     C:\Program Files
[ 10/07/2023 21:28:43 ] WINDOWS DIRECTORY:           C:\WINDOWS
-----------------------------------------------------------------------------------------



                                            ./
                                          (o o)
--------------------------------------oOOo-(-)-oOOo--------------------------------------

[ 10/07/2023 21:29:52 ] DATE:                        10/07/2023 21:29:52
[ 10/07/2023 21:29:52 ] PROGRAM:                     Complete Internet Repair 11.1.3.6385
[ 10/07/2023 21:29:52 ] PROGRAM PATH:                [Z:\Resolute\Resolute\ComIntRep_X64.exe]
[ 10/07/2023 21:29:52 ] COMPILED:                    YES
[ 10/07/2023 21:29:52 ] WINDOWS VERSION:             WIN_10 
[ 10/07/2023 21:29:52 ] SYSTEM TYPE:                 64-Bit Operating System
[ 10/07/2023 21:29:52 ] MEMORY (RAM):                32601.73 MB
[ 10/07/2023 21:29:52 ] PROGRAM FILES DIRECTORY:     C:\Program Files
[ 10/07/2023 21:29:52 ] WINDOWS DIRECTORY:           C:\WINDOWS
-----------------------------------------------------------------------------------------



                                            ./
                                          (o o)
--------------------------------------oOOo-(-)-oOOo--------------------------------------

[ 10/07/2023 21:31:23 ] DATE:                        10/07/2023 21:31:23
[ 10/07/2023 21:31:23 ] PROGRAM:                     Complete Internet Repair 11.1.3.6385
[ 10/07/2023 21:31:23 ] PROGRAM PATH:                [Z:\Resolute\Resolute\ComIntRep_X64.exe]
[ 10/07/2023 21:31:23 ] COMPILED:                    YES
[ 10/07/2023 21:31:23 ] WINDOWS VERSION:             WIN_10 
[ 10/07/2023 21:31:23 ] SYSTEM TYPE:                 64-Bit Operating System
[ 10/07/2023 21:31:23 ] MEMORY (RAM):                32601.73 MB
[ 10/07/2023 21:31:23 ] PROGRAM FILES DIRECTORY:     C:\Program Files
[ 10/07/2023 21:31:23 ] WINDOWS DIRECTORY:           C:\WINDOWS
-----------------------------------------------------------------------------------------



                                            ./
                                          (o o)
--------------------------------------oOOo-(-)-oOOo--------------------------------------

[ 10/07/2023 21:47:49 ] DATE:                        10/07/2023 21:47:49
[ 10/07/2023 21:47:49 ] PROGRAM:                     Complete Internet Repair 11.1.3.6385
[ 10/07/2023 21:47:49 ] PROGRAM PATH:                [Z:\Resolute\Resolute\ComIntRep_X64.exe]
[ 10/07/2023 21:47:49 ] COMPILED:                    YES
[ 10/07/2023 21:47:49 ] WINDOWS VERSION:             WIN_10 
[ 10/07/2023 21:47:49 ] SYSTEM TYPE:                 64-Bit Operating System
[ 10/07/2023 21:47:49 ] MEMORY (RAM):                32601.73 MB
[ 10/07/2023 21:47:49 ] PROGRAM FILES DIRECTORY:     C:\Program Files
[ 10/07/2023 21:47:49 ] WINDOWS DIRECTORY:           C:\WINDOWS
-----------------------------------------------------------------------------------------



                                            ./
                                          (o o)
--------------------------------------oOOo-(-)-oOOo--------------------------------------

[ 10/07/2023 21:49:54 ] DATE:                        10/07/2023 21:49:54
[ 10/07/2023 21:49:54 ] PROGRAM:                     Complete Internet Repair 11.1.3.6386
[ 10/07/2023 21:49:54 ] PROGRAM PATH:                [Z:\Resolute\Resolute\ComIntRep_X64.exe]
[ 10/07/2023 21:49:54 ] COMPILED:                    YES
[ 10/07/2023 21:49:54 ] WINDOWS VERSION:             WIN_10 
[ 10/07/2023 21:49:54 ] SYSTEM TYPE:                 64-Bit Operating System
[ 10/07/2023 21:49:54 ] MEMORY (RAM):                32601.73 MB
[ 10/07/2023 21:49:54 ] PROGRAM FILES DIRECTORY:     C:\Program Files
[ 10/07/2023 21:49:54 ] WINDOWS DIRECTORY:           C:\WINDOWS
-----------------------------------------------------------------------------------------



                                            ./
                                          (o o)
--------------------------------------oOOo-(-)-oOOo--------------------------------------

[ 10/07/2023 21:51:19 ] DATE:                        10/07/2023 21:51:19
[ 10/07/2023 21:51:19 ] PROGRAM:                     Complete Internet Repair 11.1.3.6387
[ 10/07/2023 21:51:19 ] PROGRAM PATH:                [Z:\Resolute\Resolute\ComIntRep_X64.exe]
[ 10/07/2023 21:51:19 ] COMPILED:                    YES
[ 10/07/2023 21:51:19 ] WINDOWS VERSION:             WIN_10 
[ 10/07/2023 21:51:19 ] SYSTEM TYPE:                 64-Bit Operating System
[ 10/07/2023 21:51:19 ] MEMORY (RAM):                32601.73 MB
[ 10/07/2023 21:51:19 ] PROGRAM FILES DIRECTORY:     C:\Program Files
[ 10/07/2023 21:51:19 ] WINDOWS DIRECTORY:           C:\WINDOWS
-----------------------------------------------------------------------------------------



                                            ./
                                          (o o)
--------------------------------------oOOo-(-)-oOOo--------------------------------------

[ 10/07/2023 21:54:11 ] DATE:                        10/07/2023 21:54:11
[ 10/07/2023 21:54:11 ] PROGRAM:                     Complete Internet Repair 11.1.3.6387
[ 10/07/2023 21:54:11 ] PROGRAM PATH:                [Z:\Resolute\Resolute\ComIntRep_X64.exe]
[ 10/07/2023 21:54:11 ] COMPILED:                    YES
[ 10/07/2023 21:54:11 ] WINDOWS VERSION:             WIN_10 
[ 10/07/2023 21:54:11 ] SYSTEM TYPE:                 64-Bit Operating System
[ 10/07/2023 21:54:11 ] MEMORY (RAM):                32601.73 MB
[ 10/07/2023 21:54:11 ] PROGRAM FILES DIRECTORY:     C:\Program Files
[ 10/07/2023 21:54:11 ] WINDOWS DIRECTORY:           C:\WINDOWS
-----------------------------------------------------------------------------------------



                                            ./
                                          (o o)
--------------------------------------oOOo-(-)-oOOo--------------------------------------

[ 10/07/2023 21:55:01 ] DATE:                        10/07/2023 21:55:01
[ 10/07/2023 21:55:01 ] PROGRAM:                     Complete Internet Repair 11.1.3.6388
[ 10/07/2023 21:55:01 ] PROGRAM PATH:                [Z:\Resolute\Resolute\ComIntRep_X64.exe]
[ 10/07/2023 21:55:01 ] COMPILED:                    YES
[ 10/07/2023 21:55:01 ] WINDOWS VERSION:             WIN_10 
[ 10/07/2023 21:55:01 ] SYSTEM TYPE:                 64-Bit Operating System
[ 10/07/2023 21:55:01 ] MEMORY (RAM):                32601.73 MB
[ 10/07/2023 21:55:01 ] PROGRAM FILES DIRECTORY:     C:\Program Files
[ 10/07/2023 21:55:01 ] WINDOWS DIRECTORY:           C:\WINDOWS
-----------------------------------------------------------------------------------------



                                            ./
                                          (o o)
--------------------------------------oOOo-(-)-oOOo--------------------------------------

[ 10/07/2023 21:57:55 ] DATE:                        10/07/2023 21:57:55
[ 10/07/2023 21:57:55 ] PROGRAM:                     Complete Internet Repair 11.1.3.6389
[ 10/07/2023 21:57:55 ] PROGRAM PATH:                [Z:\Resolute\Resolute\ComIntRep_X64.exe]
[ 10/07/2023 21:57:55 ] COMPILED:                    YES
[ 10/07/2023 21:57:55 ] WINDOWS VERSION:             WIN_10 
[ 10/07/2023 21:57:55 ] SYSTEM TYPE:                 64-Bit Operating System
[ 10/07/2023 21:57:55 ] MEMORY (RAM):                32601.73 MB
[ 10/07/2023 21:57:55 ] PROGRAM FILES DIRECTORY:     C:\Program Files
[ 10/07/2023 21:57:55 ] WINDOWS DIRECTORY:           C:\WINDOWS
-----------------------------------------------------------------------------------------



                                            ./
                                          (o o)
--------------------------------------oOOo-(-)-oOOo--------------------------------------

[ 10/07/2023 22:02:24 ] DATE:                        10/07/2023 22:02:24
[ 10/07/2023 22:02:24 ] PROGRAM:                     Complete Internet Repair 11.1.3.6390
[ 10/07/2023 22:02:24 ] PROGRAM PATH:                [Z:\Resolute\Resolute\ComIntRep_X64.exe]
[ 10/07/2023 22:02:24 ] COMPILED:                    YES
[ 10/07/2023 22:02:24 ] WINDOWS VERSION:             WIN_10 
[ 10/07/2023 22:02:24 ] SYSTEM TYPE:                 64-Bit Operating System
[ 10/07/2023 22:02:24 ] MEMORY (RAM):                32601.73 MB
[ 10/07/2023 22:02:24 ] PROGRAM FILES DIRECTORY:     C:\Program Files
[ 10/07/2023 22:02:24 ] WINDOWS DIRECTORY:           C:\WINDOWS
-----------------------------------------------------------------------------------------



                                            ./
                                          (o o)
--------------------------------------oOOo-(-)-oOOo--------------------------------------

[ 10/07/2023 22:05:20 ] DATE:                        10/07/2023 22:05:20
[ 10/07/2023 22:05:20 ] PROGRAM:                     Complete Internet Repair 11.1.3.6391
[ 10/07/2023 22:05:20 ] PROGRAM PATH:                [Z:\Resolute\Resolute\ComIntRep_X64.exe]
[ 10/07/2023 22:05:20 ] COMPILED:                    YES
[ 10/07/2023 22:05:20 ] WINDOWS VERSION:             WIN_10 
[ 10/07/2023 22:05:20 ] SYSTEM TYPE:                 64-Bit Operating System
[ 10/07/2023 22:05:20 ] MEMORY (RAM):                32601.73 MB
[ 10/07/2023 22:05:20 ] PROGRAM FILES DIRECTORY:     C:\Program Files
[ 10/07/2023 22:05:20 ] WINDOWS DIRECTORY:           C:\WINDOWS
-----------------------------------------------------------------------------------------



                                            ./
                                          (o o)
--------------------------------------oOOo-(-)-oOOo--------------------------------------

[ 10/07/2023 22:06:25 ] DATE:                        10/07/2023 22:06:25
[ 10/07/2023 22:06:25 ] PROGRAM:                     Complete Internet Repair 11.1.3.6392
[ 10/07/2023 22:06:25 ] PROGRAM PATH:                [Z:\Resolute\Resolute\ComIntRep_X64.exe]
[ 10/07/2023 22:06:25 ] COMPILED:                    YES
[ 10/07/2023 22:06:25 ] WINDOWS VERSION:             WIN_10 
[ 10/07/2023 22:06:25 ] SYSTEM TYPE:                 64-Bit Operating System
[ 10/07/2023 22:06:25 ] MEMORY (RAM):                32601.73 MB
[ 10/07/2023 22:06:25 ] PROGRAM FILES DIRECTORY:     C:\Program Files
[ 10/07/2023 22:06:25 ] WINDOWS DIRECTORY:           C:\WINDOWS
-----------------------------------------------------------------------------------------



                                            ./
                                          (o o)
--------------------------------------oOOo-(-)-oOOo--------------------------------------

[ 10/07/2023 22:09:39 ] DATE:                        10/07/2023 22:09:39
[ 10/07/2023 22:09:39 ] PROGRAM:                     Complete Internet Repair 11.1.3.6393
[ 10/07/2023 22:09:39 ] PROGRAM PATH:                [Z:\Resolute\Resolute\ComIntRep_X64.exe]
[ 10/07/2023 22:09:39 ] COMPILED:                    YES
[ 10/07/2023 22:09:39 ] WINDOWS VERSION:             WIN_10 
[ 10/07/2023 22:09:39 ] SYSTEM TYPE:                 64-Bit Operating System
[ 10/07/2023 22:09:39 ] MEMORY (RAM):                32601.73 MB
[ 10/07/2023 22:09:39 ] PROGRAM FILES DIRECTORY:     C:\Program Files
[ 10/07/2023 22:09:39 ] WINDOWS DIRECTORY:           C:\WINDOWS
-----------------------------------------------------------------------------------------



                                            ./
                                          (o o)
--------------------------------------oOOo-(-)-oOOo--------------------------------------

[ 10/07/2023 22:11:00 ] DATE:                        10/07/2023 22:11:00
[ 10/07/2023 22:11:00 ] PROGRAM:                     Complete Internet Repair 11.1.3.6394
[ 10/07/2023 22:11:00 ] PROGRAM PATH:                [Z:\Resolute\Resolute\ComIntRep_X64.exe]
[ 10/07/2023 22:11:00 ] COMPILED:                    YES
[ 10/07/2023 22:11:00 ] WINDOWS VERSION:             WIN_10 
[ 10/07/2023 22:11:00 ] SYSTEM TYPE:                 64-Bit Operating System
[ 10/07/2023 22:11:00 ] MEMORY (RAM):                32601.73 MB
[ 10/07/2023 22:11:00 ] PROGRAM FILES DIRECTORY:     C:\Program Files
[ 10/07/2023 22:11:00 ] WINDOWS DIRECTORY:           C:\WINDOWS
-----------------------------------------------------------------------------------------



                                            ./
                                          (o o)
--------------------------------------oOOo-(-)-oOOo--------------------------------------

[ 10/07/2023 22:12:08 ] DATE:                        10/07/2023 22:12:08
[ 10/07/2023 22:12:08 ] PROGRAM:                     Complete Internet Repair 11.1.3.6395
[ 10/07/2023 22:12:08 ] PROGRAM PATH:                [Z:\Resolute\Resolute\ComIntRep_X64.exe]
[ 10/07/2023 22:12:08 ] COMPILED:                    YES
[ 10/07/2023 22:12:08 ] WINDOWS VERSION:             WIN_10 
[ 10/07/2023 22:12:08 ] SYSTEM TYPE:                 64-Bit Operating System
[ 10/07/2023 22:12:08 ] MEMORY (RAM):                32601.73 MB
[ 10/07/2023 22:12:08 ] PROGRAM FILES DIRECTORY:     C:\Program Files
[ 10/07/2023 22:12:08 ] WINDOWS DIRECTORY:           C:\WINDOWS
-----------------------------------------------------------------------------------------



                                            ./
                                          (o o)
--------------------------------------oOOo-(-)-oOOo--------------------------------------

[ 10/07/2023 22:14:42 ] DATE:                        10/07/2023 22:14:42
[ 10/07/2023 22:14:42 ] PROGRAM:                     Complete Internet Repair 11.1.3.6396
[ 10/07/2023 22:14:42 ] PROGRAM PATH:                [Z:\Resolute\Resolute\ComIntRep_X64.exe]
[ 10/07/2023 22:14:42 ] COMPILED:                    YES
[ 10/07/2023 22:14:42 ] WINDOWS VERSION:             WIN_10 
[ 10/07/2023 22:14:42 ] SYSTEM TYPE:                 64-Bit Operating System
[ 10/07/2023 22:14:42 ] MEMORY (RAM):                32601.73 MB
[ 10/07/2023 22:14:42 ] PROGRAM FILES DIRECTORY:     C:\Program Files
[ 10/07/2023 22:14:42 ] WINDOWS DIRECTORY:           C:\WINDOWS
-----------------------------------------------------------------------------------------



                                            ./
                                          (o o)
--------------------------------------oOOo-(-)-oOOo--------------------------------------

[ 10/07/2023 22:16:15 ] DATE:                        10/07/2023 22:16:15
[ 10/07/2023 22:16:15 ] PROGRAM:                     Complete Internet Repair 11.1.3.6396
[ 10/07/2023 22:16:15 ] PROGRAM PATH:                [Z:\Resolute\Resolute\ComIntRep_X64.exe]
[ 10/07/2023 22:16:15 ] COMPILED:                    YES
[ 10/07/2023 22:16:15 ] WINDOWS VERSION:             WIN_10 
[ 10/07/2023 22:16:15 ] SYSTEM TYPE:                 64-Bit Operating System
[ 10/07/2023 22:16:15 ] MEMORY (RAM):                32601.73 MB
[ 10/07/2023 22:16:15 ] PROGRAM FILES DIRECTORY:     C:\Program Files
[ 10/07/2023 22:16:15 ] WINDOWS DIRECTORY:           C:\WINDOWS
-----------------------------------------------------------------------------------------



                                            ./
                                          (o o)
--------------------------------------oOOo-(-)-oOOo--------------------------------------

[ 10/07/2023 22:22:34 ] DATE:                        10/07/2023 22:22:34
[ 10/07/2023 22:22:34 ] PROGRAM:                     Complete Internet Repair 11.1.3.6396
[ 10/07/2023 22:22:34 ] PROGRAM PATH:                [Z:\Resolute\Resolute\ComIntRep_X64.exe]
[ 10/07/2023 22:22:34 ] COMPILED:                    YES
[ 10/07/2023 22:22:34 ] WINDOWS VERSION:             WIN_10 
[ 10/07/2023 22:22:34 ] SYSTEM TYPE:                 64-Bit Operating System
[ 10/07/2023 22:22:34 ] MEMORY (RAM):                32601.73 MB
[ 10/07/2023 22:22:34 ] PROGRAM FILES DIRECTORY:     C:\Program Files
[ 10/07/2023 22:22:34 ] WINDOWS DIRECTORY:           C:\WINDOWS
-----------------------------------------------------------------------------------------



                                            ./
                                          (o o)
--------------------------------------oOOo-(-)-oOOo--------------------------------------

[ 10/07/2023 23:14:42 ] DATE:                        10/07/2023 23:14:42
[ 10/07/2023 23:14:42 ] PROGRAM:                     Complete Internet Repair 11.1.3.6398
[ 10/07/2023 23:14:42 ] PROGRAM PATH:                [Z:\Resolute\Resolute\ComIntRep_X64.exe]
[ 10/07/2023 23:14:42 ] COMPILED:                    YES
[ 10/07/2023 23:14:42 ] WINDOWS VERSION:             WIN_10 
[ 10/07/2023 23:14:42 ] SYSTEM TYPE:                 64-Bit Operating System
[ 10/07/2023 23:14:42 ] MEMORY (RAM):                32601.73 MB
[ 10/07/2023 23:14:42 ] PROGRAM FILES DIRECTORY:     C:\Program Files
[ 10/07/2023 23:14:42 ] WINDOWS DIRECTORY:           C:\WINDOWS
-----------------------------------------------------------------------------------------



                                            ./
                                          (o o)
--------------------------------------oOOo-(-)-oOOo--------------------------------------

[ 10/08/2023 11:52:34 ] DATE:                        10/08/2023 11:52:34
[ 10/08/2023 11:52:34 ] PROGRAM:                     Complete Internet Repair 11.1.3.6399
[ 10/08/2023 11:52:34 ] PROGRAM PATH:                [Z:\Resolute\Resolute\ComIntRep_X64.exe]
[ 10/08/2023 11:52:34 ] COMPILED:                    YES
[ 10/08/2023 11:52:34 ] WINDOWS VERSION:             WIN_10 
[ 10/08/2023 11:52:34 ] SYSTEM TYPE:                 64-Bit Operating System
[ 10/08/2023 11:52:34 ] MEMORY (RAM):                32601.73 MB
[ 10/08/2023 11:52:34 ] PROGRAM FILES DIRECTORY:     C:\Program Files
[ 10/08/2023 11:52:34 ] WINDOWS DIRECTORY:           C:\WINDOWS
-----------------------------------------------------------------------------------------



                                            ./
                                          (o o)
--------------------------------------oOOo-(-)-oOOo--------------------------------------

[ 10/08/2023 13:51:20 ] DATE:                        10/08/2023 13:51:20
[ 10/08/2023 13:51:20 ] PROGRAM:                     Complete Internet Repair 11.1.3.6399
[ 10/08/2023 13:51:20 ] PROGRAM PATH:                [Z:\Resolute\Resolute\ComIntRep_X64.exe]
[ 10/08/2023 13:51:20 ] COMPILED:                    YES
[ 10/08/2023 13:51:20 ] WINDOWS VERSION:             WIN_10 
[ 10/08/2023 13:51:20 ] SYSTEM TYPE:                 64-Bit Operating System
[ 10/08/2023 13:51:20 ] MEMORY (RAM):                32601.73 MB
[ 10/08/2023 13:51:20 ] PROGRAM FILES DIRECTORY:     C:\Program Files
[ 10/08/2023 13:51:20 ] WINDOWS DIRECTORY:           C:\WINDOWS
-----------------------------------------------------------------------------------------



                                            ./
                                          (o o)
--------------------------------------oOOo-(-)-oOOo--------------------------------------

[ 10/08/2023 15:18:44 ] DATE:                        10/08/2023 15:18:44
[ 10/08/2023 15:18:44 ] PROGRAM:                     Complete Internet Repair 11.1.3.6399
[ 10/08/2023 15:18:44 ] PROGRAM PATH:                [Z:\Resolute\Resolute\ComIntRep_X64.exe]
[ 10/08/2023 15:18:44 ] COMPILED:                    YES
[ 10/08/2023 15:18:44 ] WINDOWS VERSION:             WIN_10 
[ 10/08/2023 15:18:44 ] SYSTEM TYPE:                 64-Bit Operating System
[ 10/08/2023 15:18:44 ] MEMORY (RAM):                32601.73 MB
[ 10/08/2023 15:18:44 ] PROGRAM FILES DIRECTORY:     C:\Program Files
[ 10/08/2023 15:18:44 ] WINDOWS DIRECTORY:           C:\WINDOWS
-----------------------------------------------------------------------------------------



                                            ./
                                          (o o)
--------------------------------------oOOo-(-)-oOOo--------------------------------------

[ 10/09/2023 00:51:24 ] DATE:                        10/09/2023 00:51:24
[ 10/09/2023 00:51:24 ] PROGRAM:                     Complete Internet Repair 11.1.3.6399
[ 10/09/2023 00:51:24 ] PROGRAM PATH:                [Z:\Resolute\Resolute\ComIntRep_X64.exe]
[ 10/09/2023 00:51:24 ] COMPILED:                    YES
[ 10/09/2023 00:51:24 ] WINDOWS VERSION:             WIN_10 
[ 10/09/2023 00:51:24 ] SYSTEM TYPE:                 64-Bit Operating System
[ 10/09/2023 00:51:24 ] MEMORY (RAM):                32601.73 MB
[ 10/09/2023 00:51:24 ] PROGRAM FILES DIRECTORY:     C:\Program Files
[ 10/09/2023 00:51:24 ] WINDOWS DIRECTORY:           C:\WINDOWS
-----------------------------------------------------------------------------------------



                                            ./
                                          (o o)
--------------------------------------oOOo-(-)-oOOo--------------------------------------

[ 10/09/2023 00:51:31 ] DATE:                        10/09/2023 00:51:31
[ 10/09/2023 00:51:31 ] PROGRAM:                     Complete Internet Repair 11.1.3.6399
[ 10/09/2023 00:51:31 ] PROGRAM PATH:                [Z:\Resolute\Resolute\ComIntRep_X64.exe]
[ 10/09/2023 00:51:31 ] COMPILED:                    YES
[ 10/09/2023 00:51:31 ] WINDOWS VERSION:             WIN_10 
[ 10/09/2023 00:51:31 ] SYSTEM TYPE:                 64-Bit Operating System
[ 10/09/2023 00:51:31 ] MEMORY (RAM):                32601.73 MB
[ 10/09/2023 00:51:31 ] PROGRAM FILES DIRECTORY:     C:\Program Files
[ 10/09/2023 00:51:31 ] WINDOWS DIRECTORY:           C:\WINDOWS
-----------------------------------------------------------------------------------------



                                            ./
                                          (o o)
--------------------------------------oOOo-(-)-oOOo--------------------------------------

[ 10/09/2023 01:37:18 ] DATE:                        10/09/2023 01:37:18
[ 10/09/2023 01:37:18 ] PROGRAM:                     Complete Internet Repair 11.1.3.6399
[ 10/09/2023 01:37:18 ] PROGRAM PATH:                [Z:\Resolute\Resolute\ComIntRep_X64.exe]
[ 10/09/2023 01:37:18 ] COMPILED:                    YES
[ 10/09/2023 01:37:18 ] WINDOWS VERSION:             WIN_10 
[ 10/09/2023 01:37:18 ] SYSTEM TYPE:                 64-Bit Operating System
[ 10/09/2023 01:37:18 ] MEMORY (RAM):                32601.73 MB
[ 10/09/2023 01:37:18 ] PROGRAM FILES DIRECTORY:     C:\Program Files
[ 10/09/2023 01:37:18 ] WINDOWS DIRECTORY:           C:\WINDOWS
-----------------------------------------------------------------------------------------



                                            ./
                                          (o o)
--------------------------------------oOOo-(-)-oOOo--------------------------------------

[ 10/10/2023 08:00:17 ] DATE:                        10/10/2023 08:00:17
[ 10/10/2023 08:00:17 ] PROGRAM:                     Complete Internet Repair 11.1.3.6400
[ 10/10/2023 08:00:17 ] PROGRAM PATH:                [Z:\Resolute\Resolute\ComIntRep_X64.exe]
[ 10/10/2023 08:00:17 ] COMPILED:                    YES
[ 10/10/2023 08:00:17 ] WINDOWS VERSION:             WIN_10 
[ 10/10/2023 08:00:17 ] SYSTEM TYPE:                 64-Bit Operating System
[ 10/10/2023 08:00:17 ] MEMORY (RAM):                32601.73 MB
[ 10/10/2023 08:00:17 ] PROGRAM FILES DIRECTORY:     C:\Program Files
[ 10/10/2023 08:00:17 ] WINDOWS DIRECTORY:           C:\WINDOWS
-----------------------------------------------------------------------------------------



                                            ./
                                          (o o)
--------------------------------------oOOo-(-)-oOOo--------------------------------------

[ 10/10/2023 08:01:23 ] DATE:                        10/10/2023 08:01:23
[ 10/10/2023 08:01:23 ] PROGRAM:                     Complete Internet Repair 11.1.3.6401
[ 10/10/2023 08:01:23 ] PROGRAM PATH:                [Z:\Resolute\Resolute\ComIntRep_X64.exe]
[ 10/10/2023 08:01:23 ] COMPILED:                    YES
[ 10/10/2023 08:01:23 ] WINDOWS VERSION:             WIN_10 
[ 10/10/2023 08:01:23 ] SYSTEM TYPE:                 64-Bit Operating System
[ 10/10/2023 08:01:23 ] MEMORY (RAM):                32601.73 MB
[ 10/10/2023 08:01:23 ] PROGRAM FILES DIRECTORY:     C:\Program Files
[ 10/10/2023 08:01:23 ] WINDOWS DIRECTORY:           C:\WINDOWS
-----------------------------------------------------------------------------------------



                                            ./
                                          (o o)
--------------------------------------oOOo-(-)-oOOo--------------------------------------

[ 10/10/2023 08:01:53 ] DATE:                        10/10/2023 08:01:53
[ 10/10/2023 08:01:53 ] PROGRAM:                     Complete Internet Repair 11.1.3.6401
[ 10/10/2023 08:01:53 ] PROGRAM PATH:                [Z:\Resolute\Resolute\ComIntRep_X64.exe]
[ 10/10/2023 08:01:53 ] COMPILED:                    YES
[ 10/10/2023 08:01:53 ] WINDOWS VERSION:             WIN_10 
[ 10/10/2023 08:01:53 ] SYSTEM TYPE:                 64-Bit Operating System
[ 10/10/2023 08:01:53 ] MEMORY (RAM):                32601.73 MB
[ 10/10/2023 08:01:53 ] PROGRAM FILES DIRECTORY:     C:\Program Files
[ 10/10/2023 08:01:53 ] WINDOWS DIRECTORY:           C:\WINDOWS
-----------------------------------------------------------------------------------------



                                            ./
                                          (o o)
--------------------------------------oOOo-(-)-oOOo--------------------------------------

[ 10/10/2023 08:01:59 ] DATE:                        10/10/2023 08:01:59
[ 10/10/2023 08:01:59 ] PROGRAM:                     Complete Internet Repair 11.1.3.6401
[ 10/10/2023 08:01:59 ] PROGRAM PATH:                [Z:\Resolute\Resolute\ComIntRep_X64.exe]
[ 10/10/2023 08:01:59 ] COMPILED:                    YES
[ 10/10/2023 08:01:59 ] WINDOWS VERSION:             WIN_10 
[ 10/10/2023 08:01:59 ] SYSTEM TYPE:                 64-Bit Operating System
[ 10/10/2023 08:01:59 ] MEMORY (RAM):                32601.73 MB
[ 10/10/2023 08:01:59 ] PROGRAM FILES DIRECTORY:     C:\Program Files
[ 10/10/2023 08:01:59 ] WINDOWS DIRECTORY:           C:\WINDOWS
-----------------------------------------------------------------------------------------



                                            ./
                                          (o o)
--------------------------------------oOOo-(-)-oOOo--------------------------------------

[ 10/10/2023 15:49:19 ] DATE:                        10/10/2023 15:49:19
[ 10/10/2023 15:49:19 ] PROGRAM:                     Complete Internet Repair 11.1.3.6502
[ 10/10/2023 15:49:19 ] PROGRAM PATH:                [Z:\Resolute\Resolute\ComIntRep_X64.exe]
[ 10/10/2023 15:49:19 ] COMPILED:                    YES
[ 10/10/2023 15:49:19 ] WINDOWS VERSION:             WIN_10 
[ 10/10/2023 15:49:19 ] SYSTEM TYPE:                 64-Bit Operating System
[ 10/10/2023 15:49:19 ] MEMORY (RAM):                32601.73 MB
[ 10/10/2023 15:49:19 ] PROGRAM FILES DIRECTORY:     C:\Program Files
[ 10/10/2023 15:49:19 ] WINDOWS DIRECTORY:           C:\WINDOWS
-----------------------------------------------------------------------------------------



                                            ./
                                          (o o)
--------------------------------------oOOo-(-)-oOOo--------------------------------------

[ 10/10/2023 16:29:21 ] DATE:                        10/10/2023 16:29:21
[ 10/10/2023 16:29:21 ] PROGRAM:                     Complete Internet Repair 11.1.3.6502
[ 10/10/2023 16:29:21 ] PROGRAM PATH:                [Z:\Resolute\Resolute\ComIntRep_X64.exe]
[ 10/10/2023 16:29:21 ] COMPILED:                    YES
[ 10/10/2023 16:29:21 ] WINDOWS VERSION:             WIN_10 
[ 10/10/2023 16:29:21 ] SYSTEM TYPE:                 64-Bit Operating System
[ 10/10/2023 16:29:21 ] MEMORY (RAM):                32601.73 MB
[ 10/10/2023 16:29:21 ] PROGRAM FILES DIRECTORY:     C:\Program Files
[ 10/10/2023 16:29:21 ] WINDOWS DIRECTORY:           C:\WINDOWS
-----------------------------------------------------------------------------------------



                                            ./
                                          (o o)
--------------------------------------oOOo-(-)-oOOo--------------------------------------

[ 10/10/2023 16:38:56 ] DATE:                        10/10/2023 16:38:56
[ 10/10/2023 16:38:56 ] PROGRAM:                     Complete Internet Repair 11.1.3.6502
[ 10/10/2023 16:38:56 ] PROGRAM PATH:                [Z:\Resolute\Resolute\ComIntRep_X64.exe]
[ 10/10/2023 16:38:56 ] COMPILED:                    YES
[ 10/10/2023 16:38:56 ] WINDOWS VERSION:             WIN_10 
[ 10/10/2023 16:38:56 ] SYSTEM TYPE:                 64-Bit Operating System
[ 10/10/2023 16:38:56 ] MEMORY (RAM):                32601.73 MB
[ 10/10/2023 16:38:56 ] PROGRAM FILES DIRECTORY:     C:\Program Files
[ 10/10/2023 16:38:56 ] WINDOWS DIRECTORY:           C:\WINDOWS
-----------------------------------------------------------------------------------------



                                            ./
                                          (o o)
--------------------------------------oOOo-(-)-oOOo--------------------------------------

[ 10/10/2023 17:31:05 ] DATE:                        10/10/2023 17:31:05
[ 10/10/2023 17:31:05 ] PROGRAM:                     Complete Internet Repair 11.1.3.6502
[ 10/10/2023 17:31:05 ] PROGRAM PATH:                [Z:\Resolute\Resolute\ComIntRep_X64.exe]
[ 10/10/2023 17:31:05 ] COMPILED:                    YES
[ 10/10/2023 17:31:05 ] WINDOWS VERSION:             WIN_10 
[ 10/10/2023 17:31:05 ] SYSTEM TYPE:                 64-Bit Operating System
[ 10/10/2023 17:31:05 ] MEMORY (RAM):                32601.73 MB
[ 10/10/2023 17:31:05 ] PROGRAM FILES DIRECTORY:     C:\Program Files
[ 10/10/2023 17:31:05 ] WINDOWS DIRECTORY:           C:\WINDOWS
-----------------------------------------------------------------------------------------



                                            ./
                                          (o o)
--------------------------------------oOOo-(-)-oOOo--------------------------------------

[ 10/11/2023 13:59:51 ] DATE:                        10/11/2023 13:59:51
[ 10/11/2023 13:59:51 ] PROGRAM:                     Complete Internet Repair 11.1.3.6502
[ 10/11/2023 13:59:51 ] PROGRAM PATH:                [Z:\Resolute\Resolute\ComIntRep_X64.exe]
[ 10/11/2023 13:59:51 ] COMPILED:                    YES
[ 10/11/2023 13:59:51 ] WINDOWS VERSION:             WIN_10 
[ 10/11/2023 13:59:51 ] SYSTEM TYPE:                 64-Bit Operating System
[ 10/11/2023 13:59:51 ] MEMORY (RAM):                32601.73 MB
[ 10/11/2023 13:59:51 ] PROGRAM FILES DIRECTORY:     C:\Program Files
[ 10/11/2023 13:59:51 ] WINDOWS DIRECTORY:           C:\WINDOWS
-----------------------------------------------------------------------------------------



                                            ./
                                          (o o)
--------------------------------------oOOo-(-)-oOOo--------------------------------------

[ 10/11/2023 23:25:47 ] DATE:                        10/11/2023 23:25:47
[ 10/11/2023 23:25:47 ] PROGRAM:                     Complete Internet Repair 11.1.3.6502
[ 10/11/2023 23:25:47 ] PROGRAM PATH:                [Z:\Resolute\Resolute\ComIntRep_X64.exe]
[ 10/11/2023 23:25:47 ] COMPILED:                    YES
[ 10/11/2023 23:25:47 ] WINDOWS VERSION:             WIN_10 
[ 10/11/2023 23:25:47 ] SYSTEM TYPE:                 64-Bit Operating System
[ 10/11/2023 23:25:47 ] MEMORY (RAM):                32601.73 MB
[ 10/11/2023 23:25:47 ] PROGRAM FILES DIRECTORY:     C:\Program Files
[ 10/11/2023 23:25:47 ] WINDOWS DIRECTORY:           C:\WINDOWS
-----------------------------------------------------------------------------------------



                                            ./
                                          (o o)
--------------------------------------oOOo-(-)-oOOo--------------------------------------

[ 10/12/2023 09:40:10 ] DATE:                        10/12/2023 09:40:10
[ 10/12/2023 09:40:10 ] PROGRAM:                     Complete Internet Repair 11.1.3.6502
[ 10/12/2023 09:40:10 ] PROGRAM PATH:                [Z:\Resolute\Resolute\ComIntRep_X64.exe]
[ 10/12/2023 09:40:10 ] COMPILED:                    YES
[ 10/12/2023 09:40:10 ] WINDOWS VERSION:             WIN_10 
[ 10/12/2023 09:40:10 ] SYSTEM TYPE:                 64-Bit Operating System
[ 10/12/2023 09:40:10 ] MEMORY (RAM):                32601.73 MB
[ 10/12/2023 09:40:10 ] PROGRAM FILES DIRECTORY:     C:\Program Files
[ 10/12/2023 09:40:10 ] WINDOWS DIRECTORY:           C:\WINDOWS
-----------------------------------------------------------------------------------------



                                            ./
                                          (o o)
--------------------------------------oOOo-(-)-oOOo--------------------------------------

[ 10/13/2023 01:12:03 ] DATE:                        10/13/2023 01:12:03
[ 10/13/2023 01:12:03 ] PROGRAM:                     Complete Internet Repair 11.1.3.6502
[ 10/13/2023 01:12:03 ] PROGRAM PATH:                [Z:\Resolute\Resolute\ComIntRep_X64.exe]
[ 10/13/2023 01:12:03 ] COMPILED:                    YES
[ 10/13/2023 01:12:03 ] WINDOWS VERSION:             WIN_10 
[ 10/13/2023 01:12:03 ] SYSTEM TYPE:                 64-Bit Operating System
[ 10/13/2023 01:12:03 ] MEMORY (RAM):                32601.73 MB
[ 10/13/2023 01:12:03 ] PROGRAM FILES DIRECTORY:     C:\Program Files
[ 10/13/2023 01:12:03 ] WINDOWS DIRECTORY:           C:\WINDOWS
-----------------------------------------------------------------------------------------



                                            ./
                                          (o o)
--------------------------------------oOOo-(-)-oOOo--------------------------------------

[ 10/13/2023 01:14:14 ] DATE:                        10/13/2023 01:14:14
[ 10/13/2023 01:14:14 ] PROGRAM:                     Complete Internet Repair 11.1.3.6502
[ 10/13/2023 01:14:14 ] PROGRAM PATH:                [Z:\Resolute\Resolute\ComIntRep_X64.exe]
[ 10/13/2023 01:14:14 ] COMPILED:                    YES
[ 10/13/2023 01:14:14 ] WINDOWS VERSION:             WIN_10 
[ 10/13/2023 01:14:14 ] SYSTEM TYPE:                 64-Bit Operating System
[ 10/13/2023 01:14:14 ] MEMORY (RAM):                32601.73 MB
[ 10/13/2023 01:14:14 ] PROGRAM FILES DIRECTORY:     C:\Program Files
[ 10/13/2023 01:14:14 ] WINDOWS DIRECTORY:           C:\WINDOWS
-----------------------------------------------------------------------------------------



                                            ./
                                          (o o)
--------------------------------------oOOo-(-)-oOOo--------------------------------------

[ 10/13/2023 01:18:03 ] DATE:                        10/13/2023 01:18:03
[ 10/13/2023 01:18:03 ] PROGRAM:                     Complete Internet Repair 11.1.3.6502
[ 10/13/2023 01:18:03 ] PROGRAM PATH:                [Z:\Resolute\Resolute\ComIntRep_X64.exe]
[ 10/13/2023 01:18:03 ] COMPILED:                    YES
[ 10/13/2023 01:18:03 ] WINDOWS VERSION:             WIN_10 
[ 10/13/2023 01:18:03 ] SYSTEM TYPE:                 64-Bit Operating System
[ 10/13/2023 01:18:03 ] MEMORY (RAM):                32601.73 MB
[ 10/13/2023 01:18:03 ] PROGRAM FILES DIRECTORY:     C:\Program Files
[ 10/13/2023 01:18:03 ] WINDOWS DIRECTORY:           C:\WINDOWS
-----------------------------------------------------------------------------------------



                                            ./
                                          (o o)
--------------------------------------oOOo-(-)-oOOo--------------------------------------

[ 10/13/2023 08:03:46 ] DATE:                        10/13/2023 08:03:46
[ 10/13/2023 08:03:46 ] PROGRAM:                     Complete Internet Repair 11.1.3.6502
[ 10/13/2023 08:03:46 ] PROGRAM PATH:                [Z:\Resolute\Resolute\ComIntRep_X64.exe]
[ 10/13/2023 08:03:46 ] COMPILED:                    YES
[ 10/13/2023 08:03:46 ] WINDOWS VERSION:             WIN_10 
[ 10/13/2023 08:03:46 ] SYSTEM TYPE:                 64-Bit Operating System
[ 10/13/2023 08:03:46 ] MEMORY (RAM):                32601.73 MB
[ 10/13/2023 08:03:46 ] PROGRAM FILES DIRECTORY:     C:\Program Files
[ 10/13/2023 08:03:46 ] WINDOWS DIRECTORY:           C:\WINDOWS
-----------------------------------------------------------------------------------------



                                            ./
                                          (o o)
--------------------------------------oOOo-(-)-oOOo--------------------------------------

[ 10/14/2023 05:17:57 ] DATE:                        10/14/2023 05:17:57
[ 10/14/2023 05:17:57 ] PROGRAM:                     Complete Internet Repair 11.1.3.6502
[ 10/14/2023 05:17:57 ] PROGRAM PATH:                [Z:\Resolute\Resolute\ComIntRep_X64.exe]
[ 10/14/2023 05:17:57 ] COMPILED:                    YES
[ 10/14/2023 05:17:57 ] WINDOWS VERSION:             WIN_10 
[ 10/14/2023 05:17:57 ] SYSTEM TYPE:                 64-Bit Operating System
[ 10/14/2023 05:17:57 ] MEMORY (RAM):                32601.73 MB
[ 10/14/2023 05:17:57 ] PROGRAM FILES DIRECTORY:     C:\Program Files
[ 10/14/2023 05:17:57 ] WINDOWS DIRECTORY:           C:\WINDOWS
-----------------------------------------------------------------------------------------



                                            ./
                                          (o o)
--------------------------------------oOOo-(-)-oOOo--------------------------------------

[ 10/15/2023 14:49:11 ] DATE:                        10/15/2023 14:49:11
[ 10/15/2023 14:49:11 ] PROGRAM:                     Complete Internet Repair 11.1.3.6503
[ 10/15/2023 14:49:11 ] PROGRAM PATH:                [Z:\Resolute\Resolute\ComIntRep_X64.exe]
[ 10/15/2023 14:49:11 ] COMPILED:                    YES
[ 10/15/2023 14:49:11 ] WINDOWS VERSION:             WIN_10 
[ 10/15/2023 14:49:11 ] SYSTEM TYPE:                 64-Bit Operating System
[ 10/15/2023 14:49:11 ] MEMORY (RAM):                32601.73 MB
[ 10/15/2023 14:49:11 ] PROGRAM FILES DIRECTORY:     C:\Program Files
[ 10/15/2023 14:49:11 ] WINDOWS DIRECTORY:           C:\WINDOWS
-----------------------------------------------------------------------------------------



                                            ./
                                          (o o)
--------------------------------------oOOo-(-)-oOOo--------------------------------------

[ 10/21/2023 02:10:46 ] DATE:                        10/21/2023 02:10:46
[ 10/21/2023 02:10:46 ] PROGRAM:                     Complete Internet Repair 11.1.3.6503
[ 10/21/2023 02:10:46 ] PROGRAM PATH:                [Z:\Resolute\Resolute\ComIntRep_X64.exe]
[ 10/21/2023 02:10:46 ] COMPILED:                    YES
[ 10/21/2023 02:10:46 ] WINDOWS VERSION:             WIN_10 
[ 10/21/2023 02:10:46 ] SYSTEM TYPE:                 64-Bit Operating System
[ 10/21/2023 02:10:46 ] MEMORY (RAM):                32601.73 MB
[ 10/21/2023 02:10:46 ] PROGRAM FILES DIRECTORY:     C:\Program Files
[ 10/21/2023 02:10:46 ] WINDOWS DIRECTORY:           C:\WINDOWS
-----------------------------------------------------------------------------------------



                                            ./
                                          (o o)
--------------------------------------oOOo-(-)-oOOo--------------------------------------

[ 10/21/2023 22:35:28 ] DATE:                        10/21/2023 22:35:28
[ 10/21/2023 22:35:28 ] PROGRAM:                     Complete Internet Repair 11.1.3.6503
[ 10/21/2023 22:35:28 ] PROGRAM PATH:                [Z:\Resolute\Resolute\ComIntRep_X64.exe]
[ 10/21/2023 22:35:28 ] COMPILED:                    YES
[ 10/21/2023 22:35:28 ] WINDOWS VERSION:             WIN_10 
[ 10/21/2023 22:35:28 ] SYSTEM TYPE:                 64-Bit Operating System
[ 10/21/2023 22:35:28 ] MEMORY (RAM):                32601.73 MB
[ 10/21/2023 22:35:28 ] PROGRAM FILES DIRECTORY:     C:\Program Files
[ 10/21/2023 22:35:28 ] WINDOWS DIRECTORY:           C:\WINDOWS
-----------------------------------------------------------------------------------------

[ 10/21/2023 22:35:36 ] Resetting all IP configurations.
------------------------------------------------------------------------------------------
[ 10/21/2023 22:35:36 ] Exporting Windows IP Configuration.
[ 10/21/2023 22:35:36 ] Error: Could not save IP Configuration.
[ 10/21/2023 22:35:36 ] Resetting IP version 4 configurations.
[ 10/21/2023 22:35:36 ] Resetting Compartment Forwarding, OK!
[ 10/21/2023 22:35:36 ] Resetting Compartment, OK!
[ 10/21/2023 22:35:36 ] Resetting Control Protocol, OK!
[ 10/21/2023 22:35:36 ] Resetting Echo Sequence Request, OK!
[ 10/21/2023 22:35:36 ] Resetting Global, OK!
[ 10/21/2023 22:35:36 ] Resetting Interface, OK!
[ 10/21/2023 22:35:36 ] Resetting Anycast Address, OK!
[ 10/21/2023 22:35:36 ] Resetting Multicast Address, OK!
[ 10/21/2023 22:35:36 ] Resetting Unicast Address, OK!
[ 10/21/2023 22:35:36 ] Resetting Neighbor, OK!
[ 10/21/2023 22:35:36 ] Resetting Path, OK!
[ 10/21/2023 22:35:36 ] Resetting Potential, OK!
[ 10/21/2023 22:35:37 ] Resetting Prefix Policy, OK!
[ 10/21/2023 22:35:37 ] Resetting Proxy Neighbor, OK!
[ 10/21/2023 22:35:37 ] Resetting Route, OK!
[ 10/21/2023 22:35:37 ] Resetting Site Prefix, OK!
[ 10/21/2023 22:35:37 ] Resetting Subinterface, OK!
[ 10/21/2023 22:35:37 ] Resetting Wakeup Pattern, OK!
[ 10/21/2023 22:35:37 ] Resetting Resolve Neighbor, OK!
[ 10/21/2023 22:35:37 ] Resetting, OK!
[ 10/21/2023 22:35:37 ] Resetting, OK!
[ 10/21/2023 22:35:37 ] Resetting, OK!
[ 10/21/2023 22:35:37 ] Resetting, OK!
[ 10/21/2023 22:35:37 ] Resetting, failed.
[ 10/21/2023 22:35:37 ] Access is denied.
[ 10/21/2023 22:35:37 ] Resetting, OK!
[ 10/21/2023 22:35:37 ] Resetting, OK!
[ 10/21/2023 22:35:37 ] Resetting, OK!
[ 10/21/2023 22:35:38 ] Resetting, OK!
[ 10/21/2023 22:35:38 ] Resetting, OK!
[ 10/21/2023 22:35:38 ] Resetting, OK!
[ 10/21/2023 22:35:38 ] Resetting, OK!
[ 10/21/2023 22:35:38 ] Resetting, OK!
[ 10/21/2023 22:35:38 ] Restart the computer to complete this action.
[ 10/21/2023 22:35:38 ] Resetting IP version 6 configurations.
[ 10/21/2023 22:35:38 ] Resetting Compartment Forwarding, OK!
[ 10/21/2023 22:35:38 ] Resetting Compartment, OK!
[ 10/21/2023 22:35:38 ] Resetting Control Protocol, OK!
[ 10/21/2023 22:35:38 ] Resetting Echo Sequence Request, OK!
[ 10/21/2023 22:35:38 ] Resetting Global, OK!
[ 10/21/2023 22:35:38 ] Resetting Interface, OK!
[ 10/21/2023 22:35:38 ] Resetting Anycast Address, OK!
[ 10/21/2023 22:35:39 ] Resetting Multicast Address, OK!
[ 10/21/2023 22:35:39 ] Resetting Unicast Address, OK!
[ 10/21/2023 22:35:39 ] Resetting Neighbor, OK!
[ 10/21/2023 22:35:39 ] Resetting Path, OK!
[ 10/21/2023 22:35:39 ] Resetting Potential, OK!
[ 10/21/2023 22:35:39 ] Resetting Prefix Policy, OK!
[ 10/21/2023 22:35:39 ] Resetting Proxy Neighbor, OK!
[ 10/21/2023 22:35:39 ] Resetting Route, OK!
[ 10/21/2023 22:35:39 ] Resetting Site Prefix, OK!
[ 10/21/2023 22:35:39 ] Resetting Subinterface, OK!
[ 10/21/2023 22:35:39 ] Resetting Wakeup Pattern, OK!
[ 10/21/2023 22:35:39 ] Resetting Resolve Neighbor, OK!
[ 10/21/2023 22:35:39 ] Resetting, OK!
[ 10/21/2023 22:35:39 ] Resetting, OK!
[ 10/21/2023 22:35:39 ] Resetting, OK!
[ 10/21/2023 22:35:39 ] Resetting, OK!
[ 10/21/2023 22:35:39 ] Resetting, failed.
[ 10/21/2023 22:35:40 ] Access is denied.
[ 10/21/2023 22:35:40 ] Resetting, OK!
[ 10/21/2023 22:35:40 ] Resetting, OK!
[ 10/21/2023 22:35:40 ] Resetting, OK!
[ 10/21/2023 22:35:40 ] Resetting, OK!
[ 10/21/2023 22:35:40 ] Resetting, OK!
[ 10/21/2023 22:35:40 ] Resetting, OK!
[ 10/21/2023 22:35:40 ] Resetting, OK!
[ 10/21/2023 22:35:40 ] Resetting, OK!
[ 10/21/2023 22:35:40 ] Restart the computer to complete this action.
[ 10/21/2023 22:35:40 ] Error: Finished with (03) errors!
------------------------------------------------------------------------------------------


                                            ./
                                          (o o)
--------------------------------------oOOo-(-)-oOOo--------------------------------------

[ 10/21/2023 22:38:45 ] DATE:                        10/21/2023 22:38:45
[ 10/21/2023 22:38:45 ] PROGRAM:                     Complete Internet Repair 11.1.3.6503
[ 10/21/2023 22:38:45 ] PROGRAM PATH:                [Z:\Resolute\Resolute\ComIntRep_X64.exe]
[ 10/21/2023 22:38:45 ] COMPILED:                    YES
[ 10/21/2023 22:38:45 ] WINDOWS VERSION:             WIN_10 
[ 10/21/2023 22:38:45 ] SYSTEM TYPE:                 64-Bit Operating System
[ 10/21/2023 22:38:45 ] MEMORY (RAM):                32601.73 MB
[ 10/21/2023 22:38:45 ] PROGRAM FILES DIRECTORY:     C:\Program Files
[ 10/21/2023 22:38:45 ] WINDOWS DIRECTORY:           C:\WINDOWS
-----------------------------------------------------------------------------------------

[ 10/21/2023 22:38:49 ] Attempting to reset Winsock catalog.
------------------------------------------------------------------------------------------
[ 10/21/2023 22:38:49 ] Resetting Winsock using Method 1.
[ 10/21/2023 22:38:50 ] Successfully reset the Winsock Catalog.
[ 10/21/2023 22:38:50 ] You must restart the computer in order to complete the reset.
[ 10/21/2023 22:38:50 ] Resetting Winsock using Method 2.
[ 10/21/2023 22:38:50 ] Successfully reset the Winsock Catalog.
[ 10/21/2023 22:38:50 ] You must restart the computer in order to complete the reset.
[ 10/21/2023 22:38:51 ] Finished: Finished resetting Winsock catalog.
------------------------------------------------------------------------------------------


                                            ./
                                          (o o)
--------------------------------------oOOo-(-)-oOOo--------------------------------------

 DATE:                        10/22/2023 02:11:47
 PROGRAM:                     Complete Internet Repair 11.1.3.6504
 PROGRAM PATH:                [Z:\Resolute\Resolute\ComIntRep_X64.exe]
 COMPILED:                    YES
 WINDOWS VERSION:             WIN_10 
 SYSTEM TYPE:                 64-Bit Operating System
 MEMORY (RAM):                32601.73 MB
 PROGRAM FILES DIRECTORY:     C:\Program Files
 WINDOWS DIRECTORY:           C:\WINDOWS
-----------------------------------------------------------------------------------------

[ 10/22/2023 02:12:10 ] Resetting all IP configurations.
------------------------------------------------------------------------------------------
[ 10/22/2023 02:12:10 ] Exporting Windows IP Configuration.
[ 10/22/2023 02:12:10 ] Error: Could not save IP Configuration.
[ 10/22/2023 02:12:10 ] Resetting IP version 4 configurations.
[ 10/22/2023 02:12:11 ] Resetting Compartment Forwarding, OK!
[ 10/22/2023 02:12:11 ] Resetting Compartment, OK!
[ 10/22/2023 02:12:11 ] Resetting Control Protocol, OK!
[ 10/22/2023 02:12:11 ] Resetting Echo Sequence Request, OK!
[ 10/22/2023 02:12:12 ] Resetting Global, OK!
[ 10/22/2023 02:12:12 ] Resetting Interface, OK!
[ 10/22/2023 02:12:12 ] Resetting Anycast Address, OK!
[ 10/22/2023 02:12:12 ] Resetting Multicast Address, OK!
[ 10/22/2023 02:12:12 ] Resetting Unicast Address, OK!
[ 10/22/2023 02:12:12 ] Resetting Neighbor, OK!
[ 10/22/2023 02:12:12 ] Resetting Path, OK!
[ 10/22/2023 02:12:12 ] Resetting Potential, OK!
[ 10/22/2023 02:12:12 ] Resetting Prefix Policy, OK!
[ 10/22/2023 02:12:12 ] Resetting Proxy Neighbor, OK!
[ 10/22/2023 02:12:12 ] Resetting Route, OK!
[ 10/22/2023 02:12:12 ] Resetting Site Prefix, OK!
[ 10/22/2023 02:12:12 ] Resetting Subinterface, OK!
[ 10/22/2023 02:12:12 ] Resetting Wakeup Pattern, OK!
[ 10/22/2023 02:12:12 ] Resetting Resolve Neighbor, OK!
[ 10/22/2023 02:12:13 ] Resetting, OK!
[ 10/22/2023 02:12:13 ] Resetting, OK!
[ 10/22/2023 02:12:13 ] Resetting, OK!
[ 10/22/2023 02:12:13 ] Resetting, OK!
[ 10/22/2023 02:12:13 ] Resetting, failed.
[ 10/22/2023 02:12:13 ] Access is denied.
[ 10/22/2023 02:12:13 ] Resetting, OK!
[ 10/22/2023 02:12:13 ] Resetting, OK!
[ 10/22/2023 02:12:13 ] Resetting, OK!
[ 10/22/2023 02:12:13 ] Resetting, OK!
[ 10/22/2023 02:12:13 ] Resetting, OK!
[ 10/22/2023 02:12:13 ] Resetting, OK!
[ 10/22/2023 02:12:13 ] Resetting, OK!
[ 10/22/2023 02:12:13 ] Resetting, OK!
[ 10/22/2023 02:12:13 ] Restart the computer to complete this action.
[ 10/22/2023 02:12:13 ] Resetting IP version 6 configurations.
[ 10/22/2023 02:12:14 ] Resetting Compartment Forwarding, OK!
[ 10/22/2023 02:12:14 ] Resetting Compartment, OK!
[ 10/22/2023 02:12:14 ] Resetting Control Protocol, OK!
[ 10/22/2023 02:12:14 ] Resetting Echo Sequence Request, OK!
[ 10/22/2023 02:12:14 ] Resetting Global, OK!
[ 10/22/2023 02:12:14 ] Resetting Interface, OK!
[ 10/22/2023 02:12:14 ] Resetting Anycast Address, OK!
[ 10/22/2023 02:12:14 ] Resetting Multicast Address, OK!
[ 10/22/2023 02:12:15 ] Resetting Unicast Address, OK!
[ 10/22/2023 02:12:15 ] Resetting Neighbor, OK!
[ 10/22/2023 02:12:15 ] Resetting Path, OK!
[ 10/22/2023 02:12:15 ] Resetting Potential, OK!
[ 10/22/2023 02:12:15 ] Resetting Prefix Policy, OK!
[ 10/22/2023 02:12:15 ] Resetting Proxy Neighbor, OK!
[ 10/22/2023 02:12:15 ] Resetting Route, OK!
[ 10/22/2023 02:12:15 ] Resetting Site Prefix, OK!
[ 10/22/2023 02:12:15 ] Resetting Subinterface, OK!
[ 10/22/2023 02:12:15 ] Resetting Wakeup Pattern, OK!
[ 10/22/2023 02:12:15 ] Resetting Resolve Neighbor, OK!
[ 10/22/2023 02:12:15 ] Resetting, OK!
[ 10/22/2023 02:12:15 ] Resetting, OK!
[ 10/22/2023 02:12:15 ] Resetting, OK!
[ 10/22/2023 02:12:15 ] Resetting, OK!
[ 10/22/2023 02:12:15 ] Resetting, failed.
[ 10/22/2023 02:12:16 ] Access is denied.
[ 10/22/2023 02:12:16 ] Resetting, OK!
[ 10/22/2023 02:12:16 ] Resetting, OK!
[ 10/22/2023 02:12:16 ] Resetting, OK!
[ 10/22/2023 02:12:16 ] Resetting, OK!
[ 10/22/2023 02:12:16 ] Resetting, OK!
[ 10/22/2023 02:12:16 ] Resetting, OK!
[ 10/22/2023 02:12:16 ] Resetting, OK!
[ 10/22/2023 02:12:16 ] Resetting, OK!
[ 10/22/2023 02:12:16 ] Restart the computer to complete this action.
[ 10/22/2023 02:12:16 ] Error: Finished with (03) errors!
------------------------------------------------------------------------------------------
[ 10/22/2023 02:12:17 ] Attempting to reset Winsock catalog.
------------------------------------------------------------------------------------------
[ 10/22/2023 02:12:17 ] Resetting Winsock using Method 1.
[ 10/22/2023 02:12:18 ] Successfully reset the Winsock Catalog.
[ 10/22/2023 02:12:18 ] You must restart the computer in order to complete the reset.
[ 10/22/2023 02:12:18 ] Resetting Winsock using Method 2.
[ 10/22/2023 02:12:19 ] Successfully reset the Winsock Catalog.
[ 10/22/2023 02:12:19 ] You must restart the computer in order to complete the reset.
[ 10/22/2023 02:12:20 ] Finished: Finished resetting Winsock catalog.
------------------------------------------------------------------------------------------
[ 10/22/2023 02:12:20 ] Releasing and Renewing TCP/IP connections.
------------------------------------------------------------------------------------------
[ 10/22/2023 02:12:20 ] Releasing TCP/IP connections.
[ 10/22/2023 02:12:21 ] Windows IP Configuration
[ 10/22/2023 02:12:21 ] Ethernet adapter Ethernet:
[ 10/22/2023 02:12:21 ] Connection-specific DNS Suffix  . :
[ 10/22/2023 02:12:21 ] IPv6 Address. . . . . . . . . . . : fda2:1073:78f9:1d8f:996d:c263:302b:de67
[ 10/22/2023 02:12:21 ] Temporary IPv6 Address. . . . . . : fda2:1073:78f9:1d8f:8498:34da:19e9:c279
[ 10/22/2023 02:12:21 ] Temporary IPv6 Address. . . . . . : fda2:1073:78f9:1d8f:c592:2446:b2b1:aac9
[ 10/22/2023 02:12:21 ] Temporary IPv6 Address. . . . . . : fda2:1073:78f9:1d8f:d89c:3f09:3802:7c17
[ 10/22/2023 02:12:21 ] Temporary IPv6 Address. . . . . . : fda2:1073:78f9:1d8f:e160:5157:2ab9:be14
[ 10/22/2023 02:12:21 ] Link-local IPv6 Address . . . . . : fe80::2b1e:4242:cdb6:725c%5
[ 10/22/2023 02:12:21 ] Default Gateway . . . . . . . . . :
[ 10/22/2023 02:12:21 ] Ethernet adapter vEthernet (Default Switch):
[ 10/22/2023 02:12:22 ] Connection-specific DNS Suffix  . :
[ 10/22/2023 02:12:22 ] Link-local IPv6 Address . . . . . : fe80::ee6d:cb2f:b5bd:adb%17
[ 10/22/2023 02:12:22 ] IPv4 Address. . . . . . . . . . . : 172.26.128.1
[ 10/22/2023 02:12:22 ] Subnet Mask . . . . . . . . . . . : 255.255.240.0
[ 10/22/2023 02:12:22 ] Default Gateway . . . . . . . . . :
[ 10/22/2023 02:12:22 ] Renewing TCP/IP connections.
[ 10/22/2023 02:12:23 ] Windows IP Configuration
[ 10/22/2023 02:12:27 ] Ethernet adapter Ethernet:
[ 10/22/2023 02:12:27 ] Connection-specific DNS Suffix  . : lan
[ 10/22/2023 02:12:27 ] IPv6 Address. . . . . . . . . . . : fda2:1073:78f9:1d8f:996d:c263:302b:de67
[ 10/22/2023 02:12:27 ] Temporary IPv6 Address. . . . . . : fda2:1073:78f9:1d8f:8498:34da:19e9:c279
[ 10/22/2023 02:12:27 ] Temporary IPv6 Address. . . . . . : fda2:1073:78f9:1d8f:c592:2446:b2b1:aac9
[ 10/22/2023 02:12:27 ] Temporary IPv6 Address. . . . . . : fda2:1073:78f9:1d8f:d89c:3f09:3802:7c17
[ 10/22/2023 02:12:27 ] Temporary IPv6 Address. . . . . . : fda2:1073:78f9:1d8f:e160:5157:2ab9:be14
[ 10/22/2023 02:12:27 ] Link-local IPv6 Address . . . . . : fe80::2b1e:4242:cdb6:725c%5
[ 10/22/2023 02:12:27 ] IPv4 Address. . . . . . . . . . . : 192.168.110.59
[ 10/22/2023 02:12:27 ] Subnet Mask . . . . . . . . . . . : 255.255.255.0
[ 10/22/2023 02:12:27 ] Default Gateway . . . . . . . . . : 192.168.110.1
[ 10/22/2023 02:12:27 ] Ethernet adapter vEthernet (Default Switch):
[ 10/22/2023 02:12:27 ] Connection-specific DNS Suffix  . :
[ 10/22/2023 02:12:28 ] Link-local IPv6 Address . . . . . : fe80::ee6d:cb2f:b5bd:adb%17
[ 10/22/2023 02:12:28 ] IPv4 Address. . . . . . . . . . . : 172.26.128.1
[ 10/22/2023 02:12:28 ] Subnet Mask . . . . . . . . . . . : 255.255.240.0
[ 10/22/2023 02:12:28 ] Default Gateway . . . . . . . . . :
[ 10/22/2023 02:12:28 ] Finished: TCP/IP renewed
------------------------------------------------------------------------------------------


                                            ./
                                          (o o)
--------------------------------------oOOo-(-)-oOOo--------------------------------------

[ 10/22/2023 02:22:03 ] DATE:                        10/22/2023 02:22:03
[ 10/22/2023 02:22:03 ] PROGRAM:                     Complete Internet Repair 11.1.3.6505
[ 10/22/2023 02:22:03 ] PROGRAM PATH:                [Z:\Resolute\Resolute\ComIntRep_X64.exe]
[ 10/22/2023 02:22:03 ] COMPILED:                    YES
[ 10/22/2023 02:22:03 ] WINDOWS VERSION:             WIN_10 
[ 10/22/2023 02:22:03 ] SYSTEM TYPE:                 64-Bit Operating System
[ 10/22/2023 02:22:03 ] MEMORY (RAM):                32601.73 MB
[ 10/22/2023 02:22:03 ] PROGRAM FILES DIRECTORY:     C:\Program Files
[ 10/22/2023 02:22:03 ] WINDOWS DIRECTORY:           C:\WINDOWS
-----------------------------------------------------------------------------------------

[ 10/22/2023 02:22:10 ] Resetting all IP configurations.
------------------------------------------------------------------------------------------
[ 10/22/2023 02:22:10 ] Exporting Windows IP Configuration.
[ 10/22/2023 02:22:10 ] Error: Could not save IP Configuration.
[ 10/22/2023 02:22:11 ] Resetting IP version 4 configurations.
[ 10/22/2023 02:22:11 ] Resetting Compartment Forwarding, OK!
[ 10/22/2023 02:22:11 ] Resetting Compartment, OK!
[ 10/22/2023 02:22:11 ] Resetting Control Protocol, OK!
[ 10/22/2023 02:22:11 ] Resetting Echo Sequence Request, OK!
[ 10/22/2023 02:22:11 ] Resetting Global, OK!
[ 10/22/2023 02:22:11 ] Resetting Interface, OK!
[ 10/22/2023 02:22:11 ] Resetting Anycast Address, OK!
[ 10/22/2023 02:22:12 ] Resetting Multicast Address, OK!
[ 10/22/2023 02:22:12 ] Resetting Unicast Address, OK!
[ 10/22/2023 02:22:12 ] Resetting Neighbor, OK!
[ 10/22/2023 02:22:12 ] Resetting Path, OK!
[ 10/22/2023 02:22:12 ] Resetting Potential, OK!
[ 10/22/2023 02:22:12 ] Resetting Prefix Policy, OK!
[ 10/22/2023 02:22:12 ] Resetting Proxy Neighbor, OK!
[ 10/22/2023 02:22:12 ] Resetting Route, OK!
[ 10/22/2023 02:22:12 ] Resetting Site Prefix, OK!
[ 10/22/2023 02:22:12 ] Resetting Subinterface, OK!
[ 10/22/2023 02:22:12 ] Resetting Wakeup Pattern, OK!
[ 10/22/2023 02:22:12 ] Resetting Resolve Neighbor, OK!
[ 10/22/2023 02:22:12 ] Resetting, OK!
[ 10/22/2023 02:22:12 ] Resetting, OK!
[ 10/22/2023 02:22:12 ] Resetting, OK!
[ 10/22/2023 02:22:12 ] Resetting, OK!
[ 10/22/2023 02:22:13 ] Resetting, failed.
[ 10/22/2023 02:22:13 ] Access is denied.
[ 10/22/2023 02:22:13 ] Resetting, OK!
[ 10/22/2023 02:22:13 ] Resetting, OK!
[ 10/22/2023 02:22:13 ] Resetting, OK!
[ 10/22/2023 02:22:13 ] Resetting, OK!
[ 10/22/2023 02:22:13 ] Resetting, OK!
[ 10/22/2023 02:22:13 ] Resetting, OK!
[ 10/22/2023 02:22:13 ] Resetting, OK!
[ 10/22/2023 02:22:13 ] Resetting, OK!
[ 10/22/2023 02:22:13 ] Restart the computer to complete this action.
[ 10/22/2023 02:22:13 ] Resetting IP version 6 configurations.
[ 10/22/2023 02:22:14 ] Resetting Compartment Forwarding, OK!
[ 10/22/2023 02:22:14 ] Resetting Compartment, OK!
[ 10/22/2023 02:22:14 ] Resetting Control Protocol, OK!
[ 10/22/2023 02:22:14 ] Resetting Echo Sequence Request, OK!
[ 10/22/2023 02:22:14 ] Resetting Global, OK!
[ 10/22/2023 02:22:14 ] Resetting Interface, OK!
[ 10/22/2023 02:22:14 ] Resetting Anycast Address, OK!
[ 10/22/2023 02:22:14 ] Resetting Multicast Address, OK!
[ 10/22/2023 02:22:14 ] Resetting Unicast Address, OK!
[ 10/22/2023 02:22:14 ] Resetting Neighbor, OK!
[ 10/22/2023 02:22:14 ] Resetting Path, OK!
[ 10/22/2023 02:22:14 ] Resetting Potential, OK!
[ 10/22/2023 02:22:14 ] Resetting Prefix Policy, OK!
[ 10/22/2023 02:22:14 ] Resetting Proxy Neighbor, OK!
[ 10/22/2023 02:22:14 ] Resetting Route, OK!
[ 10/22/2023 02:22:14 ] Resetting Site Prefix, OK!
[ 10/22/2023 02:22:15 ] Resetting Subinterface, OK!
[ 10/22/2023 02:22:15 ] Resetting Wakeup Pattern, OK!
[ 10/22/2023 02:22:15 ] Resetting Resolve Neighbor, OK!
[ 10/22/2023 02:22:15 ] Resetting, OK!
[ 10/22/2023 02:22:15 ] Resetting, OK!
[ 10/22/2023 02:22:15 ] Resetting, OK!
[ 10/22/2023 02:22:15 ] Resetting, OK!
[ 10/22/2023 02:22:15 ] Resetting, failed.
[ 10/22/2023 02:22:15 ] Access is denied.
[ 10/22/2023 02:22:15 ] Resetting, OK!
[ 10/22/2023 02:22:15 ] Resetting, OK!
[ 10/22/2023 02:22:15 ] Resetting, OK!
[ 10/22/2023 02:22:15 ] Resetting, OK!
[ 10/22/2023 02:22:15 ] Resetting, OK!
[ 10/22/2023 02:22:15 ] Resetting, OK!
[ 10/22/2023 02:22:15 ] Resetting, OK!
[ 10/22/2023 02:22:16 ] Resetting, OK!
[ 10/22/2023 02:22:16 ] Restart the computer to complete this action.
[ 10/22/2023 02:22:16 ] Error: Finished with (03) errors!
------------------------------------------------------------------------------------------
[ 10/22/2023 02:22:17 ] Attempting to reset Winsock catalog.
------------------------------------------------------------------------------------------
[ 10/22/2023 02:22:17 ] Resetting Winsock using Method 1.
[ 10/22/2023 02:22:18 ] Successfully reset the Winsock Catalog.
[ 10/22/2023 02:22:18 ] You must restart the computer in order to complete the reset.
[ 10/22/2023 02:22:18 ] Resetting Winsock using Method 2.
[ 10/22/2023 02:22:18 ] Successfully reset the Winsock Catalog.
[ 10/22/2023 02:22:18 ] You must restart the computer in order to complete the reset.
[ 10/22/2023 02:22:19 ] Finished: Finished resetting Winsock catalog.
------------------------------------------------------------------------------------------


                                            ./
                                          (o o)
--------------------------------------oOOo-(-)-oOOo--------------------------------------

[ 10/26/2023 09:02:45 ] DATE:                        10/26/2023 09:02:45
[ 10/26/2023 09:02:45 ] PROGRAM:                     Complete Internet Repair 11.1.3.6506
[ 10/26/2023 09:02:45 ] PROGRAM PATH:                [Z:\Resolute\Resolute\ComIntRep_X64.exe]
[ 10/26/2023 09:02:45 ] COMPILED:                    YES
[ 10/26/2023 09:02:45 ] WINDOWS VERSION:             WIN_10 
[ 10/26/2023 09:02:45 ] SYSTEM TYPE:                 64-Bit Operating System
[ 10/26/2023 09:02:45 ] MEMORY (RAM):                32601.73 MB
[ 10/26/2023 09:02:45 ] PROGRAM FILES DIRECTORY:     C:\Program Files
[ 10/26/2023 09:02:45 ] WINDOWS DIRECTORY:           C:\WINDOWS
-----------------------------------------------------------------------------------------

[ 10/26/2023 09:02:51 ] Resetting all IP configurations.
------------------------------------------------------------------------------------------
[ 10/26/2023 09:02:51 ] Exporting Windows IP Configuration.
[ 10/26/2023 09:02:51 ] Error: Could not save IP Configuration.
[ 10/26/2023 09:02:51 ] Resetting IP version 4 configurations.
[ 10/26/2023 09:02:51 ] Resetting Compartment Forwarding, OK!
[ 10/26/2023 09:02:52 ] Resetting Compartment, OK!
[ 10/26/2023 09:02:52 ] Resetting Control Protocol, OK!
[ 10/26/2023 09:02:52 ] Resetting Echo Sequence Request, OK!
[ 10/26/2023 09:02:52 ] Resetting Global, OK!
[ 10/26/2023 09:02:52 ] Resetting Interface, OK!
[ 10/26/2023 09:02:52 ] Resetting Anycast Address, OK!
[ 10/26/2023 09:02:52 ] Resetting Multicast Address, OK!
[ 10/26/2023 09:02:52 ] Resetting Unicast Address, OK!
[ 10/26/2023 09:02:52 ] Resetting Neighbor, OK!
[ 10/26/2023 09:02:52 ] Resetting Path, OK!
[ 10/26/2023 09:02:52 ] Resetting Potential, OK!
[ 10/26/2023 09:02:52 ] Resetting Prefix Policy, OK!
[ 10/26/2023 09:02:52 ] Resetting Proxy Neighbor, OK!
[ 10/26/2023 09:02:52 ] Resetting Route, OK!
[ 10/26/2023 09:02:52 ] Resetting Site Prefix, OK!
[ 10/26/2023 09:02:52 ] Resetting Subinterface, OK!
[ 10/26/2023 09:02:52 ] Resetting Wakeup Pattern, OK!
[ 10/26/2023 09:02:53 ] Resetting Resolve Neighbor, OK!
[ 10/26/2023 09:02:53 ] Resetting, OK!
[ 10/26/2023 09:02:53 ] Resetting, OK!
[ 10/26/2023 09:02:53 ] Resetting, OK!
[ 10/26/2023 09:02:53 ] Resetting, OK!
[ 10/26/2023 09:02:53 ] Resetting, failed.
[ 10/26/2023 09:02:53 ] Access is denied.
[ 10/26/2023 09:02:53 ] Resetting, OK!
[ 10/26/2023 09:02:53 ] Resetting, OK!
[ 10/26/2023 09:02:53 ] Resetting, OK!
[ 10/26/2023 09:02:53 ] Resetting, OK!
[ 10/26/2023 09:02:53 ] Resetting, OK!
[ 10/26/2023 09:02:53 ] Resetting, OK!
[ 10/26/2023 09:02:53 ] Resetting, OK!
[ 10/26/2023 09:02:53 ] Resetting, OK!
[ 10/26/2023 09:02:54 ] Restart the computer to complete this action.
[ 10/26/2023 09:02:54 ] Resetting IP version 6 configurations.
[ 10/26/2023 09:02:54 ] Resetting Compartment Forwarding, OK!
[ 10/26/2023 09:02:54 ] Resetting Compartment, OK!
[ 10/26/2023 09:02:54 ] Resetting Control Protocol, OK!
[ 10/26/2023 09:02:54 ] Resetting Echo Sequence Request, OK!
[ 10/26/2023 09:02:54 ] Resetting Global, OK!
[ 10/26/2023 09:02:54 ] Resetting Interface, OK!
[ 10/26/2023 09:02:54 ] Resetting Anycast Address, OK!
[ 10/26/2023 09:02:54 ] Resetting Multicast Address, OK!
[ 10/26/2023 09:02:54 ] Resetting Unicast Address, OK!
[ 10/26/2023 09:02:54 ] Resetting Neighbor, OK!
[ 10/26/2023 09:02:54 ] Resetting Path, OK!
[ 10/26/2023 09:02:54 ] Resetting Potential, OK!
[ 10/26/2023 09:02:54 ] Resetting Prefix Policy, OK!
[ 10/26/2023 09:02:55 ] Resetting Proxy Neighbor, OK!
[ 10/26/2023 09:02:55 ] Resetting Route, OK!
[ 10/26/2023 09:02:55 ] Resetting Site Prefix, OK!
[ 10/26/2023 09:02:55 ] Resetting Subinterface, OK!
[ 10/26/2023 09:02:55 ] Resetting Wakeup Pattern, OK!
[ 10/26/2023 09:02:55 ] Resetting Resolve Neighbor, OK!
[ 10/26/2023 09:02:55 ] Resetting, OK!
[ 10/26/2023 09:02:55 ] Resetting, OK!
[ 10/26/2023 09:02:55 ] Resetting, OK!
[ 10/26/2023 09:02:55 ] Resetting, OK!
[ 10/26/2023 09:02:55 ] Resetting, failed.
[ 10/26/2023 09:02:55 ] Access is denied.
[ 10/26/2023 09:02:55 ] Resetting, OK!
[ 10/26/2023 09:02:55 ] Resetting, OK!
[ 10/26/2023 09:02:55 ] Resetting, OK!
[ 10/26/2023 09:02:55 ] Resetting, OK!
[ 10/26/2023 09:02:56 ] Resetting, OK!
[ 10/26/2023 09:02:56 ] Resetting, OK!
[ 10/26/2023 09:02:56 ] Resetting, OK!
[ 10/26/2023 09:02:56 ] Resetting, OK!
[ 10/26/2023 09:02:56 ] Restart the computer to complete this action.
[ 10/26/2023 09:02:56 ] Error: Finished with (03) errors!
------------------------------------------------------------------------------------------


                                            ./
                                          (o o)
--------------------------------------oOOo-(-)-oOOo--------------------------------------

[ 10/28/2023 17:37:15 ] DATE:                        10/28/2023 17:37:15
[ 10/28/2023 17:37:15 ] PROGRAM:                     Complete Internet Repair 11.1.3.6506
[ 10/28/2023 17:37:15 ] PROGRAM PATH:                [Z:\Resolute\Resolute\ComIntRep_X64.exe]
[ 10/28/2023 17:37:15 ] COMPILED:                    YES
[ 10/28/2023 17:37:15 ] WINDOWS VERSION:             WIN_10 
[ 10/28/2023 17:37:15 ] SYSTEM TYPE:                 64-Bit Operating System
[ 10/28/2023 17:37:15 ] MEMORY (RAM):                32601.73 MB
[ 10/28/2023 17:37:15 ] PROGRAM FILES DIRECTORY:     C:\Program Files
[ 10/28/2023 17:37:15 ] WINDOWS DIRECTORY:           C:\WINDOWS
-----------------------------------------------------------------------------------------



                                            ./
                                          (o o)
--------------------------------------oOOo-(-)-oOOo--------------------------------------

[ 10/30/2023 11:28:45 ] DATE:                        10/30/2023 11:28:45
[ 10/30/2023 11:28:45 ] PROGRAM:                     Complete Internet Repair 11.1.3.6508
[ 10/30/2023 11:28:45 ] PROGRAM PATH:                [Z:\Resolute\Resolute\ComIntRep_X64.exe]
[ 10/30/2023 11:28:45 ] COMPILED:                    YES
[ 10/30/2023 11:28:45 ] WINDOWS VERSION:             WIN_10 
[ 10/30/2023 11:28:45 ] SYSTEM TYPE:                 64-Bit Operating System
[ 10/30/2023 11:28:45 ] MEMORY (RAM):                32601.73 MB
[ 10/30/2023 11:28:45 ] PROGRAM FILES DIRECTORY:     C:\Program Files
[ 10/30/2023 11:28:45 ] WINDOWS DIRECTORY:           C:\WINDOWS
-----------------------------------------------------------------------------------------

