=========================================================================================
 RIZONESOFT LOGGING VERSION 2.0
=========================================================================================


                                            ./
                                          (o o)
--------------------------------------oOOo-(-)-oOOo--------------------------------------

[ 18/01/2019 20:46:24 ] DATE:                        18/01/2019 20:46:24
[ 18/01/2019 20:46:24 ] PROGRAM:                     Resolute 10.0.0.9
[ 18/01/2019 20:46:24 ] PROGRAM PATH:                [H:\Resolute_X64.exe]
[ 18/01/2019 20:46:24 ] COMPILED:                    YES
[ 18/01/2019 20:46:24 ] WINDOWS VERSION:             WIN_10 
[ 18/01/2019 20:46:24 ] SYSTEM TYPE:                 64-Bit Operating System
[ 18/01/2019 20:46:24 ] MEMORY (RAM):                8157.88 MB
[ 18/01/2019 20:46:24 ] PROGRAM FILES DIRECTORY:     C:\Program Files
[ 18/01/2019 20:46:24 ] WINDOWS DIRECTORY:           C:\WINDOWS
-----------------------------------------------------------------------------------------



                                            ./
                                          (o o)
--------------------------------------oOOo-(-)-oOOo--------------------------------------

[ 18/01/2019 20:47:05 ] DATE:                        18/01/2019 20:47:05
[ 18/01/2019 20:47:05 ] PROGRAM:                     Resolute 10.0.0.9
[ 18/01/2019 20:47:05 ] PROGRAM PATH:                [H:\Resolute_X64.exe]
[ 18/01/2019 20:47:05 ] COMPILED:                    YES
[ 18/01/2019 20:47:05 ] WINDOWS VERSION:             WIN_10 
[ 18/01/2019 20:47:05 ] SYSTEM TYPE:                 64-Bit Operating System
[ 18/01/2019 20:47:05 ] MEMORY (RAM):                8157.88 MB
[ 18/01/2019 20:47:05 ] PROGRAM FILES DIRECTORY:     C:\Program Files
[ 18/01/2019 20:47:05 ] WINDOWS DIRECTORY:           C:\WINDOWS
-----------------------------------------------------------------------------------------



                                            ./
                                          (o o)
--------------------------------------oOOo-(-)-oOOo--------------------------------------

[ 18/01/2019 21:00:25 ] DATE:                        18/01/2019 21:00:25
[ 18/01/2019 21:00:25 ] PROGRAM:                     Resolute 10.0.0.9
[ 18/01/2019 21:00:25 ] PROGRAM PATH:                [H:\Resolute_X64.exe]
[ 18/01/2019 21:00:26 ] COMPILED:                    YES
[ 18/01/2019 21:00:26 ] WINDOWS VERSION:             WIN_10 
[ 18/01/2019 21:00:26 ] SYSTEM TYPE:                 64-Bit Operating System
[ 18/01/2019 21:00:26 ] MEMORY (RAM):                8157.88 MB
[ 18/01/2019 21:00:26 ] PROGRAM FILES DIRECTORY:     C:\Program Files
[ 18/01/2019 21:00:26 ] WINDOWS DIRECTORY:           C:\WINDOWS
-----------------------------------------------------------------------------------------



                                            ./
                                          (o o)
--------------------------------------oOOo-(-)-oOOo--------------------------------------

[ 18/01/2019 21:14:04 ] DATE:                        18/01/2019 21:14:04
[ 18/01/2019 21:14:04 ] PROGRAM:                     Resolute 10.0.0.10
[ 18/01/2019 21:14:04 ] PROGRAM PATH:                [H:\Resolute_X64.exe]
[ 18/01/2019 21:14:04 ] COMPILED:                    YES
[ 18/01/2019 21:14:04 ] WINDOWS VERSION:             WIN_10 
[ 18/01/2019 21:14:04 ] SYSTEM TYPE:                 64-Bit Operating System
[ 18/01/2019 21:14:04 ] MEMORY (RAM):                8157.88 MB
[ 18/01/2019 21:14:04 ] PROGRAM FILES DIRECTORY:     C:\Program Files
[ 18/01/2019 21:14:04 ] WINDOWS DIRECTORY:           C:\WINDOWS
-----------------------------------------------------------------------------------------



                                            ./
                                          (o o)
--------------------------------------oOOo-(-)-oOOo--------------------------------------

[ 18/01/2019 21:14:54 ] DATE:                        18/01/2019 21:14:54
[ 18/01/2019 21:14:54 ] PROGRAM:                     Resolute 10.0.0.11
[ 18/01/2019 21:14:54 ] PROGRAM PATH:                [H:\Resolute_X64.exe]
[ 18/01/2019 21:14:54 ] COMPILED:                    YES
[ 18/01/2019 21:14:54 ] WINDOWS VERSION:             WIN_10 
[ 18/01/2019 21:14:54 ] SYSTEM TYPE:                 64-Bit Operating System
[ 18/01/2019 21:14:54 ] MEMORY (RAM):                8157.88 MB
[ 18/01/2019 21:14:54 ] PROGRAM FILES DIRECTORY:     C:\Program Files
[ 18/01/2019 21:14:54 ] WINDOWS DIRECTORY:           C:\WINDOWS
-----------------------------------------------------------------------------------------



                                            ./
                                          (o o)
--------------------------------------oOOo-(-)-oOOo--------------------------------------

[ 18/01/2019 21:16:14 ] DATE:                        18/01/2019 21:16:14
[ 18/01/2019 21:16:14 ] PROGRAM:                     Resolute 10.0.0.12
[ 18/01/2019 21:16:14 ] PROGRAM PATH:                [H:\Resolute_X64.exe]
[ 18/01/2019 21:16:14 ] COMPILED:                    YES
[ 18/01/2019 21:16:14 ] WINDOWS VERSION:             WIN_10 
[ 18/01/2019 21:16:14 ] SYSTEM TYPE:                 64-Bit Operating System
[ 18/01/2019 21:16:14 ] MEMORY (RAM):                8157.88 MB
[ 18/01/2019 21:16:14 ] PROGRAM FILES DIRECTORY:     C:\Program Files
[ 18/01/2019 21:16:14 ] WINDOWS DIRECTORY:           C:\WINDOWS
-----------------------------------------------------------------------------------------



                                            ./
                                          (o o)
--------------------------------------oOOo-(-)-oOOo--------------------------------------

[ 18/01/2019 21:19:00 ] DATE:                        18/01/2019 21:19:00
[ 18/01/2019 21:19:00 ] PROGRAM:                     Resolute 10.0.0.13
[ 18/01/2019 21:19:00 ] PROGRAM PATH:                [H:\Resolute_X64.exe]
[ 18/01/2019 21:19:00 ] COMPILED:                    YES
[ 18/01/2019 21:19:00 ] WINDOWS VERSION:             WIN_10 
[ 18/01/2019 21:19:00 ] SYSTEM TYPE:                 64-Bit Operating System
[ 18/01/2019 21:19:00 ] MEMORY (RAM):                8157.88 MB
[ 18/01/2019 21:19:00 ] PROGRAM FILES DIRECTORY:     C:\Program Files
[ 18/01/2019 21:19:00 ] WINDOWS DIRECTORY:           C:\WINDOWS
-----------------------------------------------------------------------------------------



                                            ./
                                          (o o)
--------------------------------------oOOo-(-)-oOOo--------------------------------------

[ 18/01/2019 21:20:28 ] DATE:                        18/01/2019 21:20:28
[ 18/01/2019 21:20:28 ] PROGRAM:                     Resolute 10.0.0.14
[ 18/01/2019 21:20:28 ] PROGRAM PATH:                [H:\Resolute_X64.exe]
[ 18/01/2019 21:20:28 ] COMPILED:                    YES
[ 18/01/2019 21:20:28 ] WINDOWS VERSION:             WIN_10 
[ 18/01/2019 21:20:28 ] SYSTEM TYPE:                 64-Bit Operating System
[ 18/01/2019 21:20:28 ] MEMORY (RAM):                8157.88 MB
[ 18/01/2019 21:20:28 ] PROGRAM FILES DIRECTORY:     C:\Program Files
[ 18/01/2019 21:20:28 ] WINDOWS DIRECTORY:           C:\WINDOWS
-----------------------------------------------------------------------------------------



                                            ./
                                          (o o)
--------------------------------------oOOo-(-)-oOOo--------------------------------------

[ 18/01/2019 21:22:06 ] DATE:                        18/01/2019 21:22:06
[ 18/01/2019 21:22:06 ] PROGRAM:                     Resolute 10.0.0.15
[ 18/01/2019 21:22:06 ] PROGRAM PATH:                [H:\Resolute_X64.exe]
[ 18/01/2019 21:22:06 ] COMPILED:                    YES
[ 18/01/2019 21:22:06 ] WINDOWS VERSION:             WIN_10 
[ 18/01/2019 21:22:06 ] SYSTEM TYPE:                 64-Bit Operating System
[ 18/01/2019 21:22:06 ] MEMORY (RAM):                8157.88 MB
[ 18/01/2019 21:22:06 ] PROGRAM FILES DIRECTORY:     C:\Program Files
[ 18/01/2019 21:22:06 ] WINDOWS DIRECTORY:           C:\WINDOWS
-----------------------------------------------------------------------------------------



                                            ./
                                          (o o)
--------------------------------------oOOo-(-)-oOOo--------------------------------------

[ 21/01/2019 00:42:58 ] DATE:                        21/01/2019 00:42:58
[ 21/01/2019 00:42:58 ] PROGRAM:                     Resolute 10.0.0.15
[ 21/01/2019 00:42:58 ] PROGRAM PATH:                [E:\Resolute\Resolute_X64.exe]
[ 21/01/2019 00:42:58 ] COMPILED:                    YES
[ 21/01/2019 00:42:58 ] WINDOWS VERSION:             WIN_10 
[ 21/01/2019 00:42:58 ] SYSTEM TYPE:                 64-Bit Operating System
[ 21/01/2019 00:42:58 ] MEMORY (RAM):                8110.94 MB
[ 21/01/2019 00:42:58 ] PROGRAM FILES DIRECTORY:     C:\Program Files
[ 21/01/2019 00:42:58 ] WINDOWS DIRECTORY:           C:\Windows
-----------------------------------------------------------------------------------------



                                            ./
                                          (o o)
--------------------------------------oOOo-(-)-oOOo--------------------------------------

[ 14/02/2019 21:03:27 ] DATE:                        14/02/2019 21:03:27
[ 14/02/2019 21:03:27 ] PROGRAM:                     Resolute 10.0.0.16
[ 14/02/2019 21:03:27 ] PROGRAM PATH:                [E:\Resolute\Resolute_X64.exe]
[ 14/02/2019 21:03:27 ] COMPILED:                    YES
[ 14/02/2019 21:03:27 ] WINDOWS VERSION:             WIN_10 
[ 14/02/2019 21:03:27 ] SYSTEM TYPE:                 64-Bit Operating System
[ 14/02/2019 21:03:27 ] MEMORY (RAM):                8110.94 MB
[ 14/02/2019 21:03:27 ] PROGRAM FILES DIRECTORY:     C:\Program Files
[ 14/02/2019 21:03:27 ] WINDOWS DIRECTORY:           C:\Windows
-----------------------------------------------------------------------------------------



                                            ./
                                          (o o)
--------------------------------------oOOo-(-)-oOOo--------------------------------------

[ 14/02/2019 21:09:13 ] DATE:                        14/02/2019 21:09:13
[ 14/02/2019 21:09:13 ] PROGRAM:                     Resolute 10.0.0.17
[ 14/02/2019 21:09:13 ] PROGRAM PATH:                [E:\Resolute\Resolute_X64.exe]
[ 14/02/2019 21:09:13 ] COMPILED:                    YES
[ 14/02/2019 21:09:14 ] WINDOWS VERSION:             WIN_10 
[ 14/02/2019 21:09:14 ] SYSTEM TYPE:                 64-Bit Operating System
[ 14/02/2019 21:09:14 ] MEMORY (RAM):                8110.94 MB
[ 14/02/2019 21:09:14 ] PROGRAM FILES DIRECTORY:     C:\Program Files
[ 14/02/2019 21:09:14 ] WINDOWS DIRECTORY:           C:\Windows
-----------------------------------------------------------------------------------------



                                            ./
                                          (o o)
--------------------------------------oOOo-(-)-oOOo--------------------------------------

[ 14/02/2019 21:56:08 ] DATE:                        14/02/2019 21:56:08
[ 14/02/2019 21:56:08 ] PROGRAM:                     Resolute 10.0.0.19
[ 14/02/2019 21:56:08 ] PROGRAM PATH:                [E:\Resolute\Resolute_X64.exe]
[ 14/02/2019 21:56:08 ] COMPILED:                    YES
[ 14/02/2019 21:56:09 ] WINDOWS VERSION:             WIN_10 
[ 14/02/2019 21:56:09 ] SYSTEM TYPE:                 64-Bit Operating System
[ 14/02/2019 21:56:09 ] MEMORY (RAM):                8110.94 MB
[ 14/02/2019 21:56:09 ] PROGRAM FILES DIRECTORY:     C:\Program Files
[ 14/02/2019 21:56:09 ] WINDOWS DIRECTORY:           C:\Windows
-----------------------------------------------------------------------------------------



                                            ./
                                          (o o)
--------------------------------------oOOo-(-)-oOOo--------------------------------------

[ 14/02/2019 22:35:08 ] DATE:                        14/02/2019 22:35:08
[ 14/02/2019 22:35:08 ] PROGRAM:                     Resolute 10.0.0.21
[ 14/02/2019 22:35:08 ] PROGRAM PATH:                [E:\Resolute\Resolute_X64.exe]
[ 14/02/2019 22:35:08 ] COMPILED:                    YES
[ 14/02/2019 22:35:08 ] WINDOWS VERSION:             WIN_10 
[ 14/02/2019 22:35:08 ] SYSTEM TYPE:                 64-Bit Operating System
[ 14/02/2019 22:35:08 ] MEMORY (RAM):                8110.94 MB
[ 14/02/2019 22:35:08 ] PROGRAM FILES DIRECTORY:     C:\Program Files
[ 14/02/2019 22:35:08 ] WINDOWS DIRECTORY:           C:\Windows
-----------------------------------------------------------------------------------------



                                            ./
                                          (o o)
--------------------------------------oOOo-(-)-oOOo--------------------------------------

[ 14/02/2019 23:31:55 ] DATE:                        14/02/2019 23:31:55
[ 14/02/2019 23:31:55 ] PROGRAM:                     Resolute 10.0.0.22
[ 14/02/2019 23:31:55 ] PROGRAM PATH:                [E:\Resolute\Resolute_X64.exe]
[ 14/02/2019 23:31:55 ] COMPILED:                    YES
[ 14/02/2019 23:31:55 ] WINDOWS VERSION:             WIN_10 
[ 14/02/2019 23:31:55 ] SYSTEM TYPE:                 64-Bit Operating System
[ 14/02/2019 23:31:55 ] MEMORY (RAM):                8110.94 MB
[ 14/02/2019 23:31:55 ] PROGRAM FILES DIRECTORY:     C:\Program Files
[ 14/02/2019 23:31:55 ] WINDOWS DIRECTORY:           C:\Windows
-----------------------------------------------------------------------------------------



                                            ./
                                          (o o)
--------------------------------------oOOo-(-)-oOOo--------------------------------------

[ 14/02/2019 23:37:47 ] DATE:                        14/02/2019 23:37:47
[ 14/02/2019 23:37:47 ] PROGRAM:                     Resolute 10.0.0.22
[ 14/02/2019 23:37:47 ] PROGRAM PATH:                [E:\Resolute\Resolute_X64.exe]
[ 14/02/2019 23:37:47 ] COMPILED:                    YES
[ 14/02/2019 23:37:47 ] WINDOWS VERSION:             WIN_10 
[ 14/02/2019 23:37:47 ] SYSTEM TYPE:                 64-Bit Operating System
[ 14/02/2019 23:37:47 ] MEMORY (RAM):                8110.94 MB
[ 14/02/2019 23:37:47 ] PROGRAM FILES DIRECTORY:     C:\Program Files
[ 14/02/2019 23:37:47 ] WINDOWS DIRECTORY:           C:\Windows
-----------------------------------------------------------------------------------------



                                            ./
                                          (o o)
--------------------------------------oOOo-(-)-oOOo--------------------------------------

[ 15/02/2019 18:02:10 ] DATE:                        15/02/2019 18:02:10
[ 15/02/2019 18:02:10 ] PROGRAM:                     Resolute 10.0.0.22
[ 15/02/2019 18:02:10 ] PROGRAM PATH:                [E:\Resolute\Resolute_X64.exe]
[ 15/02/2019 18:02:10 ] COMPILED:                    YES
[ 15/02/2019 18:02:10 ] WINDOWS VERSION:             WIN_10 
[ 15/02/2019 18:02:10 ] SYSTEM TYPE:                 64-Bit Operating System
[ 15/02/2019 18:02:10 ] MEMORY (RAM):                8110.94 MB
[ 15/02/2019 18:02:10 ] PROGRAM FILES DIRECTORY:     C:\Program Files
[ 15/02/2019 18:02:10 ] WINDOWS DIRECTORY:           C:\Windows
-----------------------------------------------------------------------------------------



                                            ./
                                          (o o)
--------------------------------------oOOo-(-)-oOOo--------------------------------------

[ 15/02/2019 18:03:42 ] DATE:                        15/02/2019 18:03:42
[ 15/02/2019 18:03:42 ] PROGRAM:                     Resolute 10.0.0.22
[ 15/02/2019 18:03:42 ] PROGRAM PATH:                [E:\Resolute\Resolute_X64.exe]
[ 15/02/2019 18:03:42 ] COMPILED:                    YES
[ 15/02/2019 18:03:42 ] WINDOWS VERSION:             WIN_10 
[ 15/02/2019 18:03:42 ] SYSTEM TYPE:                 64-Bit Operating System
[ 15/02/2019 18:03:42 ] MEMORY (RAM):                8110.94 MB
[ 15/02/2019 18:03:42 ] PROGRAM FILES DIRECTORY:     C:\Program Files
[ 15/02/2019 18:03:42 ] WINDOWS DIRECTORY:           C:\Windows
-----------------------------------------------------------------------------------------



                                            ./
                                          (o o)
--------------------------------------oOOo-(-)-oOOo--------------------------------------

[ 15/02/2019 18:04:32 ] DATE:                        15/02/2019 18:04:32
[ 15/02/2019 18:04:32 ] PROGRAM:                     Resolute 10.0.0.22
[ 15/02/2019 18:04:32 ] PROGRAM PATH:                [E:\Resolute\Resolute_X64.exe]
[ 15/02/2019 18:04:32 ] COMPILED:                    YES
[ 15/02/2019 18:04:32 ] WINDOWS VERSION:             WIN_10 
[ 15/02/2019 18:04:32 ] SYSTEM TYPE:                 64-Bit Operating System
[ 15/02/2019 18:04:32 ] MEMORY (RAM):                8110.94 MB
[ 15/02/2019 18:04:32 ] PROGRAM FILES DIRECTORY:     C:\Program Files
[ 15/02/2019 18:04:32 ] WINDOWS DIRECTORY:           C:\Windows
-----------------------------------------------------------------------------------------



                                            ./
                                          (o o)
--------------------------------------oOOo-(-)-oOOo--------------------------------------

[ 15/02/2019 18:07:55 ] DATE:                        15/02/2019 18:07:55
[ 15/02/2019 18:07:55 ] PROGRAM:                     Resolute 10.0.0.22
[ 15/02/2019 18:07:55 ] PROGRAM PATH:                [E:\Resolute\Resolute_X64.exe]
[ 15/02/2019 18:07:55 ] COMPILED:                    YES
[ 15/02/2019 18:07:55 ] WINDOWS VERSION:             WIN_10 
[ 15/02/2019 18:07:55 ] SYSTEM TYPE:                 64-Bit Operating System
[ 15/02/2019 18:07:55 ] MEMORY (RAM):                8110.94 MB
[ 15/02/2019 18:07:55 ] PROGRAM FILES DIRECTORY:     C:\Program Files
[ 15/02/2019 18:07:55 ] WINDOWS DIRECTORY:           C:\Windows
-----------------------------------------------------------------------------------------



                                            ./
                                          (o o)
--------------------------------------oOOo-(-)-oOOo--------------------------------------

[ 15/02/2019 21:36:24 ] DATE:                        15/02/2019 21:36:24
[ 15/02/2019 21:36:24 ] PROGRAM:                     Resolute 10.0.0.23
[ 15/02/2019 21:36:24 ] PROGRAM PATH:                [E:\Resolute\Resolute_X64.exe]
[ 15/02/2019 21:36:24 ] COMPILED:                    YES
[ 15/02/2019 21:36:24 ] WINDOWS VERSION:             WIN_10 
[ 15/02/2019 21:36:24 ] SYSTEM TYPE:                 64-Bit Operating System
[ 15/02/2019 21:36:24 ] MEMORY (RAM):                8110.94 MB
[ 15/02/2019 21:36:24 ] PROGRAM FILES DIRECTORY:     C:\Program Files
[ 15/02/2019 21:36:24 ] WINDOWS DIRECTORY:           C:\Windows
-----------------------------------------------------------------------------------------



                                            ./
                                          (o o)
--------------------------------------oOOo-(-)-oOOo--------------------------------------

[ 15/02/2019 21:37:06 ] DATE:                        15/02/2019 21:37:06
[ 15/02/2019 21:37:06 ] PROGRAM:                     Resolute 10.0.0.24
[ 15/02/2019 21:37:06 ] PROGRAM PATH:                [E:\Resolute\Resolute_X64.exe]
[ 15/02/2019 21:37:06 ] COMPILED:                    YES
[ 15/02/2019 21:37:06 ] WINDOWS VERSION:             WIN_10 
[ 15/02/2019 21:37:06 ] SYSTEM TYPE:                 64-Bit Operating System
[ 15/02/2019 21:37:06 ] MEMORY (RAM):                8110.94 MB
[ 15/02/2019 21:37:06 ] PROGRAM FILES DIRECTORY:     C:\Program Files
[ 15/02/2019 21:37:06 ] WINDOWS DIRECTORY:           C:\Windows
-----------------------------------------------------------------------------------------



                                            ./
                                          (o o)
--------------------------------------oOOo-(-)-oOOo--------------------------------------

[ 15/02/2019 21:37:51 ] DATE:                        15/02/2019 21:37:51
[ 15/02/2019 21:37:51 ] PROGRAM:                     Resolute 10.0.0.24
[ 15/02/2019 21:37:51 ] PROGRAM PATH:                [E:\Resolute\Resolute_X64.exe]
[ 15/02/2019 21:37:51 ] COMPILED:                    YES
[ 15/02/2019 21:37:51 ] WINDOWS VERSION:             WIN_10 
[ 15/02/2019 21:37:51 ] SYSTEM TYPE:                 64-Bit Operating System
[ 15/02/2019 21:37:51 ] MEMORY (RAM):                8110.94 MB
[ 15/02/2019 21:37:51 ] PROGRAM FILES DIRECTORY:     C:\Program Files
[ 15/02/2019 21:37:51 ] WINDOWS DIRECTORY:           C:\Windows
-----------------------------------------------------------------------------------------



                                            ./
                                          (o o)
--------------------------------------oOOo-(-)-oOOo--------------------------------------

[ 15/02/2019 21:42:43 ] DATE:                        15/02/2019 21:42:43
[ 15/02/2019 21:42:43 ] PROGRAM:                     Resolute 10.0.0.25
[ 15/02/2019 21:42:43 ] PROGRAM PATH:                [E:\Resolute\Resolute_X64.exe]
[ 15/02/2019 21:42:43 ] COMPILED:                    YES
[ 15/02/2019 21:42:43 ] WINDOWS VERSION:             WIN_10 
[ 15/02/2019 21:42:43 ] SYSTEM TYPE:                 64-Bit Operating System
[ 15/02/2019 21:42:43 ] MEMORY (RAM):                8110.94 MB
[ 15/02/2019 21:42:43 ] PROGRAM FILES DIRECTORY:     C:\Program Files
[ 15/02/2019 21:42:43 ] WINDOWS DIRECTORY:           C:\Windows
-----------------------------------------------------------------------------------------



                                            ./
                                          (o o)
--------------------------------------oOOo-(-)-oOOo--------------------------------------

[ 3/06/2019 14:35:33 ] DATE:                        3/06/2019 14:35:33
[ 3/06/2019 14:35:33 ] PROGRAM:                     Resolute 10.0.0.25
[ 3/06/2019 14:35:33 ] PROGRAM PATH:                [E:\Resolute\Resolute_X64.exe]
[ 3/06/2019 14:35:33 ] COMPILED:                    YES
[ 3/06/2019 14:35:33 ] WINDOWS VERSION:             WIN_10 
[ 3/06/2019 14:35:33 ] SYSTEM TYPE:                 64-Bit Operating System
[ 3/06/2019 14:35:33 ] MEMORY (RAM):                8110.94 MB
[ 3/06/2019 14:35:33 ] PROGRAM FILES DIRECTORY:     C:\Program Files
[ 3/06/2019 14:35:33 ] WINDOWS DIRECTORY:           C:\WINDOWS
-----------------------------------------------------------------------------------------



                                            ./
                                          (o o)
--------------------------------------oOOo-(-)-oOOo--------------------------------------

[ 3/06/2019 22:34:37 ] DATE:                        3/06/2019 22:34:37
[ 3/06/2019 22:34:37 ] PROGRAM:                     Resolute 10.0.0.35
[ 3/06/2019 22:34:37 ] PROGRAM PATH:                [E:\Resolute\Resolute_X64.exe]
[ 3/06/2019 22:34:37 ] COMPILED:                    YES
[ 3/06/2019 22:34:37 ] WINDOWS VERSION:             WIN_10 
[ 3/06/2019 22:34:37 ] SYSTEM TYPE:                 64-Bit Operating System
[ 3/06/2019 22:34:37 ] MEMORY (RAM):                8110.94 MB
[ 3/06/2019 22:34:37 ] PROGRAM FILES DIRECTORY:     C:\Program Files
[ 3/06/2019 22:34:37 ] WINDOWS DIRECTORY:           C:\WINDOWS
-----------------------------------------------------------------------------------------



                                            ./
                                          (o o)
--------------------------------------oOOo-(-)-oOOo--------------------------------------

[ 3/06/2019 22:35:19 ] DATE:                        3/06/2019 22:35:19
[ 3/06/2019 22:35:19 ] PROGRAM:                     Resolute 10.0.0.35
[ 3/06/2019 22:35:19 ] PROGRAM PATH:                [E:\Resolute\Resolute_X64.exe]
[ 3/06/2019 22:35:19 ] COMPILED:                    YES
[ 3/06/2019 22:35:19 ] WINDOWS VERSION:             WIN_10 
[ 3/06/2019 22:35:19 ] SYSTEM TYPE:                 64-Bit Operating System
[ 3/06/2019 22:35:19 ] MEMORY (RAM):                8110.94 MB
[ 3/06/2019 22:35:19 ] PROGRAM FILES DIRECTORY:     C:\Program Files
[ 3/06/2019 22:35:19 ] WINDOWS DIRECTORY:           C:\WINDOWS
-----------------------------------------------------------------------------------------



                                            ./
                                          (o o)
--------------------------------------oOOo-(-)-oOOo--------------------------------------

[ 3/06/2019 23:02:03 ] DATE:                        3/06/2019 23:02:03
[ 3/06/2019 23:02:03 ] PROGRAM:                     Resolute 10.0.0.37
[ 3/06/2019 23:02:03 ] PROGRAM PATH:                [E:\Resolute\Resolute_X64.exe]
[ 3/06/2019 23:02:03 ] COMPILED:                    YES
[ 3/06/2019 23:02:03 ] WINDOWS VERSION:             WIN_10 
[ 3/06/2019 23:02:03 ] SYSTEM TYPE:                 64-Bit Operating System
[ 3/06/2019 23:02:03 ] MEMORY (RAM):                8110.94 MB
[ 3/06/2019 23:02:03 ] PROGRAM FILES DIRECTORY:     C:\Program Files
[ 3/06/2019 23:02:03 ] WINDOWS DIRECTORY:           C:\WINDOWS
-----------------------------------------------------------------------------------------



                                            ./
                                          (o o)
--------------------------------------oOOo-(-)-oOOo--------------------------------------

[ 3/06/2019 23:10:53 ] DATE:                        3/06/2019 23:10:53
[ 3/06/2019 23:10:53 ] PROGRAM:                     Resolute 10.0.0.37
[ 3/06/2019 23:10:53 ] PROGRAM PATH:                [E:\Resolute\Resolute_X64.exe]
[ 3/06/2019 23:10:53 ] COMPILED:                    YES
[ 3/06/2019 23:10:53 ] WINDOWS VERSION:             WIN_10 
[ 3/06/2019 23:10:53 ] SYSTEM TYPE:                 64-Bit Operating System
[ 3/06/2019 23:10:53 ] MEMORY (RAM):                8110.94 MB
[ 3/06/2019 23:10:53 ] PROGRAM FILES DIRECTORY:     C:\Program Files
[ 3/06/2019 23:10:53 ] WINDOWS DIRECTORY:           C:\WINDOWS
-----------------------------------------------------------------------------------------



                                            ./
                                          (o o)
--------------------------------------oOOo-(-)-oOOo--------------------------------------

[ 4/15/2019 22:33:42 ] DATE:                        4/15/2019 22:33:42
[ 4/15/2019 22:33:42 ] PROGRAM:                     Resolute 10.0.0.37
[ 4/15/2019 22:33:42 ] PROGRAM PATH:                [E:\Resolute\Resolute_X64.exe]
[ 4/15/2019 22:33:42 ] COMPILED:                    YES
[ 4/15/2019 22:33:42 ] WINDOWS VERSION:             WIN_10 
[ 4/15/2019 22:33:42 ] SYSTEM TYPE:                 64-Bit Operating System
[ 4/15/2019 22:33:42 ] MEMORY (RAM):                8110.94 MB
[ 4/15/2019 22:33:42 ] PROGRAM FILES DIRECTORY:     C:\Program Files
[ 4/15/2019 22:33:42 ] WINDOWS DIRECTORY:           C:\WINDOWS
-----------------------------------------------------------------------------------------



                                            ./
                                          (o o)
--------------------------------------oOOo-(-)-oOOo--------------------------------------

[ 4/15/2019 22:40:55 ] DATE:                        4/15/2019 22:40:55
[ 4/15/2019 22:40:55 ] PROGRAM:                     Resolute 10.0.0.38
[ 4/15/2019 22:40:55 ] PROGRAM PATH:                [E:\Resolute\Resolute_X64.exe]
[ 4/15/2019 22:40:55 ] COMPILED:                    YES
[ 4/15/2019 22:40:55 ] WINDOWS VERSION:             WIN_10 
[ 4/15/2019 22:40:55 ] SYSTEM TYPE:                 64-Bit Operating System
[ 4/15/2019 22:40:55 ] MEMORY (RAM):                8110.94 MB
[ 4/15/2019 22:40:55 ] PROGRAM FILES DIRECTORY:     C:\Program Files
[ 4/15/2019 22:40:55 ] WINDOWS DIRECTORY:           C:\WINDOWS
-----------------------------------------------------------------------------------------



                                            ./
                                          (o o)
--------------------------------------oOOo-(-)-oOOo--------------------------------------

[ 4/15/2019 22:43:28 ] DATE:                        4/15/2019 22:43:28
[ 4/15/2019 22:43:29 ] PROGRAM:                     Resolute 10.0.0.39
[ 4/15/2019 22:43:29 ] PROGRAM PATH:                [E:\Resolute\Resolute_X64.exe]
[ 4/15/2019 22:43:29 ] COMPILED:                    YES
[ 4/15/2019 22:43:29 ] WINDOWS VERSION:             WIN_10 
[ 4/15/2019 22:43:29 ] SYSTEM TYPE:                 64-Bit Operating System
[ 4/15/2019 22:43:29 ] MEMORY (RAM):                8110.94 MB
[ 4/15/2019 22:43:29 ] PROGRAM FILES DIRECTORY:     C:\Program Files
[ 4/15/2019 22:43:29 ] WINDOWS DIRECTORY:           C:\WINDOWS
-----------------------------------------------------------------------------------------



                                            ./
                                          (o o)
--------------------------------------oOOo-(-)-oOOo--------------------------------------

[ 4/15/2019 22:50:52 ] DATE:                        4/15/2019 22:50:52
[ 4/15/2019 22:50:52 ] PROGRAM:                     Resolute 10.0.0.40
[ 4/15/2019 22:50:52 ] PROGRAM PATH:                [E:\Resolute\Resolute_X64.exe]
[ 4/15/2019 22:50:52 ] COMPILED:                    YES
[ 4/15/2019 22:50:52 ] WINDOWS VERSION:             WIN_10 
[ 4/15/2019 22:50:52 ] SYSTEM TYPE:                 64-Bit Operating System
[ 4/15/2019 22:50:52 ] MEMORY (RAM):                8110.94 MB
[ 4/15/2019 22:50:52 ] PROGRAM FILES DIRECTORY:     C:\Program Files
[ 4/15/2019 22:50:52 ] WINDOWS DIRECTORY:           C:\WINDOWS
-----------------------------------------------------------------------------------------



                                            ./
                                          (o o)
--------------------------------------oOOo-(-)-oOOo--------------------------------------

[ 4/15/2019 22:55:14 ] DATE:                        4/15/2019 22:55:14
[ 4/15/2019 22:55:14 ] PROGRAM:                     Resolute 10.0.0.41
[ 4/15/2019 22:55:14 ] PROGRAM PATH:                [E:\Resolute\Resolute_X64.exe]
[ 4/15/2019 22:55:14 ] COMPILED:                    YES
[ 4/15/2019 22:55:14 ] WINDOWS VERSION:             WIN_10 
[ 4/15/2019 22:55:14 ] SYSTEM TYPE:                 64-Bit Operating System
[ 4/15/2019 22:55:14 ] MEMORY (RAM):                8110.94 MB
[ 4/15/2019 22:55:14 ] PROGRAM FILES DIRECTORY:     C:\Program Files
[ 4/15/2019 22:55:14 ] WINDOWS DIRECTORY:           C:\WINDOWS
-----------------------------------------------------------------------------------------



                                            ./
                                          (o o)
--------------------------------------oOOo-(-)-oOOo--------------------------------------

[ 4/15/2019 22:55:35 ] DATE:                        4/15/2019 22:55:35
[ 4/15/2019 22:55:35 ] PROGRAM:                     Resolute 10.0.0.41
[ 4/15/2019 22:55:35 ] PROGRAM PATH:                [E:\Resolute\Resolute_X64.exe]
[ 4/15/2019 22:55:35 ] COMPILED:                    YES
[ 4/15/2019 22:55:35 ] WINDOWS VERSION:             WIN_10 
[ 4/15/2019 22:55:35 ] SYSTEM TYPE:                 64-Bit Operating System
[ 4/15/2019 22:55:35 ] MEMORY (RAM):                8110.94 MB
[ 4/15/2019 22:55:35 ] PROGRAM FILES DIRECTORY:     C:\Program Files
[ 4/15/2019 22:55:35 ] WINDOWS DIRECTORY:           C:\WINDOWS
-----------------------------------------------------------------------------------------



                                            ./
                                          (o o)
--------------------------------------oOOo-(-)-oOOo--------------------------------------

[ 4/15/2019 22:57:44 ] DATE:                        4/15/2019 22:57:44
[ 4/15/2019 22:57:44 ] PROGRAM:                     Resolute 10.0.0.42
[ 4/15/2019 22:57:44 ] PROGRAM PATH:                [E:\Resolute\Resolute_X64.exe]
[ 4/15/2019 22:57:44 ] COMPILED:                    YES
[ 4/15/2019 22:57:44 ] WINDOWS VERSION:             WIN_10 
[ 4/15/2019 22:57:44 ] SYSTEM TYPE:                 64-Bit Operating System
[ 4/15/2019 22:57:44 ] MEMORY (RAM):                8110.94 MB
[ 4/15/2019 22:57:44 ] PROGRAM FILES DIRECTORY:     C:\Program Files
[ 4/15/2019 22:57:44 ] WINDOWS DIRECTORY:           C:\WINDOWS
-----------------------------------------------------------------------------------------



                                            ./
                                          (o o)
--------------------------------------oOOo-(-)-oOOo--------------------------------------

[ 4/15/2019 23:01:46 ] DATE:                        4/15/2019 23:01:46
[ 4/15/2019 23:01:46 ] PROGRAM:                     Resolute 10.0.0.43
[ 4/15/2019 23:01:46 ] PROGRAM PATH:                [E:\Resolute\Resolute_X64.exe]
[ 4/15/2019 23:01:46 ] COMPILED:                    YES
[ 4/15/2019 23:01:46 ] WINDOWS VERSION:             WIN_10 
[ 4/15/2019 23:01:46 ] SYSTEM TYPE:                 64-Bit Operating System
[ 4/15/2019 23:01:46 ] MEMORY (RAM):                8110.94 MB
[ 4/15/2019 23:01:46 ] PROGRAM FILES DIRECTORY:     C:\Program Files
[ 4/15/2019 23:01:46 ] WINDOWS DIRECTORY:           C:\WINDOWS
-----------------------------------------------------------------------------------------



                                            ./
                                          (o o)
--------------------------------------oOOo-(-)-oOOo--------------------------------------

[ 2019/09/09 08:55:16 ] DATE:                        2019/09/09 08:55:16
[ 2019/09/09 08:55:16 ] PROGRAM:                     Resolute 10.0.0.43
[ 2019/09/09 08:55:16 ] PROGRAM PATH:                [C:\Users\Venom\Desktop\Resolute\Resolute_X64.exe]
[ 2019/09/09 08:55:16 ] COMPILED:                    YES
[ 2019/09/09 08:55:16 ] WINDOWS VERSION:             WIN_10 
[ 2019/09/09 08:55:16 ] SYSTEM TYPE:                 64-Bit Operating System
[ 2019/09/09 08:55:16 ] MEMORY (RAM):                8110.94 MB
[ 2019/09/09 08:55:16 ] PROGRAM FILES DIRECTORY:     C:\Program Files
[ 2019/09/09 08:55:16 ] WINDOWS DIRECTORY:           C:\Windows
-----------------------------------------------------------------------------------------



                                            ./
                                          (o o)
--------------------------------------oOOo-(-)-oOOo--------------------------------------

[ 2020/02/02 04:21:33 ] DATE:                        2020/02/02 04:21:33
[ 2020/02/02 04:21:33 ] PROGRAM:                     Resolute 10.0.0.44
[ 2020/02/02 04:21:33 ] PROGRAM PATH:                [C:\Users\Venom\Documents\Resolute\Resolute_X64.exe]
[ 2020/02/02 04:21:33 ] COMPILED:                    YES
[ 2020/02/02 04:21:33 ] WINDOWS VERSION:             WIN_10 
[ 2020/02/02 04:21:33 ] SYSTEM TYPE:                 64-Bit Operating System
[ 2020/02/02 04:21:33 ] MEMORY (RAM):                16302.97 MB
[ 2020/02/02 04:21:33 ] PROGRAM FILES DIRECTORY:     C:\Program Files
[ 2020/02/02 04:21:33 ] WINDOWS DIRECTORY:           C:\WINDOWS
-----------------------------------------------------------------------------------------



                                            ./
                                          (o o)
--------------------------------------oOOo-(-)-oOOo--------------------------------------

[ 2020/08/26 00:48:59 ] DATE:                        2020/08/26 00:48:59
[ 2020/08/26 00:48:59 ] PROGRAM:                     Resolute 10.0.0.72
[ 2020/08/26 00:48:59 ] PROGRAM PATH:                [C:\Users\Venom\Documents\GitHub\Resolute\Resolute_X64.exe]
[ 2020/08/26 00:48:59 ] COMPILED:                    YES
[ 2020/08/26 00:48:59 ] WINDOWS VERSION:             WIN_10 
[ 2020/08/26 00:48:59 ] SYSTEM TYPE:                 64-Bit Operating System
[ 2020/08/26 00:48:59 ] MEMORY (RAM):                16302.97 MB
[ 2020/08/26 00:48:59 ] PROGRAM FILES DIRECTORY:     C:\Program Files
[ 2020/08/26 00:48:59 ] WINDOWS DIRECTORY:           C:\Windows
-----------------------------------------------------------------------------------------

[ 2020/08/26 00:49:02 ] Success: Complete Internet Repair opened. We hope, or this would be embarrassing.
[ 2020/08/26 04:09:25 ] Success: Complete Internet Repair opened. We hope, or this would be embarrassing.


                                            ./
                                          (o o)
--------------------------------------oOOo-(-)-oOOo--------------------------------------

[ 2020/08/26 10:55:07 ] DATE:                        2020/08/26 10:55:07
[ 2020/08/26 10:55:07 ] PROGRAM:                     Resolute 10.0.0.72
[ 2020/08/26 10:55:07 ] PROGRAM PATH:                [C:\Users\Venom\Documents\GitHub\Resolute\Resolute_X64.exe]
[ 2020/08/26 10:55:07 ] COMPILED:                    YES
[ 2020/08/26 10:55:07 ] WINDOWS VERSION:             WIN_10 
[ 2020/08/26 10:55:07 ] SYSTEM TYPE:                 64-Bit Operating System
[ 2020/08/26 10:55:07 ] MEMORY (RAM):                16302.97 MB
[ 2020/08/26 10:55:07 ] PROGRAM FILES DIRECTORY:     C:\Program Files
[ 2020/08/26 10:55:07 ] WINDOWS DIRECTORY:           C:\Windows
-----------------------------------------------------------------------------------------



                                            ./
                                          (o o)
--------------------------------------oOOo-(-)-oOOo--------------------------------------

[ 2020/09/19 00:19:11 ] DATE:                        2020/09/19 00:19:11
[ 2020/09/19 00:19:11 ] PROGRAM:                     Resolute 10.0.0.45
[ 2020/09/19 00:19:11 ] PROGRAM PATH:                [C:\Users\Venom\Documents\GitHub\Resolute\Resolute_X64.exe]
[ 2020/09/19 00:19:11 ] COMPILED:                    YES
[ 2020/09/19 00:19:11 ] WINDOWS VERSION:             WIN_10 
[ 2020/09/19 00:19:11 ] SYSTEM TYPE:                 64-Bit Operating System
[ 2020/09/19 00:19:11 ] MEMORY (RAM):                16302.97 MB
[ 2020/09/19 00:19:11 ] PROGRAM FILES DIRECTORY:     C:\Program Files
[ 2020/09/19 00:19:11 ] WINDOWS DIRECTORY:           C:\Windows
-----------------------------------------------------------------------------------------



                                            ./
                                          (o o)
--------------------------------------oOOo-(-)-oOOo--------------------------------------

[ 2020/09/19 00:59:45 ] DATE:                        2020/09/19 00:59:45
[ 2020/09/19 00:59:45 ] PROGRAM:                     Resolute 10.0.0.46
[ 2020/09/19 00:59:45 ] PROGRAM PATH:                [C:\Users\Venom\Documents\GitHub\Resolute\Resolute_X64.exe]
[ 2020/09/19 00:59:45 ] COMPILED:                    YES
[ 2020/09/19 00:59:45 ] WINDOWS VERSION:             WIN_10 
[ 2020/09/19 00:59:45 ] SYSTEM TYPE:                 64-Bit Operating System
[ 2020/09/19 00:59:45 ] MEMORY (RAM):                16302.97 MB
[ 2020/09/19 00:59:45 ] PROGRAM FILES DIRECTORY:     C:\Program Files
[ 2020/09/19 00:59:45 ] WINDOWS DIRECTORY:           C:\Windows
-----------------------------------------------------------------------------------------



                                            ./
                                          (o o)
--------------------------------------oOOo-(-)-oOOo--------------------------------------

[ 2020/09/19 02:40:18 ] DATE:                        2020/09/19 02:40:18
[ 2020/09/19 02:40:18 ] PROGRAM:                     Resolute 10.0.0.48
[ 2020/09/19 02:40:18 ] PROGRAM PATH:                [C:\Users\Venom\Documents\GitHub\Resolute\Resolute_X64.exe]
[ 2020/09/19 02:40:18 ] COMPILED:                    YES
[ 2020/09/19 02:40:18 ] WINDOWS VERSION:             WIN_10 
[ 2020/09/19 02:40:18 ] SYSTEM TYPE:                 64-Bit Operating System
[ 2020/09/19 02:40:18 ] MEMORY (RAM):                16302.97 MB
[ 2020/09/19 02:40:18 ] PROGRAM FILES DIRECTORY:     C:\Program Files
[ 2020/09/19 02:40:18 ] WINDOWS DIRECTORY:           C:\Windows
-----------------------------------------------------------------------------------------



                                            ./
                                          (o o)
--------------------------------------oOOo-(-)-oOOo--------------------------------------

[ 2020/09/19 13:16:37 ] DATE:                        2020/09/19 13:16:37
[ 2020/09/19 13:16:37 ] PROGRAM:                     Resolute 10.0.0.50
[ 2020/09/19 13:16:37 ] PROGRAM PATH:                [C:\Users\Venom\Documents\GitHub\Resolute\Resolute_X64.exe]
[ 2020/09/19 13:16:37 ] COMPILED:                    YES
[ 2020/09/19 13:16:37 ] WINDOWS VERSION:             WIN_10 
[ 2020/09/19 13:16:37 ] SYSTEM TYPE:                 64-Bit Operating System
[ 2020/09/19 13:16:37 ] MEMORY (RAM):                16302.97 MB
[ 2020/09/19 13:16:37 ] PROGRAM FILES DIRECTORY:     C:\Program Files
[ 2020/09/19 13:16:37 ] WINDOWS DIRECTORY:           C:\Windows
-----------------------------------------------------------------------------------------



                                            ./
                                          (o o)
--------------------------------------oOOo-(-)-oOOo--------------------------------------

[ 2020/09/19 13:18:15 ] DATE:                        2020/09/19 13:18:15
[ 2020/09/19 13:18:15 ] PROGRAM:                     Resolute 10.0.0.51
[ 2020/09/19 13:18:15 ] PROGRAM PATH:                [C:\Users\Venom\Documents\GitHub\Resolute\Resolute_X64.exe]
[ 2020/09/19 13:18:15 ] COMPILED:                    YES
[ 2020/09/19 13:18:15 ] WINDOWS VERSION:             WIN_10 
[ 2020/09/19 13:18:15 ] SYSTEM TYPE:                 64-Bit Operating System
[ 2020/09/19 13:18:15 ] MEMORY (RAM):                16302.97 MB
[ 2020/09/19 13:18:15 ] PROGRAM FILES DIRECTORY:     C:\Program Files
[ 2020/09/19 13:18:15 ] WINDOWS DIRECTORY:           C:\Windows
-----------------------------------------------------------------------------------------



                                            ./
                                          (o o)
--------------------------------------oOOo-(-)-oOOo--------------------------------------

[ 2020/09/19 19:57:17 ] DATE:                        2020/09/19 19:57:17
[ 2020/09/19 19:57:17 ] PROGRAM:                     Resolute 10.0.0.52
[ 2020/09/19 19:57:17 ] PROGRAM PATH:                [C:\Users\Venom\Documents\GitHub\Resolute\Resolute_X64.exe]
[ 2020/09/19 19:57:17 ] COMPILED:                    YES
[ 2020/09/19 19:57:17 ] WINDOWS VERSION:             WIN_10 
[ 2020/09/19 19:57:17 ] SYSTEM TYPE:                 64-Bit Operating System
[ 2020/09/19 19:57:17 ] MEMORY (RAM):                16302.97 MB
[ 2020/09/19 19:57:17 ] PROGRAM FILES DIRECTORY:     C:\Program Files
[ 2020/09/19 19:57:17 ] WINDOWS DIRECTORY:           C:\Windows
-----------------------------------------------------------------------------------------



                                            ./
                                          (o o)
--------------------------------------oOOo-(-)-oOOo--------------------------------------

[ 2020/09/19 20:51:58 ] DATE:                        2020/09/19 20:51:58
[ 2020/09/19 20:51:58 ] PROGRAM:                     Resolute 10.0.0.54
[ 2020/09/19 20:51:58 ] PROGRAM PATH:                [C:\Users\Venom\Documents\GitHub\Resolute\Resolute_X64.exe]
[ 2020/09/19 20:51:58 ] COMPILED:                    YES
[ 2020/09/19 20:51:58 ] WINDOWS VERSION:             WIN_10 
[ 2020/09/19 20:51:58 ] SYSTEM TYPE:                 64-Bit Operating System
[ 2020/09/19 20:51:58 ] MEMORY (RAM):                16302.97 MB
[ 2020/09/19 20:51:58 ] PROGRAM FILES DIRECTORY:     C:\Program Files
[ 2020/09/19 20:51:58 ] WINDOWS DIRECTORY:           C:\Windows
-----------------------------------------------------------------------------------------

[ 2020/09/19 20:52:01 ] Opening cStatus.
------------------------------------------------------------------------------------------
[ 2020/09/19 20:52:01 ] Finished: cStatus should now be Open.
------------------------------------------------------------------------------------------


                                            ./
                                          (o o)
--------------------------------------oOOo-(-)-oOOo--------------------------------------

[ 2020/09/19 21:02:00 ] DATE:                        2020/09/19 21:02:00
[ 2020/09/19 21:02:00 ] PROGRAM:                     Resolute 10.0.0.55
[ 2020/09/19 21:02:00 ] PROGRAM PATH:                [C:\Users\Venom\Documents\GitHub\Resolute\Resolute_X64.exe]
[ 2020/09/19 21:02:00 ] COMPILED:                    YES
[ 2020/09/19 21:02:00 ] WINDOWS VERSION:             WIN_10 
[ 2020/09/19 21:02:00 ] SYSTEM TYPE:                 64-Bit Operating System
[ 2020/09/19 21:02:00 ] MEMORY (RAM):                16302.97 MB
[ 2020/09/19 21:02:00 ] PROGRAM FILES DIRECTORY:     C:\Program Files
[ 2020/09/19 21:02:00 ] WINDOWS DIRECTORY:           C:\Windows
-----------------------------------------------------------------------------------------

[ 2020/09/19 21:02:14 ] Opening cStatus.
------------------------------------------------------------------------------------------
[ 2020/09/19 21:02:14 ] Finished: cStatus should now be Open.
------------------------------------------------------------------------------------------
[ 2020/09/19 21:02:32 ] Opening cStatus.
------------------------------------------------------------------------------------------
[ 2020/09/19 21:02:32 ] Finished: cStatus should now be Open.
------------------------------------------------------------------------------------------


                                            ./
                                          (o o)
--------------------------------------oOOo-(-)-oOOo--------------------------------------

[ 2020/09/19 23:26:43 ] DATE:                        2020/09/19 23:26:43
[ 2020/09/19 23:26:43 ] PROGRAM:                     Resolute 10.0.0.55
[ 2020/09/19 23:26:43 ] PROGRAM PATH:                [C:\Users\Venom\Documents\GitHub\Resolute\Resolute_X64.exe]
[ 2020/09/19 23:26:43 ] COMPILED:                    YES
[ 2020/09/19 23:26:43 ] WINDOWS VERSION:             WIN_10 
[ 2020/09/19 23:26:43 ] SYSTEM TYPE:                 64-Bit Operating System
[ 2020/09/19 23:26:43 ] MEMORY (RAM):                16302.97 MB
[ 2020/09/19 23:26:43 ] PROGRAM FILES DIRECTORY:     C:\Program Files
[ 2020/09/19 23:26:43 ] WINDOWS DIRECTORY:           C:\Windows
-----------------------------------------------------------------------------------------

[ 2020/09/19 23:27:00 ] Opening cStatus.
------------------------------------------------------------------------------------------
[ 2020/09/19 23:27:00 ] Finished: cStatus should now be Open.
------------------------------------------------------------------------------------------


                                            ./
                                          (o o)
--------------------------------------oOOo-(-)-oOOo--------------------------------------

[ 2020/09/19 23:30:46 ] DATE:                        2020/09/19 23:30:46
[ 2020/09/19 23:30:46 ] PROGRAM:                     Resolute 10.0.0.55
[ 2020/09/19 23:30:46 ] PROGRAM PATH:                [C:\Users\Venom\Documents\GitHub\Resolute\Resolute_X64.exe]
[ 2020/09/19 23:30:46 ] COMPILED:                    YES
[ 2020/09/19 23:30:46 ] WINDOWS VERSION:             WIN_10 
[ 2020/09/19 23:30:46 ] SYSTEM TYPE:                 64-Bit Operating System
[ 2020/09/19 23:30:46 ] MEMORY (RAM):                16302.97 MB
[ 2020/09/19 23:30:46 ] PROGRAM FILES DIRECTORY:     C:\Program Files
[ 2020/09/19 23:30:46 ] WINDOWS DIRECTORY:           C:\Windows
-----------------------------------------------------------------------------------------

[ 2020/09/19 23:30:55 ] Opening cStatus.
------------------------------------------------------------------------------------------
[ 2020/09/19 23:30:55 ] Finished: cStatus should now be Open.
------------------------------------------------------------------------------------------


                                            ./
                                          (o o)
--------------------------------------oOOo-(-)-oOOo--------------------------------------

[ 2020/09/20 00:33:36 ] DATE:                        2020/09/20 00:33:36
[ 2020/09/20 00:33:36 ] PROGRAM:                     Resolute 10.0.0.57
[ 2020/09/20 00:33:36 ] PROGRAM PATH:                [C:\Users\Venom\Documents\GitHub\Resolute\Resolute_X64.exe]
[ 2020/09/20 00:33:36 ] COMPILED:                    YES
[ 2020/09/20 00:33:36 ] WINDOWS VERSION:             WIN_10 
[ 2020/09/20 00:33:36 ] SYSTEM TYPE:                 64-Bit Operating System
[ 2020/09/20 00:33:36 ] MEMORY (RAM):                16302.97 MB
[ 2020/09/20 00:33:36 ] PROGRAM FILES DIRECTORY:     C:\Program Files
[ 2020/09/20 00:33:36 ] WINDOWS DIRECTORY:           C:\Windows
-----------------------------------------------------------------------------------------



                                            ./
                                          (o o)
--------------------------------------oOOo-(-)-oOOo--------------------------------------

[ 2020/09/20 00:39:03 ] DATE:                        2020/09/20 00:39:03
[ 2020/09/20 00:39:03 ] PROGRAM:                     Resolute 10.0.0.57
[ 2020/09/20 00:39:03 ] PROGRAM PATH:                [C:\Users\Venom\Documents\GitHub\Resolute\Resolute_X64.exe]
[ 2020/09/20 00:39:03 ] COMPILED:                    YES
[ 2020/09/20 00:39:03 ] WINDOWS VERSION:             WIN_10 
[ 2020/09/20 00:39:03 ] SYSTEM TYPE:                 64-Bit Operating System
[ 2020/09/20 00:39:03 ] MEMORY (RAM):                16302.97 MB
[ 2020/09/20 00:39:03 ] PROGRAM FILES DIRECTORY:     C:\Program Files
[ 2020/09/20 00:39:03 ] WINDOWS DIRECTORY:           C:\Windows
-----------------------------------------------------------------------------------------

[ 2020/09/20 00:39:08 ] Opening cStatus.
------------------------------------------------------------------------------------------
[ 2020/09/20 00:39:08 ] Finished: cStatus should now be Open.
------------------------------------------------------------------------------------------


                                            ./
                                          (o o)
--------------------------------------oOOo-(-)-oOOo--------------------------------------

[ 2020/09/20 00:48:39 ] DATE:                        2020/09/20 00:48:39
[ 2020/09/20 00:48:39 ] PROGRAM:                     Resolute 10.0.0.58
[ 2020/09/20 00:48:39 ] PROGRAM PATH:                [C:\Users\Venom\Documents\GitHub\Resolute\Resolute_X64.exe]
[ 2020/09/20 00:48:39 ] COMPILED:                    YES
[ 2020/09/20 00:48:39 ] WINDOWS VERSION:             WIN_10 
[ 2020/09/20 00:48:39 ] SYSTEM TYPE:                 64-Bit Operating System
[ 2020/09/20 00:48:39 ] MEMORY (RAM):                16302.97 MB
[ 2020/09/20 00:48:39 ] PROGRAM FILES DIRECTORY:     C:\Program Files
[ 2020/09/20 00:48:39 ] WINDOWS DIRECTORY:           C:\Windows
-----------------------------------------------------------------------------------------



                                            ./
                                          (o o)
--------------------------------------oOOo-(-)-oOOo--------------------------------------

[ 2020/09/20 00:59:02 ] DATE:                        2020/09/20 00:59:02
[ 2020/09/20 00:59:02 ] PROGRAM:                     Resolute 10.0.0.59
[ 2020/09/20 00:59:02 ] PROGRAM PATH:                [C:\Users\Venom\Documents\GitHub\Resolute\Resolute_X64.exe]
[ 2020/09/20 00:59:02 ] COMPILED:                    YES
[ 2020/09/20 00:59:02 ] WINDOWS VERSION:             WIN_10 
[ 2020/09/20 00:59:02 ] SYSTEM TYPE:                 64-Bit Operating System
[ 2020/09/20 00:59:02 ] MEMORY (RAM):                16302.97 MB
[ 2020/09/20 00:59:02 ] PROGRAM FILES DIRECTORY:     C:\Program Files
[ 2020/09/20 00:59:02 ] WINDOWS DIRECTORY:           C:\Windows
-----------------------------------------------------------------------------------------

[ 2020/09/20 00:59:06 ] Opening SoftPerfect Network Scanner.
------------------------------------------------------------------------------------------
[ 2020/09/20 00:59:06 ] Finished: SoftPerfect Network Scanner should now be Open.
------------------------------------------------------------------------------------------


                                            ./
                                          (o o)
--------------------------------------oOOo-(-)-oOOo--------------------------------------

[ 2020/09/20 01:05:18 ] DATE:                        2020/09/20 01:05:18
[ 2020/09/20 01:05:18 ] PROGRAM:                     Resolute 10.0.0.60
[ 2020/09/20 01:05:18 ] PROGRAM PATH:                [C:\Users\Venom\Documents\GitHub\Resolute\Resolute_X64.exe]
[ 2020/09/20 01:05:18 ] COMPILED:                    YES
[ 2020/09/20 01:05:18 ] WINDOWS VERSION:             WIN_10 
[ 2020/09/20 01:05:18 ] SYSTEM TYPE:                 64-Bit Operating System
[ 2020/09/20 01:05:18 ] MEMORY (RAM):                16302.97 MB
[ 2020/09/20 01:05:18 ] PROGRAM FILES DIRECTORY:     C:\Program Files
[ 2020/09/20 01:05:18 ] WINDOWS DIRECTORY:           C:\Windows
-----------------------------------------------------------------------------------------

[ 2020/09/20 01:05:21 ] Opening SoftPerfect Network Scanner.
------------------------------------------------------------------------------------------
[ 2020/09/20 01:05:21 ] Finished: SoftPerfect Network Scanner should now be Open.
------------------------------------------------------------------------------------------


                                            ./
                                          (o o)
--------------------------------------oOOo-(-)-oOOo--------------------------------------

[ 2020/09/20 01:18:20 ] DATE:                        2020/09/20 01:18:20
[ 2020/09/20 01:18:20 ] PROGRAM:                     Resolute 10.0.0.61
[ 2020/09/20 01:18:20 ] PROGRAM PATH:                [C:\Users\Venom\Documents\GitHub\Resolute\Resolute_X64.exe]
[ 2020/09/20 01:18:20 ] COMPILED:                    YES
[ 2020/09/20 01:18:20 ] WINDOWS VERSION:             WIN_10 
[ 2020/09/20 01:18:20 ] SYSTEM TYPE:                 64-Bit Operating System
[ 2020/09/20 01:18:20 ] MEMORY (RAM):                16302.97 MB
[ 2020/09/20 01:18:20 ] PROGRAM FILES DIRECTORY:     C:\Program Files
[ 2020/09/20 01:18:20 ] WINDOWS DIRECTORY:           C:\Windows
-----------------------------------------------------------------------------------------

[ 2020/09/20 01:18:27 ] Opening cStatus.
------------------------------------------------------------------------------------------
[ 2020/09/20 01:18:27 ] Finished: cStatus should now be Open.
------------------------------------------------------------------------------------------
[ 2020/09/20 01:18:35 ] Opening SoftPerfect Network Scanner.
------------------------------------------------------------------------------------------
[ 2020/09/20 01:18:35 ] Finished: SoftPerfect Network Scanner should now be Open.
------------------------------------------------------------------------------------------
[ 2020/09/20 01:18:43 ] Opening SoftPerfect Network Scanner.
------------------------------------------------------------------------------------------
[ 2020/09/20 01:18:43 ] Finished: SoftPerfect Network Scanner should now be Open.
------------------------------------------------------------------------------------------


                                            ./
                                          (o o)
--------------------------------------oOOo-(-)-oOOo--------------------------------------

[ 2020/09/20 01:33:04 ] DATE:                        2020/09/20 01:33:04
[ 2020/09/20 01:33:04 ] PROGRAM:                     Resolute 10.0.0.61
[ 2020/09/20 01:33:04 ] PROGRAM PATH:                [C:\Users\Venom\Documents\GitHub\Resolute\Resolute_X64.exe]
[ 2020/09/20 01:33:04 ] COMPILED:                    YES
[ 2020/09/20 01:33:04 ] WINDOWS VERSION:             WIN_10 
[ 2020/09/20 01:33:04 ] SYSTEM TYPE:                 64-Bit Operating System
[ 2020/09/20 01:33:04 ] MEMORY (RAM):                16302.97 MB
[ 2020/09/20 01:33:04 ] PROGRAM FILES DIRECTORY:     C:\Program Files
[ 2020/09/20 01:33:04 ] WINDOWS DIRECTORY:           C:\Windows
-----------------------------------------------------------------------------------------

[ 2020/09/20 02:04:12 ] Opening SoftPerfect Network Scanner.
------------------------------------------------------------------------------------------
[ 2020/09/20 02:04:12 ] Finished: SoftPerfect Network Scanner should now be open.
------------------------------------------------------------------------------------------
[ 2020/09/20 02:05:48 ] Opening cStatus.
------------------------------------------------------------------------------------------
[ 2020/09/20 02:05:48 ] Finished: cStatus should now be open.
------------------------------------------------------------------------------------------


                                            ./
                                          (o o)
--------------------------------------oOOo-(-)-oOOo--------------------------------------

[ 2020/09/20 02:08:54 ] DATE:                        2020/09/20 02:08:54
[ 2020/09/20 02:08:54 ] PROGRAM:                     Resolute 10.0.0.62
[ 2020/09/20 02:08:54 ] PROGRAM PATH:                [C:\Users\Venom\Documents\GitHub\Resolute\Resolute_X64.exe]
[ 2020/09/20 02:08:54 ] COMPILED:                    YES
[ 2020/09/20 02:08:54 ] WINDOWS VERSION:             WIN_10 
[ 2020/09/20 02:08:54 ] SYSTEM TYPE:                 64-Bit Operating System
[ 2020/09/20 02:08:54 ] MEMORY (RAM):                16302.97 MB
[ 2020/09/20 02:08:54 ] PROGRAM FILES DIRECTORY:     C:\Program Files
[ 2020/09/20 02:08:54 ] WINDOWS DIRECTORY:           C:\Windows
-----------------------------------------------------------------------------------------



                                            ./
                                          (o o)
--------------------------------------oOOo-(-)-oOOo--------------------------------------

[ 2020/09/25 17:06:47 ] DATE:                        2020/09/25 17:06:47
[ 2020/09/25 17:06:47 ] PROGRAM:                     Resolute 10.0.0.62
[ 2020/09/25 17:06:47 ] PROGRAM PATH:                [C:\Users\Venom\Documents\GitHub\Resolute\Resolute_X64.exe]
[ 2020/09/25 17:06:47 ] COMPILED:                    YES
[ 2020/09/25 17:06:47 ] WINDOWS VERSION:             WIN_10 
[ 2020/09/25 17:06:47 ] SYSTEM TYPE:                 64-Bit Operating System
[ 2020/09/25 17:06:47 ] MEMORY (RAM):                16302.97 MB
[ 2020/09/25 17:06:47 ] PROGRAM FILES DIRECTORY:     C:\Program Files
[ 2020/09/25 17:06:47 ] WINDOWS DIRECTORY:           C:\Windows
-----------------------------------------------------------------------------------------

[ 2020/09/25 17:06:53 ] Opening cStatus.
------------------------------------------------------------------------------------------
[ 2020/09/25 17:06:53 ] Finished: cStatus should now be open.
------------------------------------------------------------------------------------------


                                            ./
                                          (o o)
--------------------------------------oOOo-(-)-oOOo--------------------------------------

[ 2020/11/08 20:52:42 ] DATE:                        2020/11/08 20:52:42
[ 2020/11/08 20:52:42 ] PROGRAM:                     Resolute 10.0.0.62
[ 2020/11/08 20:52:42 ] PROGRAM PATH:                [C:\Users\Venom\Documents\GitHub\Resolute\Resolute_X64.exe]
[ 2020/11/08 20:52:42 ] COMPILED:                    YES
[ 2020/11/08 20:52:42 ] WINDOWS VERSION:             WIN_10 
[ 2020/11/08 20:52:42 ] SYSTEM TYPE:                 64-Bit Operating System
[ 2020/11/08 20:52:42 ] MEMORY (RAM):                16302.97 MB
[ 2020/11/08 20:52:42 ] PROGRAM FILES DIRECTORY:     C:\Program Files
[ 2020/11/08 20:52:42 ] WINDOWS DIRECTORY:           C:\Windows
-----------------------------------------------------------------------------------------

[ 2020/11/08 20:52:52 ] Opening cStatus.
------------------------------------------------------------------------------------------
[ 2020/11/08 20:52:53 ] Finished: cStatus should now be open.
------------------------------------------------------------------------------------------


                                            ./
                                          (o o)
--------------------------------------oOOo-(-)-oOOo--------------------------------------

[ 2021/01/26 11:07:21 ] DATE:                        2021/01/26 11:07:21
[ 2021/01/26 11:07:21 ] PROGRAM:                     Resolute 10.0.0.62
[ 2021/01/26 11:07:21 ] PROGRAM PATH:                [C:\Users\Venom\Documents\GitHub\Resolute\Resolute_X64.exe]
[ 2021/01/26 11:07:21 ] COMPILED:                    YES
[ 2021/01/26 11:07:21 ] WINDOWS VERSION:             WIN_10 
[ 2021/01/26 11:07:22 ] SYSTEM TYPE:                 64-Bit Operating System
[ 2021/01/26 11:07:22 ] MEMORY (RAM):                16302.97 MB
[ 2021/01/26 11:07:22 ] PROGRAM FILES DIRECTORY:     C:\Program Files
[ 2021/01/26 11:07:22 ] WINDOWS DIRECTORY:           C:\WINDOWS
-----------------------------------------------------------------------------------------

[ 2021/01/26 11:07:32 ] Opening cStatus.
------------------------------------------------------------------------------------------
[ 2021/01/26 11:07:32 ] Finished: cStatus should now be open.
------------------------------------------------------------------------------------------


                                            ./
                                          (o o)
--------------------------------------oOOo-(-)-oOOo--------------------------------------

[ 2021/01/26 11:08:22 ] DATE:                        2021/01/26 11:08:22
[ 2021/01/26 11:08:22 ] PROGRAM:                     Resolute 10.0.0.62
[ 2021/01/26 11:08:22 ] PROGRAM PATH:                [C:\Users\Venom\Documents\GitHub\Resolute\Resolute_X64.exe]
[ 2021/01/26 11:08:22 ] COMPILED:                    YES
[ 2021/01/26 11:08:22 ] WINDOWS VERSION:             WIN_10 
[ 2021/01/26 11:08:22 ] SYSTEM TYPE:                 64-Bit Operating System
[ 2021/01/26 11:08:22 ] MEMORY (RAM):                16302.97 MB
[ 2021/01/26 11:08:22 ] PROGRAM FILES DIRECTORY:     C:\Program Files
[ 2021/01/26 11:08:22 ] WINDOWS DIRECTORY:           C:\WINDOWS
-----------------------------------------------------------------------------------------

[ 2021/01/26 11:08:27 ] Opening SoftPerfect Network Scanner.
------------------------------------------------------------------------------------------
[ 2021/01/26 11:08:27 ] Finished: SoftPerfect Network Scanner should now be open.
------------------------------------------------------------------------------------------


                                            ./
                                          (o o)
--------------------------------------oOOo-(-)-oOOo--------------------------------------

[ 2021/01/26 12:11:36 ] DATE:                        2021/01/26 12:11:36
[ 2021/01/26 12:11:36 ] PROGRAM:                     Resolute 10.0.0.65
[ 2021/01/26 12:11:36 ] PROGRAM PATH:                [C:\Users\Venom\Documents\GitHub\Resolute\Resolute_X64.exe]
[ 2021/01/26 12:11:36 ] COMPILED:                    YES
[ 2021/01/26 12:11:36 ] WINDOWS VERSION:             WIN_10 
[ 2021/01/26 12:11:36 ] SYSTEM TYPE:                 64-Bit Operating System
[ 2021/01/26 12:11:36 ] MEMORY (RAM):                16302.97 MB
[ 2021/01/26 12:11:36 ] PROGRAM FILES DIRECTORY:     C:\Program Files
[ 2021/01/26 12:11:36 ] WINDOWS DIRECTORY:           C:\WINDOWS
-----------------------------------------------------------------------------------------



                                            ./
                                          (o o)
--------------------------------------oOOo-(-)-oOOo--------------------------------------

[ 2021/01/26 12:17:30 ] DATE:                        2021/01/26 12:17:30
[ 2021/01/26 12:17:30 ] PROGRAM:                     Resolute 10.0.0.67
[ 2021/01/26 12:17:30 ] PROGRAM PATH:                [C:\Users\Venom\Documents\GitHub\Resolute\Resolute_X64.exe]
[ 2021/01/26 12:17:30 ] COMPILED:                    YES
[ 2021/01/26 12:17:30 ] WINDOWS VERSION:             WIN_10 
[ 2021/01/26 12:17:30 ] SYSTEM TYPE:                 64-Bit Operating System
[ 2021/01/26 12:17:30 ] MEMORY (RAM):                16302.97 MB
[ 2021/01/26 12:17:30 ] PROGRAM FILES DIRECTORY:     C:\Program Files
[ 2021/01/26 12:17:30 ] WINDOWS DIRECTORY:           C:\WINDOWS
-----------------------------------------------------------------------------------------



                                            ./
                                          (o o)
--------------------------------------oOOo-(-)-oOOo--------------------------------------

[ 2021/01/26 12:21:35 ] DATE:                        2021/01/26 12:21:35
[ 2021/01/26 12:21:35 ] PROGRAM:                     Resolute 10.0.0.67
[ 2021/01/26 12:21:35 ] PROGRAM PATH:                [C:\Users\Venom\Documents\GitHub\Resolute\Resolute_X64.exe]
[ 2021/01/26 12:21:35 ] COMPILED:                    YES
[ 2021/01/26 12:21:35 ] WINDOWS VERSION:             WIN_10 
[ 2021/01/26 12:21:35 ] SYSTEM TYPE:                 64-Bit Operating System
[ 2021/01/26 12:21:35 ] MEMORY (RAM):                16302.97 MB
[ 2021/01/26 12:21:35 ] PROGRAM FILES DIRECTORY:     C:\Program Files
[ 2021/01/26 12:21:35 ] WINDOWS DIRECTORY:           C:\WINDOWS
-----------------------------------------------------------------------------------------



                                            ./
                                          (o o)
--------------------------------------oOOo-(-)-oOOo--------------------------------------

[ 2021/01/26 12:58:33 ] DATE:                        2021/01/26 12:58:33
[ 2021/01/26 12:58:33 ] PROGRAM:                     Resolute 21.0.0.69
[ 2021/01/26 12:58:33 ] PROGRAM PATH:                [C:\Users\Venom\Documents\GitHub\Resolute\Resolute_X64.exe]
[ 2021/01/26 12:58:33 ] COMPILED:                    YES
[ 2021/01/26 12:58:33 ] WINDOWS VERSION:             WIN_10 
[ 2021/01/26 12:58:33 ] SYSTEM TYPE:                 64-Bit Operating System
[ 2021/01/26 12:58:33 ] MEMORY (RAM):                16302.97 MB
[ 2021/01/26 12:58:33 ] PROGRAM FILES DIRECTORY:     C:\Program Files
[ 2021/01/26 12:58:33 ] WINDOWS DIRECTORY:           C:\WINDOWS
-----------------------------------------------------------------------------------------



                                            ./
                                          (o o)
--------------------------------------oOOo-(-)-oOOo--------------------------------------

[ 2021/01/26 12:59:03 ] DATE:                        2021/01/26 12:59:03
[ 2021/01/26 12:59:03 ] PROGRAM:                     Resolute 21.0.0.70
[ 2021/01/26 12:59:03 ] PROGRAM PATH:                [C:\Users\Venom\Documents\GitHub\Resolute\Resolute_X64.exe]
[ 2021/01/26 12:59:03 ] COMPILED:                    YES
[ 2021/01/26 12:59:03 ] WINDOWS VERSION:             WIN_10 
[ 2021/01/26 12:59:03 ] SYSTEM TYPE:                 64-Bit Operating System
[ 2021/01/26 12:59:03 ] MEMORY (RAM):                16302.97 MB
[ 2021/01/26 12:59:03 ] PROGRAM FILES DIRECTORY:     C:\Program Files
[ 2021/01/26 12:59:03 ] WINDOWS DIRECTORY:           C:\WINDOWS
-----------------------------------------------------------------------------------------



                                            ./
                                          (o o)
--------------------------------------oOOo-(-)-oOOo--------------------------------------

[ 2021/01/26 13:06:13 ] DATE:                        2021/01/26 13:06:13
[ 2021/01/26 13:06:13 ] PROGRAM:                     Resolute 21.0.0.73
[ 2021/01/26 13:06:13 ] PROGRAM PATH:                [C:\Users\Venom\Documents\GitHub\Resolute\Resolute_X64.exe]
[ 2021/01/26 13:06:13 ] COMPILED:                    YES
[ 2021/01/26 13:06:13 ] WINDOWS VERSION:             WIN_10 
[ 2021/01/26 13:06:13 ] SYSTEM TYPE:                 64-Bit Operating System
[ 2021/01/26 13:06:13 ] MEMORY (RAM):                16302.97 MB
[ 2021/01/26 13:06:13 ] PROGRAM FILES DIRECTORY:     C:\Program Files
[ 2021/01/26 13:06:13 ] WINDOWS DIRECTORY:           C:\WINDOWS
-----------------------------------------------------------------------------------------



                                            ./
                                          (o o)
--------------------------------------oOOo-(-)-oOOo--------------------------------------

[ 2021/01/26 13:09:07 ] DATE:                        2021/01/26 13:09:07
[ 2021/01/26 13:09:07 ] PROGRAM:                     Resolute 21.0.0.74
[ 2021/01/26 13:09:07 ] PROGRAM PATH:                [C:\Users\Venom\Documents\GitHub\Resolute\Resolute_X64.exe]
[ 2021/01/26 13:09:07 ] COMPILED:                    YES
[ 2021/01/26 13:09:07 ] WINDOWS VERSION:             WIN_10 
[ 2021/01/26 13:09:07 ] SYSTEM TYPE:                 64-Bit Operating System
[ 2021/01/26 13:09:07 ] MEMORY (RAM):                16302.97 MB
[ 2021/01/26 13:09:07 ] PROGRAM FILES DIRECTORY:     C:\Program Files
[ 2021/01/26 13:09:07 ] WINDOWS DIRECTORY:           C:\WINDOWS
-----------------------------------------------------------------------------------------



                                            ./
                                          (o o)
--------------------------------------oOOo-(-)-oOOo--------------------------------------

[ 2021/01/26 13:18:26 ] DATE:                        2021/01/26 13:18:26
[ 2021/01/26 13:18:26 ] PROGRAM:                     Resolute 21.0.0.75
[ 2021/01/26 13:18:26 ] PROGRAM PATH:                [C:\Users\Venom\Documents\GitHub\Resolute\Resolute_X64.exe]
[ 2021/01/26 13:18:26 ] COMPILED:                    YES
[ 2021/01/26 13:18:26 ] WINDOWS VERSION:             WIN_10 
[ 2021/01/26 13:18:26 ] SYSTEM TYPE:                 64-Bit Operating System
[ 2021/01/26 13:18:26 ] MEMORY (RAM):                16302.97 MB
[ 2021/01/26 13:18:26 ] PROGRAM FILES DIRECTORY:     C:\Program Files
[ 2021/01/26 13:18:26 ] WINDOWS DIRECTORY:           C:\WINDOWS
-----------------------------------------------------------------------------------------



                                            ./
                                          (o o)
--------------------------------------oOOo-(-)-oOOo--------------------------------------

[ 2021/01/26 13:19:01 ] DATE:                        2021/01/26 13:19:01
[ 2021/01/26 13:19:01 ] PROGRAM:                     Resolute 21.0.0.76
[ 2021/01/26 13:19:01 ] PROGRAM PATH:                [C:\Users\Venom\Documents\GitHub\Resolute\Resolute_X64.exe]
[ 2021/01/26 13:19:01 ] COMPILED:                    YES
[ 2021/01/26 13:19:01 ] WINDOWS VERSION:             WIN_10 
[ 2021/01/26 13:19:01 ] SYSTEM TYPE:                 64-Bit Operating System
[ 2021/01/26 13:19:01 ] MEMORY (RAM):                16302.97 MB
[ 2021/01/26 13:19:01 ] PROGRAM FILES DIRECTORY:     C:\Program Files
[ 2021/01/26 13:19:01 ] WINDOWS DIRECTORY:           C:\WINDOWS
-----------------------------------------------------------------------------------------



                                            ./
                                          (o o)
--------------------------------------oOOo-(-)-oOOo--------------------------------------

[ 2021/01/26 13:21:43 ] DATE:                        2021/01/26 13:21:43
[ 2021/01/26 13:21:43 ] PROGRAM:                     Resolute 21.0.0.77
[ 2021/01/26 13:21:43 ] PROGRAM PATH:                [C:\Users\Venom\Documents\GitHub\Resolute\Resolute_X64.exe]
[ 2021/01/26 13:21:43 ] COMPILED:                    YES
[ 2021/01/26 13:21:43 ] WINDOWS VERSION:             WIN_10 
[ 2021/01/26 13:21:43 ] SYSTEM TYPE:                 64-Bit Operating System
[ 2021/01/26 13:21:43 ] MEMORY (RAM):                16302.97 MB
[ 2021/01/26 13:21:43 ] PROGRAM FILES DIRECTORY:     C:\Program Files
[ 2021/01/26 13:21:43 ] WINDOWS DIRECTORY:           C:\WINDOWS
-----------------------------------------------------------------------------------------



                                            ./
                                          (o o)
--------------------------------------oOOo-(-)-oOOo--------------------------------------

[ 2021/01/26 13:24:28 ] DATE:                        2021/01/26 13:24:28
[ 2021/01/26 13:24:28 ] PROGRAM:                     Resolute 21.0.0.79
[ 2021/01/26 13:24:28 ] PROGRAM PATH:                [C:\Users\Venom\Documents\GitHub\Resolute\Resolute_X64.exe]
[ 2021/01/26 13:24:28 ] COMPILED:                    YES
[ 2021/01/26 13:24:28 ] WINDOWS VERSION:             WIN_10 
[ 2021/01/26 13:24:28 ] SYSTEM TYPE:                 64-Bit Operating System
[ 2021/01/26 13:24:28 ] MEMORY (RAM):                16302.97 MB
[ 2021/01/26 13:24:28 ] PROGRAM FILES DIRECTORY:     C:\Program Files
[ 2021/01/26 13:24:28 ] WINDOWS DIRECTORY:           C:\WINDOWS
-----------------------------------------------------------------------------------------



                                            ./
                                          (o o)
--------------------------------------oOOo-(-)-oOOo--------------------------------------

[ 2021/01/26 13:25:58 ] DATE:                        2021/01/26 13:25:57
[ 2021/01/26 13:25:58 ] PROGRAM:                     Resolute 21.0.0.80
[ 2021/01/26 13:25:58 ] PROGRAM PATH:                [C:\Users\Venom\Documents\GitHub\Resolute\Resolute_X64.exe]
[ 2021/01/26 13:25:58 ] COMPILED:                    YES
[ 2021/01/26 13:25:58 ] WINDOWS VERSION:             WIN_10 
[ 2021/01/26 13:25:58 ] SYSTEM TYPE:                 64-Bit Operating System
[ 2021/01/26 13:25:58 ] MEMORY (RAM):                16302.97 MB
[ 2021/01/26 13:25:58 ] PROGRAM FILES DIRECTORY:     C:\Program Files
[ 2021/01/26 13:25:58 ] WINDOWS DIRECTORY:           C:\WINDOWS
-----------------------------------------------------------------------------------------



                                            ./
                                          (o o)
--------------------------------------oOOo-(-)-oOOo--------------------------------------

[ 2021/01/26 13:27:34 ] DATE:                        2021/01/26 13:27:34
[ 2021/01/26 13:27:34 ] PROGRAM:                     Resolute 21.0.0.81
[ 2021/01/26 13:27:34 ] PROGRAM PATH:                [C:\Users\Venom\Documents\GitHub\Resolute\Resolute_X64.exe]
[ 2021/01/26 13:27:34 ] COMPILED:                    YES
[ 2021/01/26 13:27:34 ] WINDOWS VERSION:             WIN_10 
[ 2021/01/26 13:27:34 ] SYSTEM TYPE:                 64-Bit Operating System
[ 2021/01/26 13:27:34 ] MEMORY (RAM):                16302.97 MB
[ 2021/01/26 13:27:34 ] PROGRAM FILES DIRECTORY:     C:\Program Files
[ 2021/01/26 13:27:34 ] WINDOWS DIRECTORY:           C:\WINDOWS
-----------------------------------------------------------------------------------------



                                            ./
                                          (o o)
--------------------------------------oOOo-(-)-oOOo--------------------------------------

[ 2021/02/26 15:50:58 ] DATE:                        2021/02/26 15:50:58
[ 2021/02/26 15:50:58 ] PROGRAM:                     Resolute 21.0.0.81
[ 2021/02/26 15:50:58 ] PROGRAM PATH:                [C:\Users\Venom\Documents\GitHub\Resolute\Resolute_X64.exe]
[ 2021/02/26 15:50:58 ] COMPILED:                    YES
[ 2021/02/26 15:50:58 ] WINDOWS VERSION:             WIN_10 
[ 2021/02/26 15:50:58 ] SYSTEM TYPE:                 64-Bit Operating System
[ 2021/02/26 15:50:58 ] MEMORY (RAM):                16302.97 MB
[ 2021/02/26 15:50:59 ] PROGRAM FILES DIRECTORY:     C:\Program Files
[ 2021/02/26 15:50:59 ] WINDOWS DIRECTORY:           C:\WINDOWS
-----------------------------------------------------------------------------------------



                                            ./
                                          (o o)
--------------------------------------oOOo-(-)-oOOo--------------------------------------

[ 2021/03/01 21:14:41 ] DATE:                        2021/03/01 21:14:41
[ 2021/03/01 21:14:41 ] PROGRAM:                     Resolute 21.0.0.81
[ 2021/03/01 21:14:41 ] PROGRAM PATH:                [C:\Users\Venom\Documents\GitHub\Resolute\Resolute_X64.exe]
[ 2021/03/01 21:14:41 ] COMPILED:                    YES
[ 2021/03/01 21:14:41 ] WINDOWS VERSION:             WIN_10 
[ 2021/03/01 21:14:41 ] SYSTEM TYPE:                 64-Bit Operating System
[ 2021/03/01 21:14:41 ] MEMORY (RAM):                16302.97 MB
[ 2021/03/01 21:14:41 ] PROGRAM FILES DIRECTORY:     C:\Program Files
[ 2021/03/01 21:14:41 ] WINDOWS DIRECTORY:           C:\WINDOWS
-----------------------------------------------------------------------------------------



                                            ./
                                          (o o)
--------------------------------------oOOo-(-)-oOOo--------------------------------------

[ 2021/03/01 21:17:46 ] DATE:                        2021/03/01 21:17:46
[ 2021/03/01 21:17:46 ] PROGRAM:                     Resolute 21.0.0.81
[ 2021/03/01 21:17:46 ] PROGRAM PATH:                [C:\Users\Venom\Documents\GitHub\Resolute\Resolute_X64.exe]
[ 2021/03/01 21:17:46 ] COMPILED:                    YES
[ 2021/03/01 21:17:46 ] WINDOWS VERSION:             WIN_10 
[ 2021/03/01 21:17:46 ] SYSTEM TYPE:                 64-Bit Operating System
[ 2021/03/01 21:17:46 ] MEMORY (RAM):                16302.97 MB
[ 2021/03/01 21:17:46 ] PROGRAM FILES DIRECTORY:     C:\Program Files
[ 2021/03/01 21:17:46 ] WINDOWS DIRECTORY:           C:\WINDOWS
-----------------------------------------------------------------------------------------



                                            ./
                                          (o o)
--------------------------------------oOOo-(-)-oOOo--------------------------------------

[ 2021/11/01 20:04:45 ] DATE:                        2021/11/01 20:04:45
[ 2021/11/01 20:04:45 ] PROGRAM:                     Resolute 21.0.0.83
[ 2021/11/01 20:04:45 ] PROGRAM PATH:                [D:\Backup\GitHub\Resolute\Resolute_X64.exe]
[ 2021/11/01 20:04:45 ] COMPILED:                    YES
[ 2021/11/01 20:04:45 ] WINDOWS VERSION:             WIN_10 
[ 2021/11/01 20:04:45 ] SYSTEM TYPE:                 64-Bit Operating System
[ 2021/11/01 20:04:45 ] MEMORY (RAM):                16302.97 MB
[ 2021/11/01 20:04:45 ] PROGRAM FILES DIRECTORY:     C:\Program Files
[ 2021/11/01 20:04:45 ] WINDOWS DIRECTORY:           C:\WINDOWS
-----------------------------------------------------------------------------------------



                                            ./
                                          (o o)
--------------------------------------oOOo-(-)-oOOo--------------------------------------

[ 2022/10/02 16:22:16 ] DATE:                        2022/10/02 16:22:16
[ 2022/10/02 16:22:16 ] PROGRAM:                     Resolute 21.0.0.83
[ 2022/10/02 16:22:16 ] PROGRAM PATH:                [C:\GitHub\Resolute\Resolute_X64.exe]
[ 2022/10/02 16:22:16 ] COMPILED:                    YES
[ 2022/10/02 16:22:16 ] WINDOWS VERSION:             WIN_10 
[ 2022/10/02 16:22:16 ] SYSTEM TYPE:                 64-Bit Operating System
[ 2022/10/02 16:22:16 ] MEMORY (RAM):                32605.47 MB
[ 2022/10/02 16:22:16 ] PROGRAM FILES DIRECTORY:     C:\Program Files
[ 2022/10/02 16:22:16 ] WINDOWS DIRECTORY:           C:\Windows
-----------------------------------------------------------------------------------------



                                            ./
                                          (o o)
--------------------------------------oOOo-(-)-oOOo--------------------------------------

[ 2022/10/03 07:45:46 ] DATE:                        2022/10/03 07:45:46
[ 2022/10/03 07:45:46 ] PROGRAM:                     Resolute 21.0.0.83
[ 2022/10/03 07:45:46 ] PROGRAM PATH:                [C:\GitHub\Resolute\Resolute_X64.exe]
[ 2022/10/03 07:45:46 ] COMPILED:                    YES
[ 2022/10/03 07:45:46 ] WINDOWS VERSION:             WIN_10 
[ 2022/10/03 07:45:46 ] SYSTEM TYPE:                 64-Bit Operating System
[ 2022/10/03 07:45:46 ] MEMORY (RAM):                32605.47 MB
[ 2022/10/03 07:45:46 ] PROGRAM FILES DIRECTORY:     C:\Program Files
[ 2022/10/03 07:45:46 ] WINDOWS DIRECTORY:           C:\Windows
-----------------------------------------------------------------------------------------



                                            ./
                                          (o o)
--------------------------------------oOOo-(-)-oOOo--------------------------------------

[ 2022/10/28 08:00:17 ] DATE:                        2022/10/28 08:00:17
[ 2022/10/28 08:00:17 ] PROGRAM:                     Resolute 21.0.0.83
[ 2022/10/28 08:00:17 ] PROGRAM PATH:                [C:\GitHub\Resolute\Resolute_X64.exe]
[ 2022/10/28 08:00:17 ] COMPILED:                    YES
[ 2022/10/28 08:00:17 ] WINDOWS VERSION:             WIN_10 
[ 2022/10/28 08:00:17 ] SYSTEM TYPE:                 64-Bit Operating System
[ 2022/10/28 08:00:17 ] MEMORY (RAM):                32605.47 MB
[ 2022/10/28 08:00:17 ] PROGRAM FILES DIRECTORY:     C:\Program Files
[ 2022/10/28 08:00:17 ] WINDOWS DIRECTORY:           C:\Windows
-----------------------------------------------------------------------------------------



                                            ./
                                          (o o)
--------------------------------------oOOo-(-)-oOOo--------------------------------------

[ 2022/10/28 08:05:26 ] DATE:                        2022/10/28 08:05:26
[ 2022/10/28 08:05:26 ] PROGRAM:                     Resolute 21.0.0.83
[ 2022/10/28 08:05:26 ] PROGRAM PATH:                [C:\GitHub\Resolute\Resolute_X64.exe]
[ 2022/10/28 08:05:26 ] COMPILED:                    YES
[ 2022/10/28 08:05:26 ] WINDOWS VERSION:             WIN_10 
[ 2022/10/28 08:05:26 ] SYSTEM TYPE:                 64-Bit Operating System
[ 2022/10/28 08:05:26 ] MEMORY (RAM):                32605.47 MB
[ 2022/10/28 08:05:26 ] PROGRAM FILES DIRECTORY:     C:\Program Files
[ 2022/10/28 08:05:26 ] WINDOWS DIRECTORY:           C:\Windows
-----------------------------------------------------------------------------------------



                                            ./
                                          (o o)
--------------------------------------oOOo-(-)-oOOo--------------------------------------

[ 2022/10/28 08:07:27 ] DATE:                        2022/10/28 08:07:27
[ 2022/10/28 08:07:27 ] PROGRAM:                     Resolute 21.0.0.83
[ 2022/10/28 08:07:27 ] PROGRAM PATH:                [C:\GitHub\Resolute\Resolute_X64.exe]
[ 2022/10/28 08:07:27 ] COMPILED:                    YES
[ 2022/10/28 08:07:28 ] WINDOWS VERSION:             WIN_10 
[ 2022/10/28 08:07:28 ] SYSTEM TYPE:                 64-Bit Operating System
[ 2022/10/28 08:07:28 ] MEMORY (RAM):                32605.47 MB
[ 2022/10/28 08:07:28 ] PROGRAM FILES DIRECTORY:     C:\Program Files
[ 2022/10/28 08:07:28 ] WINDOWS DIRECTORY:           C:\Windows
-----------------------------------------------------------------------------------------

