=========================================================================================
 RIZONESOFT LOGGING VERSION 2.0
=========================================================================================


                                            ./
                                          (o o)
--------------------------------------oOOo-(-)-oOOo--------------------------------------

[ 11/12/2017 00:13:38 ] DATE:                        11/12/2017 00:13:38
[ 11/12/2017 00:13:38 ] PROGRAM:                     Firemin 6.0.0.4621
[ 11/12/2017 00:13:38 ] PROGRAM PATH:                [D:\Rizonesoft\SDK\Concrete\Firemin\Firemin_X64.exe]
[ 11/12/2017 00:13:38 ] COMPILED:                    YES
[ 11/12/2017 00:13:38 ] WINDOWS VERSION:             WIN_10 
[ 11/12/2017 00:13:38 ] SYSTEM TYPE:                 64-Bit Operating System
[ 11/12/2017 00:13:38 ] MEMORY (RAM):                8157.89 MB
[ 11/12/2017 00:13:38 ] PROGRAM FILES DIRECTORY:     C:\Program Files
[ 11/12/2017 00:13:38 ] WINDOWS DIRECTORY:           C:\Windows
-----------------------------------------------------------------------------------------



                                            ./
                                          (o o)
--------------------------------------oOOo-(-)-oOOo--------------------------------------

[ 11/12/2017 00:15:47 ] DATE:                        11/12/2017 00:15:47
[ 11/12/2017 00:15:47 ] PROGRAM:                     Firemin 6.0.0.4622
[ 11/12/2017 00:15:47 ] PROGRAM PATH:                [D:\Rizonesoft\SDK\Concrete\Firemin\Firemin_X64.exe]
[ 11/12/2017 00:15:47 ] COMPILED:                    YES
[ 11/12/2017 00:15:47 ] WINDOWS VERSION:             WIN_10 
[ 11/12/2017 00:15:47 ] SYSTEM TYPE:                 64-Bit Operating System
[ 11/12/2017 00:15:47 ] MEMORY (RAM):                8157.89 MB
[ 11/12/2017 00:15:47 ] PROGRAM FILES DIRECTORY:     C:\Program Files
[ 11/12/2017 00:15:47 ] WINDOWS DIRECTORY:           C:\Windows
-----------------------------------------------------------------------------------------



                                            ./
                                          (o o)
--------------------------------------oOOo-(-)-oOOo--------------------------------------

[ 11/12/2017 00:17:21 ] DATE:                        11/12/2017 00:17:21
[ 11/12/2017 00:17:21 ] PROGRAM:                     Firemin 6.0.0.4623
[ 11/12/2017 00:17:21 ] PROGRAM PATH:                [D:\Rizonesoft\SDK\Concrete\Firemin\Firemin_X64.exe]
[ 11/12/2017 00:17:21 ] COMPILED:                    YES
[ 11/12/2017 00:17:21 ] WINDOWS VERSION:             WIN_10 
[ 11/12/2017 00:17:21 ] SYSTEM TYPE:                 64-Bit Operating System
[ 11/12/2017 00:17:21 ] MEMORY (RAM):                8157.89 MB
[ 11/12/2017 00:17:21 ] PROGRAM FILES DIRECTORY:     C:\Program Files
[ 11/12/2017 00:17:21 ] WINDOWS DIRECTORY:           C:\Windows
-----------------------------------------------------------------------------------------



                                            ./
                                          (o o)
--------------------------------------oOOo-(-)-oOOo--------------------------------------

[ 11/12/2017 00:22:22 ] DATE:                        11/12/2017 00:22:22
[ 11/12/2017 00:22:22 ] PROGRAM:                     Firemin 6.0.0.4624
[ 11/12/2017 00:22:22 ] PROGRAM PATH:                [D:\Rizonesoft\SDK\Concrete\Firemin\Firemin_X64.exe]
[ 11/12/2017 00:22:22 ] COMPILED:                    YES
[ 11/12/2017 00:22:22 ] WINDOWS VERSION:             WIN_10 
[ 11/12/2017 00:22:22 ] SYSTEM TYPE:                 64-Bit Operating System
[ 11/12/2017 00:22:22 ] MEMORY (RAM):                8157.89 MB
[ 11/12/2017 00:22:22 ] PROGRAM FILES DIRECTORY:     C:\Program Files
[ 11/12/2017 00:22:22 ] WINDOWS DIRECTORY:           C:\Windows
-----------------------------------------------------------------------------------------



                                            ./
                                          (o o)
--------------------------------------oOOo-(-)-oOOo--------------------------------------

[ 11/12/2017 00:22:33 ] DATE:                        11/12/2017 00:22:33
[ 11/12/2017 00:22:33 ] PROGRAM:                     Firemin 6.0.0.4624
[ 11/12/2017 00:22:33 ] PROGRAM PATH:                [D:\Rizonesoft\SDK\Concrete\Firemin\Firemin_X64.exe]
[ 11/12/2017 00:22:33 ] COMPILED:                    YES
[ 11/12/2017 00:22:33 ] WINDOWS VERSION:             WIN_10 
[ 11/12/2017 00:22:33 ] SYSTEM TYPE:                 64-Bit Operating System
[ 11/12/2017 00:22:33 ] MEMORY (RAM):                8157.89 MB
[ 11/12/2017 00:22:33 ] PROGRAM FILES DIRECTORY:     C:\Program Files
[ 11/12/2017 00:22:33 ] WINDOWS DIRECTORY:           C:\Windows
-----------------------------------------------------------------------------------------



                                            ./
                                          (o o)
--------------------------------------oOOo-(-)-oOOo--------------------------------------

[ 11/12/2017 00:22:54 ] DATE:                        11/12/2017 00:22:54
[ 11/12/2017 00:22:54 ] PROGRAM:                     Firemin 6.0.0.4624
[ 11/12/2017 00:22:54 ] PROGRAM PATH:                [D:\Rizonesoft\SDK\Concrete\Firemin\Firemin_X64.exe]
[ 11/12/2017 00:22:54 ] COMPILED:                    YES
[ 11/12/2017 00:22:54 ] WINDOWS VERSION:             WIN_10 
[ 11/12/2017 00:22:54 ] SYSTEM TYPE:                 64-Bit Operating System
[ 11/12/2017 00:22:54 ] MEMORY (RAM):                8157.89 MB
[ 11/12/2017 00:22:54 ] PROGRAM FILES DIRECTORY:     C:\Program Files
[ 11/12/2017 00:22:54 ] WINDOWS DIRECTORY:           C:\Windows
-----------------------------------------------------------------------------------------



                                            ./
                                          (o o)
--------------------------------------oOOo-(-)-oOOo--------------------------------------

[ 11/12/2017 00:23:02 ] DATE:                        11/12/2017 00:23:02
[ 11/12/2017 00:23:02 ] PROGRAM:                     Firemin 6.0.0.4624
[ 11/12/2017 00:23:02 ] PROGRAM PATH:                [D:\Rizonesoft\SDK\Concrete\Firemin\Firemin_X64.exe]
[ 11/12/2017 00:23:02 ] COMPILED:                    YES
[ 11/12/2017 00:23:02 ] WINDOWS VERSION:             WIN_10 
[ 11/12/2017 00:23:02 ] SYSTEM TYPE:                 64-Bit Operating System
[ 11/12/2017 00:23:02 ] MEMORY (RAM):                8157.89 MB
[ 11/12/2017 00:23:02 ] PROGRAM FILES DIRECTORY:     C:\Program Files
[ 11/12/2017 00:23:02 ] WINDOWS DIRECTORY:           C:\Windows
-----------------------------------------------------------------------------------------



                                            ./
                                          (o o)
--------------------------------------oOOo-(-)-oOOo--------------------------------------

[ 11/12/2017 00:25:33 ] DATE:                        11/12/2017 00:25:33
[ 11/12/2017 00:25:33 ] PROGRAM:                     Firemin 6.0.0.4625
[ 11/12/2017 00:25:33 ] PROGRAM PATH:                [D:\Rizonesoft\SDK\Concrete\Firemin\Firemin_X64.exe]
[ 11/12/2017 00:25:33 ] COMPILED:                    YES
[ 11/12/2017 00:25:33 ] WINDOWS VERSION:             WIN_10 
[ 11/12/2017 00:25:33 ] SYSTEM TYPE:                 64-Bit Operating System
[ 11/12/2017 00:25:33 ] MEMORY (RAM):                8157.89 MB
[ 11/12/2017 00:25:33 ] PROGRAM FILES DIRECTORY:     C:\Program Files
[ 11/12/2017 00:25:33 ] WINDOWS DIRECTORY:           C:\Windows
-----------------------------------------------------------------------------------------



                                            ./
                                          (o o)
--------------------------------------oOOo-(-)-oOOo--------------------------------------

[ 11/12/2017 00:25:41 ] DATE:                        11/12/2017 00:25:41
[ 11/12/2017 00:25:41 ] PROGRAM:                     Firemin 6.0.0.4625
[ 11/12/2017 00:25:41 ] PROGRAM PATH:                [D:\Rizonesoft\SDK\Concrete\Firemin\Firemin_X64.exe]
[ 11/12/2017 00:25:41 ] COMPILED:                    YES
[ 11/12/2017 00:25:41 ] WINDOWS VERSION:             WIN_10 
[ 11/12/2017 00:25:41 ] SYSTEM TYPE:                 64-Bit Operating System
[ 11/12/2017 00:25:41 ] MEMORY (RAM):                8157.89 MB
[ 11/12/2017 00:25:41 ] PROGRAM FILES DIRECTORY:     C:\Program Files
[ 11/12/2017 00:25:41 ] WINDOWS DIRECTORY:           C:\Windows
-----------------------------------------------------------------------------------------



                                            ./
                                          (o o)
--------------------------------------oOOo-(-)-oOOo--------------------------------------

[ 11/12/2017 00:32:16 ] DATE:                        11/12/2017 00:32:16
[ 11/12/2017 00:32:16 ] PROGRAM:                     Firemin 6.0.0.4626
[ 11/12/2017 00:32:16 ] PROGRAM PATH:                [D:\Rizonesoft\SDK\Concrete\Firemin\Firemin_X64.exe]
[ 11/12/2017 00:32:17 ] COMPILED:                    YES
[ 11/12/2017 00:32:17 ] WINDOWS VERSION:             WIN_10 
[ 11/12/2017 00:32:17 ] SYSTEM TYPE:                 64-Bit Operating System
[ 11/12/2017 00:32:17 ] MEMORY (RAM):                8157.89 MB
[ 11/12/2017 00:32:17 ] PROGRAM FILES DIRECTORY:     C:\Program Files
[ 11/12/2017 00:32:17 ] WINDOWS DIRECTORY:           C:\Windows
-----------------------------------------------------------------------------------------



                                            ./
                                          (o o)
--------------------------------------oOOo-(-)-oOOo--------------------------------------

[ 11/12/2017 00:34:55 ] DATE:                        11/12/2017 00:34:55
[ 11/12/2017 00:34:55 ] PROGRAM:                     Firemin 6.0.0.4627
[ 11/12/2017 00:34:55 ] PROGRAM PATH:                [D:\Rizonesoft\SDK\Concrete\Firemin\Firemin_X64.exe]
[ 11/12/2017 00:34:55 ] COMPILED:                    YES
[ 11/12/2017 00:34:55 ] WINDOWS VERSION:             WIN_10 
[ 11/12/2017 00:34:55 ] SYSTEM TYPE:                 64-Bit Operating System
[ 11/12/2017 00:34:55 ] MEMORY (RAM):                8157.89 MB
[ 11/12/2017 00:34:55 ] PROGRAM FILES DIRECTORY:     C:\Program Files
[ 11/12/2017 00:34:55 ] WINDOWS DIRECTORY:           C:\Windows
-----------------------------------------------------------------------------------------



                                            ./
                                          (o o)
--------------------------------------oOOo-(-)-oOOo--------------------------------------

[ 11/12/2017 00:36:27 ] DATE:                        11/12/2017 00:36:27
[ 11/12/2017 00:36:27 ] PROGRAM:                     Firemin 6.0.0.4628
[ 11/12/2017 00:36:27 ] PROGRAM PATH:                [D:\Rizonesoft\SDK\Concrete\Firemin\Firemin_X64.exe]
[ 11/12/2017 00:36:27 ] COMPILED:                    YES
[ 11/12/2017 00:36:27 ] WINDOWS VERSION:             WIN_10 
[ 11/12/2017 00:36:27 ] SYSTEM TYPE:                 64-Bit Operating System
[ 11/12/2017 00:36:27 ] MEMORY (RAM):                8157.89 MB
[ 11/12/2017 00:36:27 ] PROGRAM FILES DIRECTORY:     C:\Program Files
[ 11/12/2017 00:36:27 ] WINDOWS DIRECTORY:           C:\Windows
-----------------------------------------------------------------------------------------



                                            ./
                                          (o o)
--------------------------------------oOOo-(-)-oOOo--------------------------------------

[ 11/12/2017 00:40:43 ] DATE:                        11/12/2017 00:40:43
[ 11/12/2017 00:40:43 ] PROGRAM:                     Firemin 6.0.0.4629
[ 11/12/2017 00:40:43 ] PROGRAM PATH:                [D:\Rizonesoft\SDK\Concrete\Firemin\Firemin_X64.exe]
[ 11/12/2017 00:40:43 ] COMPILED:                    YES
[ 11/12/2017 00:40:43 ] WINDOWS VERSION:             WIN_10 
[ 11/12/2017 00:40:43 ] SYSTEM TYPE:                 64-Bit Operating System
[ 11/12/2017 00:40:43 ] MEMORY (RAM):                8157.89 MB
[ 11/12/2017 00:40:43 ] PROGRAM FILES DIRECTORY:     C:\Program Files
[ 11/12/2017 00:40:43 ] WINDOWS DIRECTORY:           C:\Windows
-----------------------------------------------------------------------------------------



                                            ./
                                          (o o)
--------------------------------------oOOo-(-)-oOOo--------------------------------------

[ 11/12/2017 00:44:17 ] DATE:                        11/12/2017 00:44:17
[ 11/12/2017 00:44:17 ] PROGRAM:                     Firemin 6.0.0.4630
[ 11/12/2017 00:44:17 ] PROGRAM PATH:                [D:\Rizonesoft\SDK\Concrete\Firemin\Firemin_X64.exe]
[ 11/12/2017 00:44:17 ] COMPILED:                    YES
[ 11/12/2017 00:44:17 ] WINDOWS VERSION:             WIN_10 
[ 11/12/2017 00:44:17 ] SYSTEM TYPE:                 64-Bit Operating System
[ 11/12/2017 00:44:17 ] MEMORY (RAM):                8157.89 MB
[ 11/12/2017 00:44:17 ] PROGRAM FILES DIRECTORY:     C:\Program Files
[ 11/12/2017 00:44:17 ] WINDOWS DIRECTORY:           C:\Windows
-----------------------------------------------------------------------------------------

