=========================================================================================
 RIZONESOFT LOGGING VERSION 2.0
=========================================================================================


                                            ./
                                          (o o)
--------------------------------------oOOo-(-)-oOOo--------------------------------------

[ 10/07/2023 22:59:15 ] DATE:                        10/07/2023 22:59:15
[ 10/07/2023 22:59:15 ] PROGRAM:                     USB Repair 11.2.3.2356
[ 10/07/2023 22:59:15 ] PROGRAM PATH:                [Z:\Resolute\Resolute\USBRepair_X64.exe]
[ 10/07/2023 22:59:15 ] COMPILED:                    YES
[ 10/07/2023 22:59:15 ] WINDOWS VERSION:             WIN_10 
[ 10/07/2023 22:59:15 ] SYSTEM TYPE:                 64-Bit Operating System
[ 10/07/2023 22:59:15 ] MEMORY (RAM):                32601.73 MB
[ 10/07/2023 22:59:15 ] PROGRAM FILES DIRECTORY:     C:\Program Files
[ 10/07/2023 22:59:15 ] WINDOWS DIRECTORY:           C:\WINDOWS
-----------------------------------------------------------------------------------------



                                            ./
                                          (o o)
--------------------------------------oOOo-(-)-oOOo--------------------------------------

[ 10/07/2023 23:06:34 ] DATE:                        10/07/2023 23:06:34
[ 10/07/2023 23:06:34 ] PROGRAM:                     USB Repair 11.2.3.2357
[ 10/07/2023 23:06:34 ] PROGRAM PATH:                [Z:\Resolute\Resolute\USBRepair_X64.exe]
[ 10/07/2023 23:06:34 ] COMPILED:                    YES
[ 10/07/2023 23:06:34 ] WINDOWS VERSION:             WIN_10 
[ 10/07/2023 23:06:34 ] SYSTEM TYPE:                 64-Bit Operating System
[ 10/07/2023 23:06:34 ] MEMORY (RAM):                32601.73 MB
[ 10/07/2023 23:06:34 ] PROGRAM FILES DIRECTORY:     C:\Program Files
[ 10/07/2023 23:06:34 ] WINDOWS DIRECTORY:           C:\WINDOWS
-----------------------------------------------------------------------------------------



                                            ./
                                          (o o)
--------------------------------------oOOo-(-)-oOOo--------------------------------------

[ 10/07/2023 23:07:28 ] DATE:                        10/07/2023 23:07:28
[ 10/07/2023 23:07:28 ] PROGRAM:                     USB Repair 11.2.3.2358
[ 10/07/2023 23:07:28 ] PROGRAM PATH:                [Z:\Resolute\Resolute\USBRepair_X64.exe]
[ 10/07/2023 23:07:28 ] COMPILED:                    YES
[ 10/07/2023 23:07:28 ] WINDOWS VERSION:             WIN_10 
[ 10/07/2023 23:07:28 ] SYSTEM TYPE:                 64-Bit Operating System
[ 10/07/2023 23:07:28 ] MEMORY (RAM):                32601.73 MB
[ 10/07/2023 23:07:28 ] PROGRAM FILES DIRECTORY:     C:\Program Files
[ 10/07/2023 23:07:28 ] WINDOWS DIRECTORY:           C:\WINDOWS
-----------------------------------------------------------------------------------------



                                            ./
                                          (o o)
--------------------------------------oOOo-(-)-oOOo--------------------------------------

[ 10/07/2023 23:07:59 ] DATE:                        10/07/2023 23:07:59
[ 10/07/2023 23:07:59 ] PROGRAM:                     USB Repair 11.2.3.2358
[ 10/07/2023 23:07:59 ] PROGRAM PATH:                [Z:\Resolute\Resolute\USBRepair_X64.exe]
[ 10/07/2023 23:07:59 ] COMPILED:                    YES
[ 10/07/2023 23:07:59 ] WINDOWS VERSION:             WIN_10 
[ 10/07/2023 23:07:59 ] SYSTEM TYPE:                 64-Bit Operating System
[ 10/07/2023 23:07:59 ] MEMORY (RAM):                32601.73 MB
[ 10/07/2023 23:07:59 ] PROGRAM FILES DIRECTORY:     C:\Program Files
[ 10/07/2023 23:07:59 ] WINDOWS DIRECTORY:           C:\WINDOWS
-----------------------------------------------------------------------------------------



                                            ./
                                          (o o)
--------------------------------------oOOo-(-)-oOOo--------------------------------------

[ 10/07/2023 23:14:17 ] DATE:                        10/07/2023 23:14:17
[ 10/07/2023 23:14:17 ] PROGRAM:                     USB Repair 11.2.3.2359
[ 10/07/2023 23:14:17 ] PROGRAM PATH:                [Z:\Resolute\Resolute\USBRepair_X64.exe]
[ 10/07/2023 23:14:17 ] COMPILED:                    YES
[ 10/07/2023 23:14:17 ] WINDOWS VERSION:             WIN_10 
[ 10/07/2023 23:14:17 ] SYSTEM TYPE:                 64-Bit Operating System
[ 10/07/2023 23:14:17 ] MEMORY (RAM):                32601.73 MB
[ 10/07/2023 23:14:17 ] PROGRAM FILES DIRECTORY:     C:\Program Files
[ 10/07/2023 23:14:17 ] WINDOWS DIRECTORY:           C:\WINDOWS
-----------------------------------------------------------------------------------------



                                            ./
                                          (o o)
--------------------------------------oOOo-(-)-oOOo--------------------------------------

[ 10/07/2023 23:16:57 ] DATE:                        10/07/2023 23:16:57
[ 10/07/2023 23:16:57 ] PROGRAM:                     USB Repair 11.2.3.2360
[ 10/07/2023 23:16:57 ] PROGRAM PATH:                [Z:\Resolute\Resolute\USBRepair_X64.exe]
[ 10/07/2023 23:16:57 ] COMPILED:                    YES
[ 10/07/2023 23:16:57 ] WINDOWS VERSION:             WIN_10 
[ 10/07/2023 23:16:57 ] SYSTEM TYPE:                 64-Bit Operating System
[ 10/07/2023 23:16:57 ] MEMORY (RAM):                32601.73 MB
[ 10/07/2023 23:16:57 ] PROGRAM FILES DIRECTORY:     C:\Program Files
[ 10/07/2023 23:16:57 ] WINDOWS DIRECTORY:           C:\WINDOWS
-----------------------------------------------------------------------------------------



                                            ./
                                          (o o)
--------------------------------------oOOo-(-)-oOOo--------------------------------------

[ 10/15/2023 14:57:23 ] DATE:                        10/15/2023 14:57:23
[ 10/15/2023 14:57:23 ] PROGRAM:                     USB Repair 11.2.3.2367
[ 10/15/2023 14:57:23 ] PROGRAM PATH:                [Z:\Resolute\Resolute\USBRepair_X64.exe]
[ 10/15/2023 14:57:23 ] COMPILED:                    YES
[ 10/15/2023 14:57:23 ] WINDOWS VERSION:             WIN_10 
[ 10/15/2023 14:57:23 ] SYSTEM TYPE:                 64-Bit Operating System
[ 10/15/2023 14:57:23 ] MEMORY (RAM):                32601.73 MB
[ 10/15/2023 14:57:23 ] PROGRAM FILES DIRECTORY:     C:\Program Files
[ 10/15/2023 14:57:23 ] WINDOWS DIRECTORY:           C:\WINDOWS
-----------------------------------------------------------------------------------------



                                            ./
                                          (o o)
--------------------------------------oOOo-(-)-oOOo--------------------------------------

[ 10/28/2023 17:43:41 ] DATE:                        10/28/2023 17:43:41
[ 10/28/2023 17:43:41 ] PROGRAM:                     USB Repair 11.2.3.2368
[ 10/28/2023 17:43:41 ] PROGRAM PATH:                [Z:\Resolute\Resolute\USBRepair_X64.exe]
[ 10/28/2023 17:43:41 ] COMPILED:                    YES
[ 10/28/2023 17:43:41 ] WINDOWS VERSION:             WIN_10 
[ 10/28/2023 17:43:41 ] SYSTEM TYPE:                 64-Bit Operating System
[ 10/28/2023 17:43:41 ] MEMORY (RAM):                32601.73 MB
[ 10/28/2023 17:43:41 ] PROGRAM FILES DIRECTORY:     C:\Program Files
[ 10/28/2023 17:43:41 ] WINDOWS DIRECTORY:           C:\WINDOWS
-----------------------------------------------------------------------------------------



                                            ./
                                          (o o)
--------------------------------------oOOo-(-)-oOOo--------------------------------------

[ 10/28/2023 17:43:48 ] DATE:                        10/28/2023 17:43:48
[ 10/28/2023 17:43:48 ] PROGRAM:                     USB Repair 11.2.3.2368
[ 10/28/2023 17:43:48 ] PROGRAM PATH:                [Z:\Resolute\Resolute\USBRepair_X64.exe]
[ 10/28/2023 17:43:48 ] COMPILED:                    YES
[ 10/28/2023 17:43:48 ] WINDOWS VERSION:             WIN_10 
[ 10/28/2023 17:43:48 ] SYSTEM TYPE:                 64-Bit Operating System
[ 10/28/2023 17:43:48 ] MEMORY (RAM):                32601.73 MB
[ 10/28/2023 17:43:48 ] PROGRAM FILES DIRECTORY:     C:\Program Files
[ 10/28/2023 17:43:48 ] WINDOWS DIRECTORY:           C:\WINDOWS
-----------------------------------------------------------------------------------------

